<?xml version="1.0" encoding="UTF-8" ?>
<testsuite errors="0" failures="0" hostname="TristanPC" name="edu.odu.cs.cs350.namex.TestPersonalName" skipped="0" tests="8" time="0.067" timestamp="2016-04-05T17:08:17">
  <properties>
    <property name="file.encoding.pkg" value="sun.io" />
    <property name="ivy.retrieve.pattern.ivy.instance" value="C:\Users\Tristan\git\Green3/lib/[artifact]-[revision](-[classifier]).[ext]" />
    <property name="java.vendor.url.ivy.instance" value="http://java.oracle.com/" />
    <property name="ivy.project.dir.ivy.instance" value="C:\Users\Tristan\git\Green3" />
    <property name="ivy.resolve.default.type.filter" value="*" />
    <property name="java.home" value="C:\Program Files\Java\jre1.8.0_73" />
    <property name="ivy.configurations.ivy.instance" value="*" />
    <property name="src.main" value="C:\Users\Tristan\git\Green3\src\main\java\edu\odu\cs\cs350\namex" />
    <property name="ivy.basedir.ivy.instance" value="C:\Users\Tristan\git\Green3" />
    <property name="ivy.dep.file.ivy.instance" value="ivy.xml" />
    <property name="java.endorsed.dirs" value="C:\Program Files\Java\jre1.8.0_73\lib\endorsed" />
    <property name="java.class.path.ivy.instance" value="C:\Users\Tristan\Documents\eclipse\plugins\org.apache.ant_1.9.4.v201504302020\lib\ant-antlr.jar;C:\Users\Tristan\Documents\eclipse\plugins\org.apache.ant_1.9.4.v201504302020\lib\ant-apache-bcel.jar;C:\Users\Tristan\Documents\eclipse\plugins\org.apache.ant_1.9.4.v201504302020\lib\ant-apache-bsf.jar;C:\Users\Tristan\Documents\eclipse\plugins\org.apache.ant_1.9.4.v201504302020\lib\ant-apache-log4j.jar;C:\Users\Tristan\Documents\eclipse\plugins\org.apache.ant_1.9.4.v201504302020\lib\ant-apache-oro.jar;C:\Users\Tristan\Documents\eclipse\plugins\org.apache.ant_1.9.4.v201504302020\lib\ant-apache-regexp.jar;C:\Users\Tristan\Documents\eclipse\plugins\org.apache.ant_1.9.4.v201504302020\lib\ant-apache-resolver.jar;C:\Users\Tristan\Documents\eclipse\plugins\org.apache.ant_1.9.4.v201504302020\lib\ant-apache-xalan2.jar;C:\Users\Tristan\Documents\eclipse\plugins\org.apache.ant_1.9.4.v201504302020\lib\ant-commons-logging.jar;C:\Users\Tristan\Documents\eclipse\plugins\org.apache.ant_1.9.4.v201504302020\lib\ant-commons-net.jar;C:\Users\Tristan\Documents\eclipse\plugins\org.apache.ant_1.9.4.v201504302020\lib\ant-jai.jar;C:\Users\Tristan\Documents\eclipse\plugins\org.apache.ant_1.9.4.v201504302020\lib\ant-javamail.jar;C:\Users\Tristan\Documents\eclipse\plugins\org.apache.ant_1.9.4.v201504302020\lib\ant-jdepend.jar;C:\Users\Tristan\Documents\eclipse\plugins\org.apache.ant_1.9.4.v201504302020\lib\ant-jmf.jar;C:\Users\Tristan\Documents\eclipse\plugins\org.apache.ant_1.9.4.v201504302020\lib\ant-jsch.jar;C:\Users\Tristan\Documents\eclipse\plugins\org.apache.ant_1.9.4.v201504302020\lib\ant-junit.jar;C:\Users\Tristan\Documents\eclipse\plugins\org.apache.ant_1.9.4.v201504302020\lib\ant-junit4.jar;C:\Users\Tristan\Documents\eclipse\plugins\org.apache.ant_1.9.4.v201504302020\lib\ant-launcher.jar;C:\Users\Tristan\Documents\eclipse\plugins\org.apache.ant_1.9.4.v201504302020\lib\ant-netrexx.jar;C:\Users\Tristan\Documents\eclipse\plugins\org.apache.ant_1.9.4.v201504302020\lib\ant-swing.jar;C:\Users\Tristan\Documents\eclipse\plugins\org.apache.ant_1.9.4.v201504302020\lib\ant-testutil.jar;C:\Users\Tristan\Documents\eclipse\plugins\org.apache.ant_1.9.4.v201504302020\lib\ant.jar;C:\Users\Tristan\Documents\eclipse\configuration\org.eclipse.osgi\956\0\.cp\lib\antdebug.jar;C:\Users\Tristan\Documents\eclipse\configuration\org.eclipse.osgi\956\0\.cp\lib\remote.jar;C:\Users\Tristan\Documents\eclipse\configuration\org.eclipse.osgi\957\0\.cp\lib\remoteAnt.jar;C:\Program Files\Java\jdk1.8.0_73\lib\tools.jar;C:\Users\Tristan\Documents\eclipse\plugins\org.eclipse.swt.win32.win32.x86_64_3.104.1.v20150825-0743.jar" />
    <property name="ivy.home" value="C:\Users\Tristan\.ivy2" />
    <property name="java.vm.specification.vendor.ivy.instance" value="Oracle Corporation" />
    <property name="sun.os.patch.level" value="" />
    <property name="ivy.dep.file" value="ivy.xml" />
    <property name="java.vendor.url" value="http://java.oracle.com/" />
    <property name="ivy.lib.dir.ivy.instance" value="C:\Users\Tristan\git\Green3/lib" />
    <property name="java.version" value="1.8.0_73" />
    <property name="eclipse.pdebuild.home" value="/C:/Users/Tristan/Documents/eclipse/plugins/org.eclipse.pde.build_3.9.100.v20150521-1524/./" />
    <property name="ivy.conf.dir.ivy.instance" value="C:\Users\Tristan\git\Green3" />
    <property name="sun.boot.library.path.ivy.instance" value="C:\Program Files\Java\jre1.8.0_73\bin" />
    <property name="ivy.report.output.pattern.ivy.instance" value="[organisation]-[module]-[conf].[ext]" />
    <property name="ivy.module" value="myProject" />
    <property name="ivy.publish.src.artifacts.pattern.ivy.instance" value="C:\Users\Tristan\git\Green3/distrib/[type]s/[artifact]-[revision](-[classifier]).[ext]" />
    <property name="java.vendor.url.bug" value="http://bugreport.sun.com/bugreport/" />
    <property name="sun.management.compiler.ivy.instance" value="HotSpot 64-Bit Tiered Compilers" />
    <property name="ant.project.invoked-targets" value="init,compile,test" />
    <property name="os.name.ivy.instance" value="Windows 10" />
    <property name="ivy.default.ivy.user.dir.ivy.instance" value="C:\Users\Tristan\.ivy2" />
    <property name="ivy.default.always.check.exact.revision" value="false" />
    <property name="ivy.default.settings.dir.ivy.instance" value="jar:file:/C:/Users/Tristan/git/Green3/ivy/ivy.jar!/org/apache/ivy/core/settings" />
    <property name="user.name" value="Tristan" />
    <property name="sun.io.unicode.encoding" value="UnicodeLittle" />
    <property name="sun.jnu.encoding" value="Cp1252" />
    <property name="java.runtime.name" value="Java(TM) SE Runtime Environment" />
    <property name="ant.home.ivy.instance" value="C:\Users\Tristan\Documents\eclipse\plugins\org.apache.ant_1.9.4.v201504302020" />
    <property name="file.encoding.ivy.instance" value="UTF-8" />
    <property name="ivy.cache.ttl.default.ivy.instance" value="10s" />
    <property name="ivy.conf.file.ivy.instance" value="C:\Users\Tristan\git\Green3\ivysettings.xml" />
    <property name="java.specification.vendor.ivy.instance" value="Oracle Corporation" />
    <property name="java.vendor.ivy.instance" value="Oracle Corporation" />
    <property name="sun.cpu.isalist.ivy.instance" value="amd64" />
    <property name="ivy.jar.available" value="true" />
    <property name="java.specification.name" value="Java Platform API Specification" />
    <property name="user.timezone" value="" />
    <property name="java.endorsed.dirs.ivy.instance" value="C:\Program Files\Java\jre1.8.0_73\lib\endorsed" />
    <property name="user.script" value="" />
    <property name="path.separator" value=";" />
    <property name="java.class.version.ivy.instance" value="52.0" />
    <property name="ivy.default.conf.dir" value="jar:file:/C:/Users/Tristan/git/Green3/ivy/ivy.jar!/org/apache/ivy/core/settings" />
    <property name="file.encoding" value="Cp1252" />
    <property name="java.runtime.name.ivy.instance" value="Java(TM) SE Runtime Environment" />
    <property name="ivy.resolve.default.type.filter.ivy.instance" value="*" />
    <property name="ant.project.default-target" value="build" />
    <property name="build" value="C:\Users\Tristan\git\Green3\target\classes" />
    <property name="lib" value="C:\Users\Tristan\git\Green3\lib" />
    <property name="ivy.targets.copied" value="false" />
    <property name="sun.java.command" value="org.apache.tools.ant.taskdefs.optional.junit.JUnitTestRunner edu.odu.cs.cs350.namex.TestPersonalName skipNonTests=false filtertrace=true haltOnError=false haltOnFailure=false showoutput=false outputtoformatters=true logfailedtests=true threadid=0 logtestlistenerevents=false formatter=org.apache.tools.ant.taskdefs.optional.junit.PlainJUnitResultFormatter formatter=org.apache.tools.ant.taskdefs.optional.junit.XMLJUnitResultFormatter,C:\Users\Tristan\git\Green3\target\test-results\TEST-edu.odu.cs.cs350.namex.TestPersonalName.xml crashfile=C:\Users\Tristan\git\Green3\junitvmwatcher6997892028220122041.properties propsfile=C:\Users\Tristan\git\Green3\junit160717794822872195.properties" />
    <property name="ant.file" value="C:\Users\Tristan\git\Green3\build.xml" />
    <property name="ivy.distrib.dir.ivy.instance" value="C:\Users\Tristan\git\Green3/distrib" />
    <property name="ivy.checksums.ivy.instance" value="sha1,md5" />
    <property name="sun.arch.data.model.ivy.instance" value="64" />
    <property name="ivy.build.artifacts.dir.ivy.instance" value="C:\Users\Tristan\git\Green3/build/artifacts" />
    <property name="user.variant.ivy.instance" value="" />
    <property name="ivy.settings.file" value="ivysettings.xml" />
    <property name="java.io.tmpdir" value="C:\Users\Tristan\AppData\Local\Temp\" />
    <property name="ivy.buildlist.ivyfilepath.ivy.instance" value="ivy.xml" />
    <property name="TODAY" value="April 5 2016" />
    <property name="ivy.cache.ttl.default" value="10s" />
    <property name="user.language" value="en" />
    <property name="user.dir.ivy.instance" value="C:\Users\Tristan\git\Green3" />
    <property name="ivy.home.ivy.instance" value="C:\Users\Tristan\.ivy2" />
    <property name="line.separator" value="&#xd;&#xa;" />
    <property name="java.specification.version.ivy.instance" value="1.8" />
    <property name="ivy.build.artifacts.dir" value="C:\Users\Tristan\git\Green3/build/artifacts" />
    <property name="sun.io.unicode.encoding.ivy.instance" value="UnicodeLittle" />
    <property name="ivy.status" value="integration" />
    <property name="java.vm.info" value="mixed mode" />
    <property name="ivy.lib.dir" value="C:\Users\Tristan\git\Green3/lib" />
    <property name="sun.desktop" value="windows" />
    <property name="java.vm.specification.name" value="Java Virtual Machine Specification" />
    <property name="ivy.default.conf.dir.ivy.instance" value="jar:file:/C:/Users/Tristan/git/Green3/ivy/ivy.jar!/org/apache/ivy/core/settings" />
    <property name="java.vm.version.ivy.instance" value="25.73-b02" />
    <property name="ivy.install.version" value="2.3.0" />
    <property name="user.name.ivy.instance" value="Tristan" />
    <property name="ivy.cache.dir" value="C:\Users\Tristan\.ivy2\cache" />
    <property name="eclipse.pdebuild.templates" value="/C:/Users/Tristan/Documents/eclipse/plugins/org.eclipse.pde.build_3.9.100.v20150521-1524/templates/" />
    <property name="java.awt.printerjob" value="sun.awt.windows.WPrinterJob" />
    <property name="java.io.tmpdir.ivy.instance" value="C:\Users\Tristan\AppData\Local\Temp\" />
    <property name="ant.version" value="Apache Ant(TM) version 1.9.4 compiled on April 29 2014" />
    <property name="java.home.ivy.instance" value="C:\Program Files\Java\jre1.8.0_73" />
    <property name="java.vm.vendor.ivy.instance" value="Oracle Corporation" />
    <property name="user.script.ivy.instance" value="" />
    <property name="ivy.default.settings.dir" value="jar:file:/C:/Users/Tristan/git/Green3/ivy/ivy.jar!/org/apache/ivy/core/settings" />
    <property name="ivy.configurations" value="*" />
    <property name="ivy.settings.url" value="file:/C:/Users/Tristan/git/Green3/ivysettings.xml" />
    <property name="os.name" value="Windows 10" />
    <property name="java.specification.vendor" value="Oracle Corporation" />
    <property name="sun.jnu.encoding.ivy.instance" value="Cp1252" />
    <property name="ivy.deliver.ivy.pattern.ivy.instance" value="C:\Users\Tristan\git\Green3/distrib/[type]s/[artifact]-[revision](-[classifier]).[ext]" />
    <property name="ivy.checksums" value="sha1,md5" />
    <property name="java.vm.name" value="Java HotSpot(TM) 64-Bit Server VM" />
    <property name="ivy.jar.file" value="C:\Users\Tristan\git\Green3/ivy/ivy.jar" />
    <property name="ivy.log.modules.in.use" value="false" />
    <property name="java.runtime.version.ivy.instance" value="1.8.0_73-b02" />
    <property name="ivy.report.output.pattern" value="[organisation]-[module]-[conf].[ext]" />
    <property name="ivy.version" value="2.3.0" />
    <property name="java.library.path" value="C:\Program Files\Java\jre1.8.0_73\bin;C:\WINDOWS\Sun\Java\bin;C:\WINDOWS\system32;C:\WINDOWS;C:/Program Files/Java/jre1.8.0_73/bin/server;C:/Program Files/Java/jre1.8.0_73/bin;C:/Program Files/Java/jre1.8.0_73/lib/amd64;C:\ProgramData\Oracle\Java\javapath;C:\Program Files (x86)\Intel\iCLS Client\;C:\Program Files\Intel\iCLS Client\;C:\WINDOWS\system32;C:\WINDOWS;C:\WINDOWS\System32\Wbem;C:\WINDOWS\System32\WindowsPowerShell\v1.0\;C:\Program Files (x86)\Windows Live\Shared;C:\Program Files\Intel\Intel(R) Management Engine Components\DAL;C:\Program Files\Intel\Intel(R) Management Engine Components\IPT;C:\Program Files (x86)\Intel\Intel(R) Management Engine Components\DAL;C:\Program Files (x86)\Intel\Intel(R) Management Engine Components\IPT;C:\Program Files\Intel\WiFi\bin\;C:\Program Files\Common Files\Intel\WirelessCommon\;C:\Users\Tristan\.dnx\bin;C:\Program Files\Microsoft DNX\Dnvm\;C:\python27;C:\Program Files (x86)\GtkSharp\2.12\bin;C:\Program Files\TortoiseSVN\bin;C:\Program Files (x86)\Windows Kits\8.1\Windows Performance Toolkit\;C:\Program Files (x86)\NVIDIA Corporation\PhysX\Common;C:\Program Files (x86)\Skype\Phone\;C:\WINDOWS\system32;C:\WINDOWS;C:\WINDOWS\System32\Wbem;C:\WINDOWS\System32\WindowsPowerShell\v1.0\;C:\MinGW\bin;C:\Program Files (x86)\Java\jdk1.7.0_71\bin;C:\Program Files\Common Files\Autodesk Shared\;C:\Program Files (x86)\Autodesk\Backburner\;C:\Python27\Scripts;C:\Program Files\Git\cmd;C:\Program Files\Java\jdk1.8.0_73\\bin;C:\Users\Tristan\Documents\eclipse;;." />
    <property name="ivy.conf.url" value="file:/C:/Users/Tristan/git/Green3/ivysettings.xml" />
    <property name="java.vm.name.ivy.instance" value="Java HotSpot(TM) 64-Bit Server VM" />
    <property name="os.version.ivy.instance" value="10.0" />
    <property name="line.separator.ivy.instance" value="&#xd;&#xa;" />
    <property name="eclipse.pdebuild.scripts" value="/C:/Users/Tristan/Documents/eclipse/plugins/org.eclipse.pde.build_3.9.100.v20150521-1524/scripts/" />
    <property name="ant.java.version" value="1.8" />
    <property name="sun.desktop.ivy.instance" value="windows" />
    <property name="sun.cpu.endian.ivy.instance" value="little" />
    <property name="java.vm.specification.name.ivy.instance" value="Java Virtual Machine Specification" />
    <property name="basedir" value="C:\Users\Tristan\git\Green3" />
    <property name="java.class.version" value="52.0" />
    <property name="ivy.settings.url.ivy.instance" value="file:/C:/Users/Tristan/git/Green3/ivysettings.xml" />
    <property name="path.separator.ivy.instance" value=";" />
    <property name="sun.boot.class.path.ivy.instance" value="C:\Program Files\Java\jre1.8.0_73\lib\resources.jar;C:\Program Files\Java\jre1.8.0_73\lib\rt.jar;C:\Program Files\Java\jre1.8.0_73\lib\sunrsasign.jar;C:\Program Files\Java\jre1.8.0_73\lib\jsse.jar;C:\Program Files\Java\jre1.8.0_73\lib\jce.jar;C:\Program Files\Java\jre1.8.0_73\lib\charsets.jar;C:\Program Files\Java\jre1.8.0_73\lib\jfr.jar;C:\Program Files\Java\jre1.8.0_73\classes" />
    <property name="ant.home" value="C:\Users\Tristan\Documents\eclipse\plugins\org.apache.ant_1.9.4.v201504302020" />
    <property name="ant.file.type.PNE" value="file" />
    <property name="dist" value="C:\Users\Tristan\git\Green3\target" />
    <property name="ivy.resolved.configurations" value="default" />
    <property name="ivy.deliver.ivy.pattern" value="C:\Users\Tristan\git\Green3/distrib/[type]s/[artifact]-[revision](-[classifier]).[ext]" />
    <property name="sun.boot.library.path" value="C:\Program Files\Java\jre1.8.0_73\bin" />
    <property name="ivy.default.always.check.exact.revision.ivy.instance" value="false" />
    <property name="java.library.path.ivy.instance" value="C:\Users\Tristan\Documents\eclipse;C:\WINDOWS\Sun\Java\bin;C:\WINDOWS\system32;C:\WINDOWS;C:/Program Files/Java/jre1.8.0_73/bin/server;C:/Program Files/Java/jre1.8.0_73/bin;C:/Program Files/Java/jre1.8.0_73/lib/amd64;C:\ProgramData\Oracle\Java\javapath;C:\Program Files (x86)\Intel\iCLS Client\;C:\Program Files\Intel\iCLS Client\;C:\WINDOWS\system32;C:\WINDOWS;C:\WINDOWS\System32\Wbem;C:\WINDOWS\System32\WindowsPowerShell\v1.0\;C:\Program Files (x86)\Windows Live\Shared;C:\Program Files\Intel\Intel(R) Management Engine Components\DAL;C:\Program Files\Intel\Intel(R) Management Engine Components\IPT;C:\Program Files (x86)\Intel\Intel(R) Management Engine Components\DAL;C:\Program Files (x86)\Intel\Intel(R) Management Engine Components\IPT;C:\Program Files\Intel\WiFi\bin\;C:\Program Files\Common Files\Intel\WirelessCommon\;C:\Users\Tristan\.dnx\bin;C:\Program Files\Microsoft DNX\Dnvm\;C:\python27;C:\Program Files (x86)\GtkSharp\2.12\bin;C:\Program Files\TortoiseSVN\bin;C:\Program Files (x86)\Windows Kits\8.1\Windows Performance Toolkit\;C:\Program Files (x86)\NVIDIA Corporation\PhysX\Common;C:\Program Files (x86)\Skype\Phone\;C:\WINDOWS\system32;C:\WINDOWS;C:\WINDOWS\System32\Wbem;C:\WINDOWS\System32\WindowsPowerShell\v1.0\;C:\MinGW\bin;C:\Program Files (x86)\Java\jdk1.7.0_71\bin;C:\Program Files\Common Files\Autodesk Shared\;C:\Program Files (x86)\Autodesk\Backburner\;C:\Python27\Scripts;C:\Program Files\Git\cmd;C:\Program Files\Java\jdk1.8.0_73\\bin;C:\Users\Tristan\Documents\eclipse;;.;C:\Users\Tristan\Documents\eclipse\configuration\org.eclipse.osgi\751\0\.cp" />
    <property name="awt.toolkit.ivy.instance" value="sun.awt.windows.WToolkit" />
    <property name="ivy.basedir" value="C:\Users\Tristan\git\Green3" />
    <property name="sun.management.compiler" value="HotSpot 64-Bit Tiered Compilers" />
    <property name="java.ext.dirs.ivy.instance" value="C:\Program Files\Java\jre1.8.0_73\lib\ext;C:\WINDOWS\Sun\Java\lib\ext" />
    <property name="java.awt.graphicsenv" value="sun.awt.Win32GraphicsEnvironment" />
    <property name="user.variant" value="" />
    <property name="ivy.log.modules.in.use.ivy.instance" value="false" />
    <property name="sun.os.patch.level.ivy.instance" value="" />
    <property name="file.encoding.pkg.ivy.instance" value="sun.io" />
    <property name="ivy.resolver.default.check.modified" value="false" />
    <property name="ivy.settings.file.ivy.instance" value="C:\Users\Tristan\git\Green3\ivysettings.xml" />
    <property name="ivy.nb.targets.copied" value="0" />
    <property name="ant.project.name" value="PNE" />
    <property name="src.test" value="C:\Users\Tristan\git\Green3\src\test\java\edu\odu\cs\cs350\namex" />
    <property name="ivy.cache.dir.ivy.instance" value="C:\Users\Tristan\.ivy2\cache" />
    <property name="java.vm.specification.version" value="1.8" />
    <property name="ivy.status.ivy.instance" value="integration" />
    <property name="awt.toolkit" value="sun.awt.windows.WToolkit" />
    <property name="sun.cpu.isalist" value="amd64" />
    <property name="file.separator.ivy.instance" value="\" />
    <property name="ivy.deps.changed" value="false" />
    <property name="java.ext.dirs" value="C:\Program Files\Java\jre1.8.0_73\lib\ext;C:\WINDOWS\Sun\Java\lib\ext" />
    <property name="os.version" value="10.0" />
    <property name="user.home" value="C:\Users\Tristan" />
    <property name="sun.java.launcher.ivy.instance" value="SUN_STANDARD" />
    <property name="java.vm.vendor" value="Oracle Corporation" />
    <property name="ivy.organisation" value="edu.odu.cs" />
    <property name="user.dir" value="C:\Users\Tristan\git\Green3" />
    <property name="ant.library.dir.ivy.instance" value="C:\Users\Tristan\Documents\eclipse\plugins\org.apache.ant_1.9.4.v201504302020\lib" />
    <property name="java.vm.info.ivy.instance" value="mixed mode" />
    <property name="ivy.publish.src.artifacts.pattern" value="C:\Users\Tristan\git\Green3/distrib/[type]s/[artifact]-[revision](-[classifier]).[ext]" />
    <property name="sun.java.command.ivy.instance" value="org.eclipse.ant.internal.launching.remote.InternalAntRunner -Dorg.eclipse.ant.core.ANT_PROCESS_ID=1459876073217 -Declipse.connect.port=49770 -Declipse.pdebuild.home=/C:/Users/Tristan/Documents/eclipse/plugins/org.eclipse.pde.build_3.9.100.v20150521-1524/./ -Declipse.pdebuild.scripts=/C:/Users/Tristan/Documents/eclipse/plugins/org.eclipse.pde.build_3.9.100.v20150521-1524/scripts/ -Declipse.pdebuild.templates=/C:/Users/Tristan/Documents/eclipse/plugins/org.eclipse.pde.build_3.9.100.v20150521-1524/templates/ -Dant.home=C:\Users\Tristan\Documents\eclipse\plugins\org.apache.ant_1.9.4.v201504302020 -logger org.eclipse.ant.internal.launching.remote.logger.RemoteAntBuildLogger -inputhandler org.eclipse.ant.internal.ui.antsupport.inputhandler.ProxyInputHandler -buildfile C:\Users\Tristan\git\Green3\build.xml init compile test" />
    <property name="ivy.distrib.dir" value="C:\Users\Tristan\git\Green3/distrib" />
    <property name="sun.cpu.endian" value="little" />
    <property name="ivy.revision" value="working@TristanPC" />
    <property name="user.timezone.ivy.instance" value="America/New_York" />
    <property name="java.vm.version" value="25.73-b02" />
    <property name="java.class.path" value="C:\Users\Tristan\git\Green3\target\test-classes;C:\Users\Tristan\git\Green3\target\classes;C:\Users\Tristan\git\Green3\lib\hamcrest-core.jar;C:\Users\Tristan\git\Green3\lib\hamcrest.jar;C:\Users\Tristan\git\Green3\lib\java-cup.jar;C:\Users\Tristan\git\Green3\lib\junit.jar;C:\Users\Tristan\git\Green3\lib\weka-stable.jar;C:\Users\Tristan\git\Green3\lib\weka.jar;C:\Users\Tristan\Documents\eclipse\plugins\org.apache.ant_1.9.4.v201504302020\lib\ant-launcher.jar;C:\Users\Tristan\Documents\eclipse\plugins\org.apache.ant_1.9.4.v201504302020\lib\ant.jar;C:\Users\Tristan\Documents\eclipse\plugins\org.apache.ant_1.9.4.v201504302020\lib\ant-junit.jar;C:\Users\Tristan\Documents\eclipse\plugins\org.apache.ant_1.9.4.v201504302020\lib\ant-junit4.jar" />
    <property name="ivy.default.ivy.user.dir" value="C:\Users\Tristan\.ivy2" />
    <property name="DSTAMP" value="20160405" />
    <property name="user.home.ivy.instance" value="C:\Users\Tristan" />
    <property name="basedir.ivy.instance" value="C:\Users\Tristan\git\Green3" />
    <property name="ant.library.dir" value="C:\Users\Tristan\Documents\eclipse\plugins\org.apache.ant_1.9.4.v201504302020\lib" />
    <property name="os.arch" value="amd64" />
    <property name="ivy.conf.file" value="C:\Users\Tristan\git\Green3\ivysettings.xml" />
    <property name="ivy.jar.dir" value="C:\Users\Tristan\git\Green3/ivy" />
    <property name="java.awt.graphicsenv.ivy.instance" value="sun.awt.Win32GraphicsEnvironment" />
    <property name="java.vendor.url.bug.ivy.instance" value="http://bugreport.sun.com/bugreport/" />
    <property name="java.vm.specification.version.ivy.instance" value="1.8" />
    <property name="sun.java.launcher" value="SUN_STANDARD" />
    <property name="java.awt.printerjob.ivy.instance" value="sun.awt.windows.WPrinterJob" />
    <property name="ivy.settings.dir.ivy.instance" value="C:\Users\Tristan\git\Green3" />
    <property name="ant.file.PNE" value="C:\Users\Tristan\git\Green3\build.xml" />
    <property name="ant.core.lib" value="C:\Users\Tristan\Documents\eclipse\plugins\org.apache.ant_1.9.4.v201504302020\lib\ant.jar" />
    <property name="ivy.resolver.default.check.modified.ivy.instance" value="false" />
    <property name="ivy.settings.dir" value="C:\Users\Tristan\git\Green3" />
    <property name="java.vm.specification.vendor" value="Oracle Corporation" />
    <property name="TSTAMP" value="1307" />
    <property name="file.separator" value="\" />
    <property name="user.language.ivy.instance" value="en" />
    <property name="user.country.ivy.instance" value="US" />
    <property name="ivy.conf.url.ivy.instance" value="file:/C:/Users/Tristan/git/Green3/ivysettings.xml" />
    <property name="java.runtime.version" value="1.8.0_73-b02" />
    <property name="java.specification.name.ivy.instance" value="Java Platform API Specification" />
    <property name="sun.boot.class.path" value="C:\Program Files\Java\jre1.8.0_73\lib\resources.jar;C:\Program Files\Java\jre1.8.0_73\lib\rt.jar;C:\Program Files\Java\jre1.8.0_73\lib\sunrsasign.jar;C:\Program Files\Java\jre1.8.0_73\lib\jsse.jar;C:\Program Files\Java\jre1.8.0_73\lib\jce.jar;C:\Program Files\Java\jre1.8.0_73\lib\charsets.jar;C:\Program Files\Java\jre1.8.0_73\lib\jfr.jar;C:\Program Files\Java\jre1.8.0_73\classes" />
    <property name="ivy.conf.dir" value="C:\Users\Tristan\git\Green3" />
    <property name="ivy.retrieve.pattern" value="C:\Users\Tristan\git\Green3/lib/[artifact]-[revision](-[classifier]).[ext]" />
    <property name="user.country" value="US" />
    <property name="java.version.ivy.instance" value="1.8.0_73" />
    <property name="ivy.resolved.file" value="C:\Users\Tristan\git\Green3\ivy.xml" />
    <property name="os.arch.ivy.instance" value="amd64" />
    <property name="java.vendor" value="Oracle Corporation" />
    <property name="ivy.project.dir" value="C:\Users\Tristan\git\Green3" />
    <property name="java.specification.version" value="1.8" />
    <property name="ivy.buildlist.ivyfilepath" value="ivy.xml" />
    <property name="sun.arch.data.model" value="64" />
  </properties>
  <testcase classname="edu.odu.cs.cs350.namex.TestPersonalName" name="testGetGivenName" time="0.003" />
  <testcase classname="edu.odu.cs.cs350.namex.TestPersonalName" name="testGetSurName" time="0.001" />
  <testcase classname="edu.odu.cs.cs350.namex.TestPersonalName" name="testGetMiddleNames" time="0.0" />
  <testcase classname="edu.odu.cs.cs350.namex.TestPersonalName" name="testPersonalNameString" time="0.0" />
  <testcase classname="edu.odu.cs.cs350.namex.TestPersonalName" name="testGetName" time="0.0" />
  <testcase classname="edu.odu.cs.cs350.namex.TestPersonalName" name="testGetHonorific" time="0.0" />
  <testcase classname="edu.odu.cs.cs350.namex.TestPersonalName" name="testPersonalName" time="0.0" />
  <testcase classname="edu.odu.cs.cs350.namex.TestPersonalName" name="testGetSuffix" time="0.0" />
  <system-out><![CDATA[
]]></system-out>
  <system-err><![CDATA[]]></system-err>
</testsuite>
