<?xml version="1.0" encoding="UTF-8" ?>
<testsuite errors="0" failures="0" hostname="Scarzee" name="edu.odu.cs.cs350.namex.TestLibrarian" skipped="0" tests="8" time="3.426" timestamp="2016-04-14T21:56:58">
  <properties>
    <property name="java.vendor" value="Oracle Corporation" />
    <property name="sun.java.launcher" value="SUN_STANDARD" />
    <property name="sun.management.compiler" value="HotSpot 64-Bit Tiered Compilers" />
    <property name="dist" value="C:\Users\Scar\git\Green3\target" />
    <property name="lib" value="C:\Users\Scar\git\Green3\lib" />
    <property name="os.name" value="Windows 8" />
    <property name="sun.boot.class.path" value="C:\Program Files\Java\jdk\jre\lib\resources.jar;C:\Program Files\Java\jdk\jre\lib\rt.jar;C:\Program Files\Java\jdk\jre\lib\sunrsasign.jar;C:\Program Files\Java\jdk\jre\lib\jsse.jar;C:\Program Files\Java\jdk\jre\lib\jce.jar;C:\Program Files\Java\jdk\jre\lib\charsets.jar;C:\Program Files\Java\jdk\jre\lib\jfr.jar;C:\Program Files\Java\jdk\jre\classes" />
    <property name="TODAY" value="April 14 2016" />
    <property name="sun.desktop" value="windows" />
    <property name="java.vm.specification.vendor" value="Oracle Corporation" />
    <property name="ant.home" value="C:\Users\Scar\.p2\pool\plugins\org.apache.ant_1.9.6.v201510161327" />
    <property name="java.runtime.version" value="1.7.0_25-b17" />
    <property name="user.name" value="Scar" />
    <property name="ant.file.type.PNE" value="file" />
    <property name="user.language" value="en" />
    <property name="build" value="C:\Users\Scar\git\Green3\target\classes" />
    <property name="sun.boot.library.path" value="C:\Program Files\Java\jdk\jre\bin" />
    <property name="ivy.jar.dir" value="C:\Users\Scar\git\Green3/ivy" />
    <property name="ant.project.default-target" value="build" />
    <property name="ant.project.name" value="PNE" />
    <property name="DSTAMP" value="20160414" />
    <property name="java.version" value="1.7.0_25" />
    <property name="user.timezone" value="" />
    <property name="sun.arch.data.model" value="64" />
    <property name="java.endorsed.dirs" value="C:\Program Files\Java\jdk\jre\lib\endorsed" />
    <property name="src.main" value="C:\Users\Scar\git\Green3\src\main\java\edu\odu\cs\cs350\namex" />
    <property name="sun.cpu.isalist" value="amd64" />
    <property name="sun.jnu.encoding" value="Cp1252" />
    <property name="file.encoding.pkg" value="sun.io" />
    <property name="file.separator" value="\" />
    <property name="java.specification.name" value="Java Platform API Specification" />
    <property name="java.class.version" value="51.0" />
    <property name="user.country" value="US" />
    <property name="java.home" value="C:\Program Files\Java\jdk\jre" />
    <property name="java.vm.info" value="mixed mode" />
    <property name="ant.file" value="C:\Users\Scar\git\Green3\build.xml" />
    <property name="os.version" value="6.2" />
    <property name="path.separator" value=";" />
    <property name="java.vm.version" value="23.25-b01" />
    <property name="user.variant" value="" />
    <property name="ant.library.dir" value="C:\Users\Scar\.p2\pool\plugins\org.apache.ant_1.9.6.v201510161327\lib" />
    <property name="java.awt.printerjob" value="sun.awt.windows.WPrinterJob" />
    <property name="sun.io.unicode.encoding" value="UnicodeLittle" />
    <property name="awt.toolkit" value="sun.awt.windows.WToolkit" />
    <property name="user.script" value="" />
    <property name="user.home" value="C:\Users\Scar" />
    <property name="java.specification.vendor" value="Oracle Corporation" />
    <property name="java.library.path" value="C:\Program Files\Java\jdk\jre\bin;C:\WINDOWS\Sun\Java\bin;C:\WINDOWS\system32;C:\WINDOWS;C:/Program Files/Java/jdk/jre/bin/server;C:/Program Files/Java/jdk/jre/bin;C:/Program Files/Java/jdk/jre/lib/amd64;C:\ProgramData\Oracle\Java\javapath;C:\Program Files (x86)\Intel\iCLS Client\;C:\Program Files\Intel\iCLS Client\;C:\WINDOWS\system32;C:\WINDOWS;C:\WINDOWS\System32\Wbem;C:\WINDOWS\System32\WindowsPowerShell\v1.0\;C:\Program Files\Intel\Intel(R) Management Engine Components\DAL;C:\Program Files\Intel\Intel(R) Management Engine Components\IPT;C:\Program Files (x86)\Intel\Intel(R) Management Engine Components\DAL;C:\Program Files (x86)\Intel\Intel(R) Management Engine Components\IPT;C:\Program Files (x86)\Intel\OpenCL SDK\2.0\bin\x86;C:\Program Files (x86)\Intel\OpenCL SDK\2.0\bin\x64;C:\Program Files\Lenovo\Bluetooth Software\;C:\Program Files\Lenovo\Bluetooth Software\syswow64;C:\Program Files\Java\jdk1.7.0_15\bin;C:\Program Files (x86)\Calibre2\;C:\Program Files\Java\jdk\bin;C:\Users\Scar\.dnx\bin;C:\Program Files\Microsoft DNX\Dnvm\;C:\Program Files\Microsoft SQL Server\120\Tools\Binn\;C:\Users\Scar\Downloads\apache-ant-1.9.6\bin;C:\Users\Scar\Downloads\apache-ant-1.9.6\bin;C:\Users\Scar\Desktop;;." />
    <property name="java.vendor.url" value="http://java.oracle.com/" />
    <property name="java.vm.vendor" value="Oracle Corporation" />
    <property name="java.runtime.name" value="Java(TM) SE Runtime Environment" />
    <property name="sun.java.command" value="org.apache.tools.ant.taskdefs.optional.junit.JUnitTestRunner edu.odu.cs.cs350.namex.TestLibrarian skipNonTests=false filtertrace=true haltOnError=false haltOnFailure=false showoutput=false outputtoformatters=true logfailedtests=true threadid=0 logtestlistenerevents=false formatter=org.apache.tools.ant.taskdefs.optional.junit.PlainJUnitResultFormatter formatter=org.apache.tools.ant.taskdefs.optional.junit.XMLJUnitResultFormatter,C:\Users\Scar\git\Green3\target\test-results\TEST-edu.odu.cs.cs350.namex.TestLibrarian.xml crashfile=C:\Users\Scar\git\Green3\junitvmwatcher3970836380907308569.properties propsfile=C:\Users\Scar\git\Green3\junit1220833930345574403.properties" />
    <property name="java.class.path" value="C:\Users\Scar\git\Green3\target\test-classes;C:\Users\Scar\git\Green3\target\classes;C:\Users\Scar\git\Green3\lib\ant-launcher.jar;C:\Users\Scar\git\Green3\lib\ant.jar;C:\Users\Scar\git\Green3\lib\asm-debug-all.jar;C:\Users\Scar\git\Green3\lib\extract-wordlists.jar;C:\Users\Scar\git\Green3\lib\hamcrest-core.jar;C:\Users\Scar\git\Green3\lib\java-cup.jar;C:\Users\Scar\git\Green3\lib\junit-javadoc.jar;C:\Users\Scar\git\Green3\lib\junit-sources.jar;C:\Users\Scar\git\Green3\lib\junit.jar;C:\Users\Scar\git\Green3\lib\org.jacoco.agent.jar;C:\Users\Scar\git\Green3\lib\org.jacoco.ant-javadoc.jar;C:\Users\Scar\git\Green3\lib\org.jacoco.ant-sources.jar;C:\Users\Scar\git\Green3\lib\org.jacoco.ant.jar;C:\Users\Scar\git\Green3\lib\org.jacoco.core.jar;C:\Users\Scar\git\Green3\lib\org.jacoco.report.jar;C:\Users\Scar\git\Green3\lib\weka-stable-javadoc.jar;C:\Users\Scar\git\Green3\lib\weka-stable-sources.jar;C:\Users\Scar\git\Green3\lib\weka-stable.jar;C:\Users\Scar\.p2\pool\plugins\org.apache.ant_1.9.6.v201510161327\lib\ant-launcher.jar;C:\Users\Scar\.p2\pool\plugins\org.apache.ant_1.9.6.v201510161327\lib\ant.jar;C:\Users\Scar\.p2\pool\plugins\org.apache.ant_1.9.6.v201510161327\lib\ant-junit.jar;C:\Users\Scar\.p2\pool\plugins\org.apache.ant_1.9.6.v201510161327\lib\ant-junit4.jar" />
    <property name="ant.version" value="Apache Ant(TM) version 1.9.6 compiled on June 29 2015" />
    <property name="TSTAMP" value="1756" />
    <property name="ivy.install.version" value="2.3.0" />
    <property name="java.vm.specification.name" value="Java Virtual Machine Specification" />
    <property name="java.vm.specification.version" value="1.7" />
    <property name="sun.cpu.endian" value="little" />
    <property name="sun.os.patch.level" value="" />
    <property name="src.test" value="C:\Users\Scar\git\Green3\src\test\java\edu\odu\cs\cs350\namex" />
    <property name="java.io.tmpdir" value="C:\Users\Scar\AppData\Local\Temp\" />
    <property name="java.vendor.url.bug" value="http://bugreport.sun.com/bugreport/" />
    <property name="os.arch" value="amd64" />
    <property name="java.awt.graphicsenv" value="sun.awt.Win32GraphicsEnvironment" />
    <property name="java.ext.dirs" value="C:\Program Files\Java\jdk\jre\lib\ext;C:\WINDOWS\Sun\Java\lib\ext" />
    <property name="user.dir" value="C:\Users\Scar\git\Green3" />
    <property name="ivy.jar.file" value="C:\Users\Scar\git\Green3/ivy/ivy.jar" />
    <property name="ant.file.PNE" value="C:\Users\Scar\git\Green3\build.xml" />
    <property name="line.separator" value="
" />
    <property name="java.vm.name" value="Java HotSpot(TM) 64-Bit Server VM" />
    <property name="basedir" value="C:\Users\Scar\git\Green3" />
    <property name="ant.java.version" value="1.7" />
    <property name="ant.core.lib" value="C:\Users\Scar\.p2\pool\plugins\org.apache.ant_1.9.6.v201510161327\lib\ant.jar" />
    <property name="file.encoding" value="Cp1252" />
    <property name="java.specification.version" value="1.7" />
    <property name="ant.project.invoked-targets" value="build,resolve-ivy,install-ivy,download-ivy,init,compile" />
  </properties>
  <testcase classname="edu.odu.cs.cs350.namex.TestLibrarian" name="testSeparateNER" time="0.004" />
  <testcase classname="edu.odu.cs.cs350.namex.TestLibrarian" name="testPackage" time="0.0" />
  <testcase classname="edu.odu.cs.cs350.namex.TestLibrarian" name="testMain" time="0.573" />
  <testcase classname="edu.odu.cs.cs350.namex.TestLibrarian" name="testWeka" time="0.788" />
  <testcase classname="edu.odu.cs.cs350.namex.TestLibrarian" name="testGetLexicalFeature" time="0.91" />
  <testcase classname="edu.odu.cs.cs350.namex.TestLibrarian" name="testClassifyToken" time="0.479" />
  <testcase classname="edu.odu.cs.cs350.namex.TestLibrarian" name="identifyPlace" time="0.0" />
  <testcase classname="edu.odu.cs.cs350.namex.TestLibrarian" name="testGetFeatures" time="0.609" />
  <system-out><![CDATA[*******************************
 Generating ARFF Training Data
*******************************

 Input FilePath: C:\Users\Scar\git\Green3/data/training/trainingData.txt
Output FilePath: C:\Users\Scar\git\Green3/data/arff/trainingData.arff

Classifying Tokens from 0 TextBlocks...
Wrote to: C:\Users\Scar\git\Green3/data/arff/trainingData.arff
*******************************
 Saving Learning Machine to LearningMachine.model
*******************************

]]></system-out>
  <system-err><![CDATA[java.io.FileNotFoundException: C:\Users\Scar\git\Green3\data\training\trainingData.txt (The system cannot find the path specified)
	at java.io.FileInputStream.open(Native Method)
	at java.io.FileInputStream.<init>(FileInputStream.java:138)
	at java.util.Scanner.<init>(Scanner.java:656)
	at edu.odu.cs.cs350.namex.Librarian.importFile(Librarian.java:152)
	at edu.odu.cs.cs350.namex.Trainer.prepareData(Trainer.java:212)
	at edu.odu.cs.cs350.namex.Librarian.main(Librarian.java:89)
	at edu.odu.cs.cs350.namex.TestLibrarian.testMain(TestLibrarian.java:117)
	at sun.reflect.NativeMethodAccessorImpl.invoke0(Native Method)
	at sun.reflect.NativeMethodAccessorImpl.invoke(NativeMethodAccessorImpl.java:57)
	at sun.reflect.DelegatingMethodAccessorImpl.invoke(DelegatingMethodAccessorImpl.java:43)
	at java.lang.reflect.Method.invoke(Method.java:606)
	at org.junit.runners.model.FrameworkMethod$1.runReflectiveCall(FrameworkMethod.java:47)
	at org.junit.internal.runners.model.ReflectiveCallable.run(ReflectiveCallable.java:12)
	at org.junit.runners.model.FrameworkMethod.invokeExplosively(FrameworkMethod.java:44)
	at org.junit.internal.runners.statements.InvokeMethod.evaluate(InvokeMethod.java:17)
	at org.junit.runners.ParentRunner.runLeaf(ParentRunner.java:271)
	at org.junit.runners.BlockJUnit4ClassRunner.runChild(BlockJUnit4ClassRunner.java:70)
	at org.junit.runners.BlockJUnit4ClassRunner.runChild(BlockJUnit4ClassRunner.java:50)
	at org.junit.runners.ParentRunner$3.run(ParentRunner.java:238)
	at org.junit.runners.ParentRunner$1.schedule(ParentRunner.java:63)
	at org.junit.runners.ParentRunner.runChildren(ParentRunner.java:236)
	at org.junit.runners.ParentRunner.access$000(ParentRunner.java:53)
	at org.junit.runners.ParentRunner$2.evaluate(ParentRunner.java:229)
	at org.junit.runners.ParentRunner.run(ParentRunner.java:309)
	at junit.framework.JUnit4TestAdapter.run(JUnit4TestAdapter.java:38)
	at org.apache.tools.ant.taskdefs.optional.junit.JUnitTestRunner.run(JUnitTestRunner.java:535)
	at org.apache.tools.ant.taskdefs.optional.junit.JUnitTestRunner.launch(JUnitTestRunner.java:1182)
	at org.apache.tools.ant.taskdefs.optional.junit.JUnitTestRunner.main(JUnitTestRunner.java:1033)
java.io.FileNotFoundException: C:\Users\Scar\git\Green3\data\arff\trainingData.arff (The system cannot find the path specified)
	at java.io.FileOutputStream.open(Native Method)
	at java.io.FileOutputStream.<init>(FileOutputStream.java:212)
	at java.io.FileOutputStream.<init>(FileOutputStream.java:165)
	at java.io.PrintWriter.<init>(PrintWriter.java:192)
	at java.io.PrintWriter.<init>(PrintWriter.java:232)
	at edu.odu.cs.cs350.namex.LearningMachine.exportARFF(LearningMachine.java:439)
	at edu.odu.cs.cs350.namex.Trainer.prepareData(Trainer.java:243)
	at edu.odu.cs.cs350.namex.Librarian.main(Librarian.java:89)
	at edu.odu.cs.cs350.namex.TestLibrarian.testMain(TestLibrarian.java:117)
	at sun.reflect.NativeMethodAccessorImpl.invoke0(Native Method)
	at sun.reflect.NativeMethodAccessorImpl.invoke(NativeMethodAccessorImpl.java:57)
	at sun.reflect.DelegatingMethodAccessorImpl.invoke(DelegatingMethodAccessorImpl.java:43)
	at java.lang.reflect.Method.invoke(Method.java:606)
	at org.junit.runners.model.FrameworkMethod$1.runReflectiveCall(FrameworkMethod.java:47)
	at org.junit.internal.runners.model.ReflectiveCallable.run(ReflectiveCallable.java:12)
	at org.junit.runners.model.FrameworkMethod.invokeExplosively(FrameworkMethod.java:44)
	at org.junit.internal.runners.statements.InvokeMethod.evaluate(InvokeMethod.java:17)
	at org.junit.runners.ParentRunner.runLeaf(ParentRunner.java:271)
	at org.junit.runners.BlockJUnit4ClassRunner.runChild(BlockJUnit4ClassRunner.java:70)
	at org.junit.runners.BlockJUnit4ClassRunner.runChild(BlockJUnit4ClassRunner.java:50)
	at org.junit.runners.ParentRunner$3.run(ParentRunner.java:238)
	at org.junit.runners.ParentRunner$1.schedule(ParentRunner.java:63)
	at org.junit.runners.ParentRunner.runChildren(ParentRunner.java:236)
	at org.junit.runners.ParentRunner.access$000(ParentRunner.java:53)
	at org.junit.runners.ParentRunner$2.evaluate(ParentRunner.java:229)
	at org.junit.runners.ParentRunner.run(ParentRunner.java:309)
	at junit.framework.JUnit4TestAdapter.run(JUnit4TestAdapter.java:38)
	at org.apache.tools.ant.taskdefs.optional.junit.JUnitTestRunner.run(JUnitTestRunner.java:535)
	at org.apache.tools.ant.taskdefs.optional.junit.JUnitTestRunner.launch(JUnitTestRunner.java:1182)
	at org.apache.tools.ant.taskdefs.optional.junit.JUnitTestRunner.main(JUnitTestRunner.java:1033)
java.io.IOException: No source has been specified
	at weka.core.converters.ArffLoader.getDataSet(ArffLoader.java:1039)
	at weka.core.converters.ConverterUtils$DataSource.getDataSet(ConverterUtils.java:268)
	at edu.odu.cs.cs350.namex.LearningMachine.importARFF(LearningMachine.java:458)
	at edu.odu.cs.cs350.namex.TestLibrarian.testWeka(TestLibrarian.java:44)
	at sun.reflect.NativeMethodAccessorImpl.invoke0(Native Method)
	at sun.reflect.NativeMethodAccessorImpl.invoke(NativeMethodAccessorImpl.java:57)
	at sun.reflect.DelegatingMethodAccessorImpl.invoke(DelegatingMethodAccessorImpl.java:43)
	at java.lang.reflect.Method.invoke(Method.java:606)
	at org.junit.runners.model.FrameworkMethod$1.runReflectiveCall(FrameworkMethod.java:47)
	at org.junit.internal.runners.model.ReflectiveCallable.run(ReflectiveCallable.java:12)
	at org.junit.runners.model.FrameworkMethod.invokeExplosively(FrameworkMethod.java:44)
	at org.junit.internal.runners.statements.InvokeMethod.evaluate(InvokeMethod.java:17)
	at org.junit.runners.ParentRunner.runLeaf(ParentRunner.java:271)
	at org.junit.runners.BlockJUnit4ClassRunner.runChild(BlockJUnit4ClassRunner.java:70)
	at org.junit.runners.BlockJUnit4ClassRunner.runChild(BlockJUnit4ClassRunner.java:50)
	at org.junit.runners.ParentRunner$3.run(ParentRunner.java:238)
	at org.junit.runners.ParentRunner$1.schedule(ParentRunner.java:63)
	at org.junit.runners.ParentRunner.runChildren(ParentRunner.java:236)
	at org.junit.runners.ParentRunner.access$000(ParentRunner.java:53)
	at org.junit.runners.ParentRunner$2.evaluate(ParentRunner.java:229)
	at org.junit.runners.ParentRunner.run(ParentRunner.java:309)
	at junit.framework.JUnit4TestAdapter.run(JUnit4TestAdapter.java:38)
	at org.apache.tools.ant.taskdefs.optional.junit.JUnitTestRunner.run(JUnitTestRunner.java:535)
	at org.apache.tools.ant.taskdefs.optional.junit.JUnitTestRunner.launch(JUnitTestRunner.java:1182)
	at org.apache.tools.ant.taskdefs.optional.junit.JUnitTestRunner.main(JUnitTestRunner.java:1033)
java.lang.NullPointerException
	at edu.odu.cs.cs350.namex.LearningMachine.importARFF(LearningMachine.java:464)
	at edu.odu.cs.cs350.namex.TestLibrarian.testWeka(TestLibrarian.java:44)
	at sun.reflect.NativeMethodAccessorImpl.invoke0(Native Method)
	at sun.reflect.NativeMethodAccessorImpl.invoke(NativeMethodAccessorImpl.java:57)
	at sun.reflect.DelegatingMethodAccessorImpl.invoke(DelegatingMethodAccessorImpl.java:43)
	at java.lang.reflect.Method.invoke(Method.java:606)
	at org.junit.runners.model.FrameworkMethod$1.runReflectiveCall(FrameworkMethod.java:47)
	at org.junit.internal.runners.model.ReflectiveCallable.run(ReflectiveCallable.java:12)
	at org.junit.runners.model.FrameworkMethod.invokeExplosively(FrameworkMethod.java:44)
	at org.junit.internal.runners.statements.InvokeMethod.evaluate(InvokeMethod.java:17)
	at org.junit.runners.ParentRunner.runLeaf(ParentRunner.java:271)
	at org.junit.runners.BlockJUnit4ClassRunner.runChild(BlockJUnit4ClassRunner.java:70)
	at org.junit.runners.BlockJUnit4ClassRunner.runChild(BlockJUnit4ClassRunner.java:50)
	at org.junit.runners.ParentRunner$3.run(ParentRunner.java:238)
	at org.junit.runners.ParentRunner$1.schedule(ParentRunner.java:63)
	at org.junit.runners.ParentRunner.runChildren(ParentRunner.java:236)
	at org.junit.runners.ParentRunner.access$000(ParentRunner.java:53)
	at org.junit.runners.ParentRunner$2.evaluate(ParentRunner.java:229)
	at org.junit.runners.ParentRunner.run(ParentRunner.java:309)
	at junit.framework.JUnit4TestAdapter.run(JUnit4TestAdapter.java:38)
	at org.apache.tools.ant.taskdefs.optional.junit.JUnitTestRunner.run(JUnitTestRunner.java:535)
	at org.apache.tools.ant.taskdefs.optional.junit.JUnitTestRunner.launch(JUnitTestRunner.java:1182)
	at org.apache.tools.ant.taskdefs.optional.junit.JUnitTestRunner.main(JUnitTestRunner.java:1033)
java.io.IOException: No source has been specified
	at weka.core.converters.ArffLoader.getDataSet(ArffLoader.java:1039)
	at weka.core.converters.ConverterUtils$DataSource.getDataSet(ConverterUtils.java:268)
	at edu.odu.cs.cs350.namex.LearningMachine.importARFF(LearningMachine.java:458)
	at edu.odu.cs.cs350.namex.TestLibrarian.testGetFeatures(TestLibrarian.java:158)
	at sun.reflect.NativeMethodAccessorImpl.invoke0(Native Method)
	at sun.reflect.NativeMethodAccessorImpl.invoke(NativeMethodAccessorImpl.java:57)
	at sun.reflect.DelegatingMethodAccessorImpl.invoke(DelegatingMethodAccessorImpl.java:43)
	at java.lang.reflect.Method.invoke(Method.java:606)
	at org.junit.runners.model.FrameworkMethod$1.runReflectiveCall(FrameworkMethod.java:47)
	at org.junit.internal.runners.model.ReflectiveCallable.run(ReflectiveCallable.java:12)
	at org.junit.runners.model.FrameworkMethod.invokeExplosively(FrameworkMethod.java:44)
	at org.junit.internal.runners.statements.InvokeMethod.evaluate(InvokeMethod.java:17)
	at org.junit.runners.ParentRunner.runLeaf(ParentRunner.java:271)
	at org.junit.runners.BlockJUnit4ClassRunner.runChild(BlockJUnit4ClassRunner.java:70)
	at org.junit.runners.BlockJUnit4ClassRunner.runChild(BlockJUnit4ClassRunner.java:50)
	at org.junit.runners.ParentRunner$3.run(ParentRunner.java:238)
	at org.junit.runners.ParentRunner$1.schedule(ParentRunner.java:63)
	at org.junit.runners.ParentRunner.runChildren(ParentRunner.java:236)
	at org.junit.runners.ParentRunner.access$000(ParentRunner.java:53)
	at org.junit.runners.ParentRunner$2.evaluate(ParentRunner.java:229)
	at org.junit.runners.ParentRunner.run(ParentRunner.java:309)
	at junit.framework.JUnit4TestAdapter.run(JUnit4TestAdapter.java:38)
	at org.apache.tools.ant.taskdefs.optional.junit.JUnitTestRunner.run(JUnitTestRunner.java:535)
	at org.apache.tools.ant.taskdefs.optional.junit.JUnitTestRunner.launch(JUnitTestRunner.java:1182)
	at org.apache.tools.ant.taskdefs.optional.junit.JUnitTestRunner.main(JUnitTestRunner.java:1033)
java.lang.NullPointerException
	at edu.odu.cs.cs350.namex.LearningMachine.importARFF(LearningMachine.java:464)
	at edu.odu.cs.cs350.namex.TestLibrarian.testGetFeatures(TestLibrarian.java:158)
	at sun.reflect.NativeMethodAccessorImpl.invoke0(Native Method)
	at sun.reflect.NativeMethodAccessorImpl.invoke(NativeMethodAccessorImpl.java:57)
	at sun.reflect.DelegatingMethodAccessorImpl.invoke(DelegatingMethodAccessorImpl.java:43)
	at java.lang.reflect.Method.invoke(Method.java:606)
	at org.junit.runners.model.FrameworkMethod$1.runReflectiveCall(FrameworkMethod.java:47)
	at org.junit.internal.runners.model.ReflectiveCallable.run(ReflectiveCallable.java:12)
	at org.junit.runners.model.FrameworkMethod.invokeExplosively(FrameworkMethod.java:44)
	at org.junit.internal.runners.statements.InvokeMethod.evaluate(InvokeMethod.java:17)
	at org.junit.runners.ParentRunner.runLeaf(ParentRunner.java:271)
	at org.junit.runners.BlockJUnit4ClassRunner.runChild(BlockJUnit4ClassRunner.java:70)
	at org.junit.runners.BlockJUnit4ClassRunner.runChild(BlockJUnit4ClassRunner.java:50)
	at org.junit.runners.ParentRunner$3.run(ParentRunner.java:238)
	at org.junit.runners.ParentRunner$1.schedule(ParentRunner.java:63)
	at org.junit.runners.ParentRunner.runChildren(ParentRunner.java:236)
	at org.junit.runners.ParentRunner.access$000(ParentRunner.java:53)
	at org.junit.runners.ParentRunner$2.evaluate(ParentRunner.java:229)
	at org.junit.runners.ParentRunner.run(ParentRunner.java:309)
	at junit.framework.JUnit4TestAdapter.run(JUnit4TestAdapter.java:38)
	at org.apache.tools.ant.taskdefs.optional.junit.JUnitTestRunner.run(JUnitTestRunner.java:535)
	at org.apache.tools.ant.taskdefs.optional.junit.JUnitTestRunner.launch(JUnitTestRunner.java:1182)
	at org.apache.tools.ant.taskdefs.optional.junit.JUnitTestRunner.main(JUnitTestRunner.java:1033)
]]></system-err>
</testsuite>
