<?xml version="1.0" encoding="UTF-8" ?>
<testsuite errors="2" failures="2" hostname="ubuntu" name="edu.odu.cs.cs350.namex.TestTrainer" skipped="0" tests="8" time="43.477" timestamp="2016-04-10T18:36:02">
  <properties>
    <property name="java.vendor" value="Oracle Corporation" />
    <property name="sun.java.launcher" value="SUN_STANDARD" />
    <property name="sun.management.compiler" value="HotSpot 64-Bit Tiered Compilers" />
    <property name="dist" value="/home/gsilveri/git/Green3/target" />
    <property name="lib" value="/home/gsilveri/git/Green3/lib" />
    <property name="os.name" value="Linux" />
    <property name="sun.boot.class.path" value="/usr/lib/jvm/java-7-openjdk-amd64/jre/lib/resources.jar:/usr/lib/jvm/java-7-openjdk-amd64/jre/lib/rt.jar:/usr/lib/jvm/java-7-openjdk-amd64/jre/lib/sunrsasign.jar:/usr/lib/jvm/java-7-openjdk-amd64/jre/lib/jsse.jar:/usr/lib/jvm/java-7-openjdk-amd64/jre/lib/jce.jar:/usr/lib/jvm/java-7-openjdk-amd64/jre/lib/charsets.jar:/usr/lib/jvm/java-7-openjdk-amd64/jre/lib/rhino.jar:/usr/lib/jvm/java-7-openjdk-amd64/jre/lib/jfr.jar:/usr/lib/jvm/java-7-openjdk-amd64/jre/classes" />
    <property name="TODAY" value="April 10 2016" />
    <property name="sun.desktop" value="gnome" />
    <property name="java.vm.specification.vendor" value="Oracle Corporation" />
    <property name="ant.home" value="/home/gsilveri/Desktop/eclipse/plugins/org.apache.ant_1.9.4.v201504302020" />
    <property name="java.runtime.version" value="1.7.0_95-b00" />
    <property name="user.name" value="gsilveri" />
    <property name="ant.file.type.PNE" value="file" />
    <property name="user.language" value="en" />
    <property name="build" value="/home/gsilveri/git/Green3/target/classes" />
    <property name="sun.boot.library.path" value="/usr/lib/jvm/java-7-openjdk-amd64/jre/lib/amd64" />
    <property name="ivy.jar.dir" value="/home/gsilveri/git/Green3/ivy" />
    <property name="ant.project.default-target" value="build" />
    <property name="ant.project.name" value="PNE" />
    <property name="DSTAMP" value="20160410" />
    <property name="java.version" value="1.7.0_95" />
    <property name="user.timezone" value="" />
    <property name="sun.arch.data.model" value="64" />
    <property name="java.endorsed.dirs" value="/usr/lib/jvm/java-7-openjdk-amd64/jre/lib/endorsed" />
    <property name="src.main" value="/home/gsilveri/git/Green3/src/main/java/edu/odu/cs/cs350/namex" />
    <property name="sun.cpu.isalist" value="" />
    <property name="sun.jnu.encoding" value="UTF-8" />
    <property name="file.encoding.pkg" value="sun.io" />
    <property name="file.separator" value="/" />
    <property name="java.specification.name" value="Java Platform API Specification" />
    <property name="java.class.version" value="51.0" />
    <property name="user.country" value="US" />
    <property name="java.home" value="/usr/lib/jvm/java-7-openjdk-amd64/jre" />
    <property name="java.vm.info" value="mixed mode" />
    <property name="ant.file" value="/home/gsilveri/git/Green3/build.xml" />
    <property name="os.version" value="3.19.0-25-generic" />
    <property name="path.separator" value=":" />
    <property name="java.vm.version" value="24.95-b01" />
    <property name="ant.library.dir" value="/home/gsilveri/Desktop/eclipse/plugins/org.apache.ant_1.9.4.v201504302020/lib" />
    <property name="java.awt.printerjob" value="sun.print.PSPrinterJob" />
    <property name="sun.io.unicode.encoding" value="UnicodeLittle" />
    <property name="awt.toolkit" value="sun.awt.X11.XToolkit" />
    <property name="user.home" value="/home/gsilveri" />
    <property name="java.specification.vendor" value="Oracle Corporation" />
    <property name="java.library.path" value="/usr/java/packages/lib/amd64:/usr/lib/x86_64-linux-gnu/jni:/lib/x86_64-linux-gnu:/usr/lib/x86_64-linux-gnu:/usr/lib/jni:/lib:/usr/lib" />
    <property name="java.vendor.url" value="http://java.oracle.com/" />
    <property name="java.vm.vendor" value="Oracle Corporation" />
    <property name="java.runtime.name" value="OpenJDK Runtime Environment" />
    <property name="sun.java.command" value="org.apache.tools.ant.taskdefs.optional.junit.JUnitTestRunner edu.odu.cs.cs350.namex.TestTrainer skipNonTests=false filtertrace=true haltOnError=false haltOnFailure=false showoutput=false outputtoformatters=true logfailedtests=true threadid=0 logtestlistenerevents=false formatter=org.apache.tools.ant.taskdefs.optional.junit.PlainJUnitResultFormatter formatter=org.apache.tools.ant.taskdefs.optional.junit.XMLJUnitResultFormatter,/home/gsilveri/git/Green3/target/test-results/TEST-edu.odu.cs.cs350.namex.TestTrainer.xml crashfile=/home/gsilveri/git/Green3/junitvmwatcher7568888308446313628.properties propsfile=/home/gsilveri/git/Green3/junit140575674530486275.properties" />
    <property name="java.class.path" value="/home/gsilveri/git/Green3/target/test-classes:/home/gsilveri/git/Green3/target/classes:/home/gsilveri/git/Green3/lib/extract-wordlists.jar:/home/gsilveri/git/Green3/lib/hamcrest-core.jar:/home/gsilveri/git/Green3/lib/java-cup.jar:/home/gsilveri/git/Green3/lib/junit-javadoc.jar:/home/gsilveri/git/Green3/lib/junit-sources.jar:/home/gsilveri/git/Green3/lib/junit.jar:/home/gsilveri/git/Green3/lib/weka-stable-javadoc.jar:/home/gsilveri/git/Green3/lib/weka-stable-sources.jar:/home/gsilveri/git/Green3/lib/weka-stable.jar:/home/gsilveri/Desktop/eclipse/plugins/org.apache.ant_1.9.4.v201504302020/lib/ant-launcher.jar:/home/gsilveri/Desktop/eclipse/plugins/org.apache.ant_1.9.4.v201504302020/lib/ant.jar:/home/gsilveri/Desktop/eclipse/plugins/org.apache.ant_1.9.4.v201504302020/lib/ant-junit.jar:/home/gsilveri/Desktop/eclipse/plugins/org.apache.ant_1.9.4.v201504302020/lib/ant-junit4.jar" />
    <property name="ant.version" value="Apache Ant(TM) version 1.9.4 compiled on April 29 2014" />
    <property name="TSTAMP" value="1135" />
    <property name="ivy.install.version" value="2.3.0" />
    <property name="java.vm.specification.name" value="Java Virtual Machine Specification" />
    <property name="java.vm.specification.version" value="1.7" />
    <property name="sun.cpu.endian" value="little" />
    <property name="sun.os.patch.level" value="unknown" />
    <property name="src.test" value="/home/gsilveri/git/Green3/src/test/java/edu/odu/cs/cs350/namex" />
    <property name="java.io.tmpdir" value="/tmp" />
    <property name="java.vendor.url.bug" value="http://bugreport.sun.com/bugreport/" />
    <property name="os.arch" value="amd64" />
    <property name="java.awt.graphicsenv" value="sun.awt.X11GraphicsEnvironment" />
    <property name="java.ext.dirs" value="/usr/lib/jvm/java-7-openjdk-amd64/jre/lib/ext:/usr/java/packages/lib/ext" />
    <property name="user.dir" value="/home/gsilveri/git/Green3" />
    <property name="ivy.jar.file" value="/home/gsilveri/git/Green3/ivy/ivy.jar" />
    <property name="ant.file.PNE" value="/home/gsilveri/git/Green3/build.xml" />
    <property name="line.separator" value="&#xa;" />
    <property name="java.vm.name" value="OpenJDK 64-Bit Server VM" />
    <property name="basedir" value="/home/gsilveri/git/Green3" />
    <property name="ant.java.version" value="1.7" />
    <property name="ant.core.lib" value="/home/gsilveri/Desktop/eclipse/plugins/org.apache.ant_1.9.4.v201504302020/lib/ant.jar" />
    <property name="file.encoding" value="UTF-8" />
    <property name="java.specification.version" value="1.7" />
    <property name="ant.project.invoked-targets" value="build" />
  </properties>
  <testcase classname="edu.odu.cs.cs350.namex.TestTrainer" name="testGetTrainingData" time="0.033">
    <error type="java.lang.NullPointerException">java.lang.NullPointerException
	at edu.odu.cs.cs350.namex.Trainer.getTrainingData(Trainer.java:946)
	at edu.odu.cs.cs350.namex.TestTrainer.testGetTrainingData(TestTrainer.java:229)
</error>
  </testcase>
  <testcase classname="edu.odu.cs.cs350.namex.TestTrainer" name="testGenerateARFF" time="12.513" />
  <testcase classname="edu.odu.cs.cs350.namex.TestTrainer" name="testTrainLM" time="0.031" />
  <testcase classname="edu.odu.cs.cs350.namex.TestTrainer" name="testTrainer" time="0.002">
    <error type="java.lang.NullPointerException">java.lang.NullPointerException
	at edu.odu.cs.cs350.namex.Trainer.getTrainingData(Trainer.java:946)
	at edu.odu.cs.cs350.namex.TestTrainer.testTrainer(TestTrainer.java:220)
</error>
  </testcase>
  <testcase classname="edu.odu.cs.cs350.namex.TestTrainer" name="testTokenize" time="0.003">
    <failure message="expected:&lt;[capitalized]&gt; but was:&lt;[other]&gt;" type="junit.framework.AssertionFailedError">junit.framework.AssertionFailedError: expected:&lt;[capitalized]&gt; but was:&lt;[other]&gt;
	at edu.odu.cs.cs350.namex.TestTrainer.testTokenize(TestTrainer.java:194)
</failure>
  </testcase>
  <testcase classname="edu.odu.cs.cs350.namex.TestTrainer" name="testGenerateShingleARFF" time="22.389" />
  <testcase classname="edu.odu.cs.cs350.namex.TestTrainer" name="testShingle" time="8.402" />
  <testcase classname="edu.odu.cs.cs350.namex.TestTrainer" name="testGetTokenCount" time="0.001">
    <failure message="expected:&lt;3&gt; but was:&lt;1&gt;" type="junit.framework.AssertionFailedError">junit.framework.AssertionFailedError: expected:&lt;3&gt; but was:&lt;1&gt;
	at edu.odu.cs.cs350.namex.TestTrainer.testGetTokenCount(TestTrainer.java:210)
</failure>
  </testcase>
  <system-out><![CDATA[*******************************
 Generating ARFF Training Data
*******************************

 Input FilePath: /home/gsilveri/git/Green3/data/training/trainingData.txt
Output FilePath: /home/gsilveri/git/Green3/data/arff/trainingData.arff

Classifying Tokens from 19956 TextBlocks...

*******************************
      Evaluation Summary
*******************************

Correctly Classified Instances      255008               92.4843 %
Incorrectly Classified Instances     20723                7.5157 %
Kappa statistic                          0.4799
Mean absolute error                      0.0612
Root mean squared error                  0.1873
Relative absolute error                 78.4824 %
Root relative squared error             94.8368 %
Total Number of Instances           275731     

Created: /home/gsilveri/git/Green3/data/arff/trainingData.arff

Shingling 19956 TextBlocks...

*******************************
      Evaluation Summary
*******************************

Correctly Classified Instances      104310               92.4161 %
Incorrectly Classified Instances      8560                7.5839 %
Kappa statistic                          0.6135
Mean absolute error                      0.081 
Root mean squared error                  0.2494
Relative absolute error                 50.2484 %
Root relative squared error             87.8415 %
Total Number of Instances           112870     

Created: /home/gsilveri/git/Green3/data/arff/shingling_training_k3_2.arff
Elapsed Time: 22 seconds.

*******************************
      Evaluation Summary
*******************************

Correctly Classified Instances      104310               92.4161 %
Incorrectly Classified Instances      8560                7.5839 %
Kappa statistic                          0.6135
Mean absolute error                      0.081 
Root mean squared error                  0.2494
Relative absolute error                 50.2484 %
Root relative squared error             87.8415 %
Total Number of Instances           112870     

         Lexemes:   null null null The George Washington University 
 Classifications:   other other other continuing beginning beginning other 
   Contains Name:   yes
             Yes:   100%
              No:   0%

         Lexemes:   null null The George Washington University is 
 Classifications:   other other continuing beginning beginning other other 
   Contains Name:   yes
             Yes:   100%
              No:   0%

         Lexemes:   null The George Washington University is where 
 Classifications:   other continuing beginning beginning other other other 
   Contains Name:   yes
             Yes:   100%
              No:   0%

         Lexemes:   The George Washington University is where I 
 Classifications:   continuing beginning beginning other other other continuing 
   Contains Name:   yes
             Yes:   100%
              No:   0%

         Lexemes:   George Washington University is where I will 
 Classifications:   beginning beginning other other other continuing beginning 
   Contains Name:   yes
             Yes:   100%
              No:   0%

         Lexemes:   Washington University is where I will be 
 Classifications:   beginning other other other continuing beginning other 
   Contains Name:   yes
             Yes:   99%
              No:   1%

         Lexemes:   University is where I will be attending 
 Classifications:   other other other continuing beginning other other 
   Contains Name:   no
             Yes:   17%
              No:   83%

         Lexemes:   is where I will be attending in 
 Classifications:   other other continuing beginning other other beginning 
   Contains Name:   yes
             Yes:   98%
              No:   2%

         Lexemes:   where I will be attending in the 
 Classifications:   other continuing beginning other other beginning other 
   Contains Name:   yes
             Yes:   97%
              No:   3%

         Lexemes:   I will be attending in the fall 
 Classifications:   continuing beginning other other beginning other other 
   Contains Name:   yes
             Yes:   98%
              No:   2%

         Lexemes:   will be attending in the fall . 
 Classifications:   beginning other other beginning other other other 
   Contains Name:   yes
             Yes:   80%
              No:   20%

         Lexemes:   be attending in the fall . null 
 Classifications:   other other beginning other other other other 
   Contains Name:   no
             Yes:   4%
              No:   96%

         Lexemes:   attending in the fall . null null 
 Classifications:   other beginning other other other other other 
   Contains Name:   no
             Yes:   1%
              No:   99%

         Lexemes:   in the fall . null null null 
 Classifications:   beginning other other other other other other 
   Contains Name:   no
             Yes:   2%
              No:   98%

]]></system-out>
  <system-err><![CDATA[]]></system-err>
</testsuite>
