<?xml version="1.0" encoding="UTF-8" ?>
<testsuite errors="0" failures="19" hostname="Scarzee" name="edu.odu.cs.cs350.namex.TestLearningMachine" skipped="0" tests="19" time="0.105" timestamp="2016-04-14T21:56:57">
  <properties>
    <property name="java.vendor" value="Oracle Corporation" />
    <property name="sun.java.launcher" value="SUN_STANDARD" />
    <property name="sun.management.compiler" value="HotSpot 64-Bit Tiered Compilers" />
    <property name="dist" value="C:\Users\Scar\git\Green3\target" />
    <property name="lib" value="C:\Users\Scar\git\Green3\lib" />
    <property name="os.name" value="Windows 8" />
    <property name="sun.boot.class.path" value="C:\Program Files\Java\jdk\jre\lib\resources.jar;C:\Program Files\Java\jdk\jre\lib\rt.jar;C:\Program Files\Java\jdk\jre\lib\sunrsasign.jar;C:\Program Files\Java\jdk\jre\lib\jsse.jar;C:\Program Files\Java\jdk\jre\lib\jce.jar;C:\Program Files\Java\jdk\jre\lib\charsets.jar;C:\Program Files\Java\jdk\jre\lib\jfr.jar;C:\Program Files\Java\jdk\jre\classes" />
    <property name="TODAY" value="April 14 2016" />
    <property name="sun.desktop" value="windows" />
    <property name="java.vm.specification.vendor" value="Oracle Corporation" />
    <property name="ant.home" value="C:\Users\Scar\.p2\pool\plugins\org.apache.ant_1.9.6.v201510161327" />
    <property name="java.runtime.version" value="1.7.0_25-b17" />
    <property name="user.name" value="Scar" />
    <property name="ant.file.type.PNE" value="file" />
    <property name="user.language" value="en" />
    <property name="build" value="C:\Users\Scar\git\Green3\target\classes" />
    <property name="sun.boot.library.path" value="C:\Program Files\Java\jdk\jre\bin" />
    <property name="ivy.jar.dir" value="C:\Users\Scar\git\Green3/ivy" />
    <property name="ant.project.default-target" value="build" />
    <property name="ant.project.name" value="PNE" />
    <property name="DSTAMP" value="20160414" />
    <property name="java.version" value="1.7.0_25" />
    <property name="user.timezone" value="" />
    <property name="sun.arch.data.model" value="64" />
    <property name="java.endorsed.dirs" value="C:\Program Files\Java\jdk\jre\lib\endorsed" />
    <property name="src.main" value="C:\Users\Scar\git\Green3\src\main\java\edu\odu\cs\cs350\namex" />
    <property name="sun.cpu.isalist" value="amd64" />
    <property name="sun.jnu.encoding" value="Cp1252" />
    <property name="file.encoding.pkg" value="sun.io" />
    <property name="file.separator" value="\" />
    <property name="java.specification.name" value="Java Platform API Specification" />
    <property name="java.class.version" value="51.0" />
    <property name="user.country" value="US" />
    <property name="java.home" value="C:\Program Files\Java\jdk\jre" />
    <property name="java.vm.info" value="mixed mode" />
    <property name="ant.file" value="C:\Users\Scar\git\Green3\build.xml" />
    <property name="os.version" value="6.2" />
    <property name="path.separator" value=";" />
    <property name="java.vm.version" value="23.25-b01" />
    <property name="user.variant" value="" />
    <property name="ant.library.dir" value="C:\Users\Scar\.p2\pool\plugins\org.apache.ant_1.9.6.v201510161327\lib" />
    <property name="java.awt.printerjob" value="sun.awt.windows.WPrinterJob" />
    <property name="sun.io.unicode.encoding" value="UnicodeLittle" />
    <property name="awt.toolkit" value="sun.awt.windows.WToolkit" />
    <property name="user.script" value="" />
    <property name="user.home" value="C:\Users\Scar" />
    <property name="java.specification.vendor" value="Oracle Corporation" />
    <property name="java.library.path" value="C:\Program Files\Java\jdk\jre\bin;C:\WINDOWS\Sun\Java\bin;C:\WINDOWS\system32;C:\WINDOWS;C:/Program Files/Java/jdk/jre/bin/server;C:/Program Files/Java/jdk/jre/bin;C:/Program Files/Java/jdk/jre/lib/amd64;C:\ProgramData\Oracle\Java\javapath;C:\Program Files (x86)\Intel\iCLS Client\;C:\Program Files\Intel\iCLS Client\;C:\WINDOWS\system32;C:\WINDOWS;C:\WINDOWS\System32\Wbem;C:\WINDOWS\System32\WindowsPowerShell\v1.0\;C:\Program Files\Intel\Intel(R) Management Engine Components\DAL;C:\Program Files\Intel\Intel(R) Management Engine Components\IPT;C:\Program Files (x86)\Intel\Intel(R) Management Engine Components\DAL;C:\Program Files (x86)\Intel\Intel(R) Management Engine Components\IPT;C:\Program Files (x86)\Intel\OpenCL SDK\2.0\bin\x86;C:\Program Files (x86)\Intel\OpenCL SDK\2.0\bin\x64;C:\Program Files\Lenovo\Bluetooth Software\;C:\Program Files\Lenovo\Bluetooth Software\syswow64;C:\Program Files\Java\jdk1.7.0_15\bin;C:\Program Files (x86)\Calibre2\;C:\Program Files\Java\jdk\bin;C:\Users\Scar\.dnx\bin;C:\Program Files\Microsoft DNX\Dnvm\;C:\Program Files\Microsoft SQL Server\120\Tools\Binn\;C:\Users\Scar\Downloads\apache-ant-1.9.6\bin;C:\Users\Scar\Downloads\apache-ant-1.9.6\bin;C:\Users\Scar\Desktop;;." />
    <property name="java.vendor.url" value="http://java.oracle.com/" />
    <property name="java.vm.vendor" value="Oracle Corporation" />
    <property name="java.runtime.name" value="Java(TM) SE Runtime Environment" />
    <property name="sun.java.command" value="org.apache.tools.ant.taskdefs.optional.junit.JUnitTestRunner edu.odu.cs.cs350.namex.TestLearningMachine skipNonTests=false filtertrace=true haltOnError=false haltOnFailure=false showoutput=false outputtoformatters=true logfailedtests=true threadid=0 logtestlistenerevents=false formatter=org.apache.tools.ant.taskdefs.optional.junit.PlainJUnitResultFormatter formatter=org.apache.tools.ant.taskdefs.optional.junit.XMLJUnitResultFormatter,C:\Users\Scar\git\Green3\target\test-results\TEST-edu.odu.cs.cs350.namex.TestLearningMachine.xml crashfile=C:\Users\Scar\git\Green3\junitvmwatcher4355122909424646705.properties propsfile=C:\Users\Scar\git\Green3\junit3809378341581605620.properties" />
    <property name="java.class.path" value="C:\Users\Scar\git\Green3\target\test-classes;C:\Users\Scar\git\Green3\target\classes;C:\Users\Scar\git\Green3\lib\ant-launcher.jar;C:\Users\Scar\git\Green3\lib\ant.jar;C:\Users\Scar\git\Green3\lib\asm-debug-all.jar;C:\Users\Scar\git\Green3\lib\extract-wordlists.jar;C:\Users\Scar\git\Green3\lib\hamcrest-core.jar;C:\Users\Scar\git\Green3\lib\java-cup.jar;C:\Users\Scar\git\Green3\lib\junit-javadoc.jar;C:\Users\Scar\git\Green3\lib\junit-sources.jar;C:\Users\Scar\git\Green3\lib\junit.jar;C:\Users\Scar\git\Green3\lib\org.jacoco.agent.jar;C:\Users\Scar\git\Green3\lib\org.jacoco.ant-javadoc.jar;C:\Users\Scar\git\Green3\lib\org.jacoco.ant-sources.jar;C:\Users\Scar\git\Green3\lib\org.jacoco.ant.jar;C:\Users\Scar\git\Green3\lib\org.jacoco.core.jar;C:\Users\Scar\git\Green3\lib\org.jacoco.report.jar;C:\Users\Scar\git\Green3\lib\weka-stable-javadoc.jar;C:\Users\Scar\git\Green3\lib\weka-stable-sources.jar;C:\Users\Scar\git\Green3\lib\weka-stable.jar;C:\Users\Scar\.p2\pool\plugins\org.apache.ant_1.9.6.v201510161327\lib\ant-launcher.jar;C:\Users\Scar\.p2\pool\plugins\org.apache.ant_1.9.6.v201510161327\lib\ant.jar;C:\Users\Scar\.p2\pool\plugins\org.apache.ant_1.9.6.v201510161327\lib\ant-junit.jar;C:\Users\Scar\.p2\pool\plugins\org.apache.ant_1.9.6.v201510161327\lib\ant-junit4.jar" />
    <property name="ant.version" value="Apache Ant(TM) version 1.9.6 compiled on June 29 2015" />
    <property name="TSTAMP" value="1756" />
    <property name="ivy.install.version" value="2.3.0" />
    <property name="java.vm.specification.name" value="Java Virtual Machine Specification" />
    <property name="java.vm.specification.version" value="1.7" />
    <property name="sun.cpu.endian" value="little" />
    <property name="sun.os.patch.level" value="" />
    <property name="src.test" value="C:\Users\Scar\git\Green3\src\test\java\edu\odu\cs\cs350\namex" />
    <property name="java.io.tmpdir" value="C:\Users\Scar\AppData\Local\Temp\" />
    <property name="java.vendor.url.bug" value="http://bugreport.sun.com/bugreport/" />
    <property name="os.arch" value="amd64" />
    <property name="java.awt.graphicsenv" value="sun.awt.Win32GraphicsEnvironment" />
    <property name="java.ext.dirs" value="C:\Program Files\Java\jdk\jre\lib\ext;C:\WINDOWS\Sun\Java\lib\ext" />
    <property name="user.dir" value="C:\Users\Scar\git\Green3" />
    <property name="ivy.jar.file" value="C:\Users\Scar\git\Green3/ivy/ivy.jar" />
    <property name="ant.file.PNE" value="C:\Users\Scar\git\Green3\build.xml" />
    <property name="line.separator" value="
" />
    <property name="java.vm.name" value="Java HotSpot(TM) 64-Bit Server VM" />
    <property name="basedir" value="C:\Users\Scar\git\Green3" />
    <property name="ant.java.version" value="1.7" />
    <property name="ant.core.lib" value="C:\Users\Scar\.p2\pool\plugins\org.apache.ant_1.9.6.v201510161327\lib\ant.jar" />
    <property name="file.encoding" value="Cp1252" />
    <property name="java.specification.version" value="1.7" />
    <property name="ant.project.invoked-targets" value="build,resolve-ivy,install-ivy,download-ivy,init,compile" />
  </properties>
  <testcase classname="edu.odu.cs.cs350.namex.TestLearningMachine" name="testGetTrainingData" time="0.008">
    <failure message="Not yet implemented" type="junit.framework.AssertionFailedError">junit.framework.AssertionFailedError: Not yet implemented
	at edu.odu.cs.cs350.namex.TestLearningMachine.testGetTrainingData(TestLearningMachine.java:89)
</failure>
  </testcase>
  <testcase classname="edu.odu.cs.cs350.namex.TestLearningMachine" name="testImportARFFString" time="0.002">
    <failure message="Not yet implemented" type="junit.framework.AssertionFailedError">junit.framework.AssertionFailedError: Not yet implemented
	at edu.odu.cs.cs350.namex.TestLearningMachine.testImportARFFString(TestLearningMachine.java:74)
</failure>
  </testcase>
  <testcase classname="edu.odu.cs.cs350.namex.TestLearningMachine" name="testImportARFFStringArray" time="0.002">
    <failure message="Not yet implemented" type="junit.framework.AssertionFailedError">junit.framework.AssertionFailedError: Not yet implemented
	at edu.odu.cs.cs350.namex.TestLearningMachine.testImportARFFStringArray(TestLearningMachine.java:84)
</failure>
  </testcase>
  <testcase classname="edu.odu.cs.cs350.namex.TestLearningMachine" name="testTrainInstances" time="0.003">
    <failure message="Not yet implemented" type="junit.framework.AssertionFailedError">junit.framework.AssertionFailedError: Not yet implemented
	at edu.odu.cs.cs350.namex.TestLearningMachine.testTrainInstances(TestLearningMachine.java:24)
</failure>
  </testcase>
  <testcase classname="edu.odu.cs.cs350.namex.TestLearningMachine" name="testTrain" time="0.002">
    <failure message="Not yet implemented" type="junit.framework.AssertionFailedError">junit.framework.AssertionFailedError: Not yet implemented
	at edu.odu.cs.cs350.namex.TestLearningMachine.testTrain(TestLearningMachine.java:29)
</failure>
  </testcase>
  <testcase classname="edu.odu.cs.cs350.namex.TestLearningMachine" name="testPrintARFF" time="0.002">
    <failure message="Not yet implemented" type="junit.framework.AssertionFailedError">junit.framework.AssertionFailedError: Not yet implemented
	at edu.odu.cs.cs350.namex.TestLearningMachine.testPrintARFF(TestLearningMachine.java:64)
</failure>
  </testcase>
  <testcase classname="edu.odu.cs.cs350.namex.TestLearningMachine" name="testGetShingleDistribution" time="0.002">
    <failure message="Not yet implemented" type="junit.framework.AssertionFailedError">junit.framework.AssertionFailedError: Not yet implemented
	at edu.odu.cs.cs350.namex.TestLearningMachine.testGetShingleDistribution(TestLearningMachine.java:49)
</failure>
  </testcase>
  <testcase classname="edu.odu.cs.cs350.namex.TestLearningMachine" name="testClassifyOld" time="0.002">
    <failure message="Not yet implemented" type="junit.framework.AssertionFailedError">junit.framework.AssertionFailedError: Not yet implemented
	at edu.odu.cs.cs350.namex.TestLearningMachine.testClassifyOld(TestLearningMachine.java:54)
</failure>
  </testcase>
  <testcase classname="edu.odu.cs.cs350.namex.TestLearningMachine" name="testExportARFF" time="0.001">
    <failure message="Not yet implemented" type="junit.framework.AssertionFailedError">junit.framework.AssertionFailedError: Not yet implemented
	at edu.odu.cs.cs350.namex.TestLearningMachine.testExportARFF(TestLearningMachine.java:69)
</failure>
  </testcase>
  <testcase classname="edu.odu.cs.cs350.namex.TestLearningMachine" name="testClassifyShingle" time="0.002">
    <failure message="Not yet implemented" type="junit.framework.AssertionFailedError">junit.framework.AssertionFailedError: Not yet implemented
	at edu.odu.cs.cs350.namex.TestLearningMachine.testClassifyShingle(TestLearningMachine.java:44)
</failure>
  </testcase>
  <testcase classname="edu.odu.cs.cs350.namex.TestLearningMachine" name="testGetDistribution" time="0.002">
    <failure message="Not yet implemented" type="junit.framework.AssertionFailedError">junit.framework.AssertionFailedError: Not yet implemented
	at edu.odu.cs.cs350.namex.TestLearningMachine.testGetDistribution(TestLearningMachine.java:34)
</failure>
  </testcase>
  <testcase classname="edu.odu.cs.cs350.namex.TestLearningMachine" name="testGetTrainingInstances" time="0.001">
    <failure message="Not yet implemented" type="junit.framework.AssertionFailedError">junit.framework.AssertionFailedError: Not yet implemented
	at edu.odu.cs.cs350.namex.TestLearningMachine.testGetTrainingInstances(TestLearningMachine.java:109)
</failure>
  </testcase>
  <testcase classname="edu.odu.cs.cs350.namex.TestLearningMachine" name="testGetAttribute" time="0.001">
    <failure message="Not yet implemented" type="junit.framework.AssertionFailedError">junit.framework.AssertionFailedError: Not yet implemented
	at edu.odu.cs.cs350.namex.TestLearningMachine.testGetAttribute(TestLearningMachine.java:99)
</failure>
  </testcase>
  <testcase classname="edu.odu.cs.cs350.namex.TestLearningMachine" name="testImportARFFHashSetOfString" time="0.002">
    <failure message="Not yet implemented" type="junit.framework.AssertionFailedError">junit.framework.AssertionFailedError: Not yet implemented
	at edu.odu.cs.cs350.namex.TestLearningMachine.testImportARFFHashSetOfString(TestLearningMachine.java:79)
</failure>
  </testcase>
  <testcase classname="edu.odu.cs.cs350.namex.TestLearningMachine" name="testGetClassifier" time="0.001">
    <failure message="Not yet implemented" type="junit.framework.AssertionFailedError">junit.framework.AssertionFailedError: Not yet implemented
	at edu.odu.cs.cs350.namex.TestLearningMachine.testGetClassifier(TestLearningMachine.java:94)
</failure>
  </testcase>
  <testcase classname="edu.odu.cs.cs350.namex.TestLearningMachine" name="testClassify" time="0.002">
    <failure message="Not yet implemented" type="junit.framework.AssertionFailedError">junit.framework.AssertionFailedError: Not yet implemented
	at edu.odu.cs.cs350.namex.TestLearningMachine.testClassify(TestLearningMachine.java:39)
</failure>
  </testcase>
  <testcase classname="edu.odu.cs.cs350.namex.TestLearningMachine" name="testPrintEvaluationSummary" time="0.002">
    <failure message="Not yet implemented" type="junit.framework.AssertionFailedError">junit.framework.AssertionFailedError: Not yet implemented
	at edu.odu.cs.cs350.namex.TestLearningMachine.testPrintEvaluationSummary(TestLearningMachine.java:59)
</failure>
  </testcase>
  <testcase classname="edu.odu.cs.cs350.namex.TestLearningMachine" name="testGetNumberOfAttributes" time="0.001">
    <failure message="Not yet implemented" type="junit.framework.AssertionFailedError">junit.framework.AssertionFailedError: Not yet implemented
	at edu.odu.cs.cs350.namex.TestLearningMachine.testGetNumberOfAttributes(TestLearningMachine.java:104)
</failure>
  </testcase>
  <testcase classname="edu.odu.cs.cs350.namex.TestLearningMachine" name="testGetSerialVersionUID" time="0.0">
    <failure message="Not yet implemented" type="junit.framework.AssertionFailedError">junit.framework.AssertionFailedError: Not yet implemented
	at edu.odu.cs.cs350.namex.TestLearningMachine.testGetSerialVersionUID(TestLearningMachine.java:19)
</failure>
  </testcase>
  <system-out><![CDATA[]]></system-out>
  <system-err><![CDATA[]]></system-err>
</testsuite>
