<?xml version="1.0" encoding="UTF-8" ?>
<testsuite errors="0" failures="1" hostname="ubuntu" name="edu.odu.cs.cs350.namex.TestLibrarian" skipped="0" tests="8" time="14.424" timestamp="2016-04-11T06:28:17">
  <properties>
    <property name="java.vendor" value="Oracle Corporation" />
    <property name="sun.java.launcher" value="SUN_STANDARD" />
    <property name="sun.management.compiler" value="HotSpot 64-Bit Tiered Compilers" />
    <property name="dist" value="/home/gsilveri/git/Green3/target" />
    <property name="lib" value="/home/gsilveri/git/Green3/lib" />
    <property name="os.name" value="Linux" />
    <property name="sun.boot.class.path" value="/usr/lib/jvm/java-7-openjdk-amd64/jre/lib/resources.jar:/usr/lib/jvm/java-7-openjdk-amd64/jre/lib/rt.jar:/usr/lib/jvm/java-7-openjdk-amd64/jre/lib/sunrsasign.jar:/usr/lib/jvm/java-7-openjdk-amd64/jre/lib/jsse.jar:/usr/lib/jvm/java-7-openjdk-amd64/jre/lib/jce.jar:/usr/lib/jvm/java-7-openjdk-amd64/jre/lib/charsets.jar:/usr/lib/jvm/java-7-openjdk-amd64/jre/lib/rhino.jar:/usr/lib/jvm/java-7-openjdk-amd64/jre/lib/jfr.jar:/usr/lib/jvm/java-7-openjdk-amd64/jre/classes" />
    <property name="TODAY" value="April 10 2016" />
    <property name="sun.desktop" value="gnome" />
    <property name="java.vm.specification.vendor" value="Oracle Corporation" />
    <property name="ant.home" value="/home/gsilveri/Desktop/eclipse/plugins/org.apache.ant_1.9.4.v201504302020" />
    <property name="java.runtime.version" value="1.7.0_95-b00" />
    <property name="user.name" value="gsilveri" />
    <property name="ant.file.type.PNE" value="file" />
    <property name="user.language" value="en" />
    <property name="build" value="/home/gsilveri/git/Green3/target/classes" />
    <property name="sun.boot.library.path" value="/usr/lib/jvm/java-7-openjdk-amd64/jre/lib/amd64" />
    <property name="ivy.jar.dir" value="/home/gsilveri/git/Green3/ivy" />
    <property name="ant.project.default-target" value="build" />
    <property name="ant.project.name" value="PNE" />
    <property name="DSTAMP" value="20160410" />
    <property name="java.version" value="1.7.0_95" />
    <property name="user.timezone" value="" />
    <property name="sun.arch.data.model" value="64" />
    <property name="java.endorsed.dirs" value="/usr/lib/jvm/java-7-openjdk-amd64/jre/lib/endorsed" />
    <property name="src.main" value="/home/gsilveri/git/Green3/src/main/java/edu/odu/cs/cs350/namex" />
    <property name="sun.cpu.isalist" value="" />
    <property name="sun.jnu.encoding" value="UTF-8" />
    <property name="file.encoding.pkg" value="sun.io" />
    <property name="file.separator" value="/" />
    <property name="java.specification.name" value="Java Platform API Specification" />
    <property name="java.class.version" value="51.0" />
    <property name="user.country" value="US" />
    <property name="java.home" value="/usr/lib/jvm/java-7-openjdk-amd64/jre" />
    <property name="java.vm.info" value="mixed mode" />
    <property name="ant.file" value="/home/gsilveri/git/Green3/build.xml" />
    <property name="os.version" value="3.19.0-25-generic" />
    <property name="path.separator" value=":" />
    <property name="java.vm.version" value="24.95-b01" />
    <property name="ant.library.dir" value="/home/gsilveri/Desktop/eclipse/plugins/org.apache.ant_1.9.4.v201504302020/lib" />
    <property name="java.awt.printerjob" value="sun.print.PSPrinterJob" />
    <property name="sun.io.unicode.encoding" value="UnicodeLittle" />
    <property name="awt.toolkit" value="sun.awt.X11.XToolkit" />
    <property name="user.home" value="/home/gsilveri" />
    <property name="java.specification.vendor" value="Oracle Corporation" />
    <property name="java.library.path" value="/usr/java/packages/lib/amd64:/usr/lib/x86_64-linux-gnu/jni:/lib/x86_64-linux-gnu:/usr/lib/x86_64-linux-gnu:/usr/lib/jni:/lib:/usr/lib" />
    <property name="java.vendor.url" value="http://java.oracle.com/" />
    <property name="java.vm.vendor" value="Oracle Corporation" />
    <property name="java.runtime.name" value="OpenJDK Runtime Environment" />
    <property name="sun.java.command" value="org.apache.tools.ant.taskdefs.optional.junit.JUnitTestRunner edu.odu.cs.cs350.namex.TestLibrarian skipNonTests=false filtertrace=true haltOnError=false haltOnFailure=false showoutput=false outputtoformatters=true logfailedtests=true threadid=0 logtestlistenerevents=false formatter=org.apache.tools.ant.taskdefs.optional.junit.PlainJUnitResultFormatter formatter=org.apache.tools.ant.taskdefs.optional.junit.XMLJUnitResultFormatter,/home/gsilveri/git/Green3/target/test-results/TEST-edu.odu.cs.cs350.namex.TestLibrarian.xml crashfile=/home/gsilveri/git/Green3/junitvmwatcher5380128314473832560.properties propsfile=/home/gsilveri/git/Green3/junit5110461530543100761.properties" />
    <property name="java.class.path" value="/home/gsilveri/git/Green3/target/test-classes:/home/gsilveri/git/Green3/target/classes:/home/gsilveri/git/Green3/lib/extract-wordlists.jar:/home/gsilveri/git/Green3/lib/hamcrest-core.jar:/home/gsilveri/git/Green3/lib/java-cup.jar:/home/gsilveri/git/Green3/lib/junit-javadoc.jar:/home/gsilveri/git/Green3/lib/junit-sources.jar:/home/gsilveri/git/Green3/lib/junit.jar:/home/gsilveri/git/Green3/lib/weka-stable-javadoc.jar:/home/gsilveri/git/Green3/lib/weka-stable-sources.jar:/home/gsilveri/git/Green3/lib/weka-stable.jar:/home/gsilveri/Desktop/eclipse/plugins/org.apache.ant_1.9.4.v201504302020/lib/ant-launcher.jar:/home/gsilveri/Desktop/eclipse/plugins/org.apache.ant_1.9.4.v201504302020/lib/ant.jar:/home/gsilveri/Desktop/eclipse/plugins/org.apache.ant_1.9.4.v201504302020/lib/ant-junit.jar:/home/gsilveri/Desktop/eclipse/plugins/org.apache.ant_1.9.4.v201504302020/lib/ant-junit4.jar" />
    <property name="ant.version" value="Apache Ant(TM) version 1.9.4 compiled on April 29 2014" />
    <property name="TSTAMP" value="2328" />
    <property name="ivy.install.version" value="2.3.0" />
    <property name="java.vm.specification.name" value="Java Virtual Machine Specification" />
    <property name="java.vm.specification.version" value="1.7" />
    <property name="sun.cpu.endian" value="little" />
    <property name="sun.os.patch.level" value="unknown" />
    <property name="src.test" value="/home/gsilveri/git/Green3/src/test/java/edu/odu/cs/cs350/namex" />
    <property name="java.io.tmpdir" value="/tmp" />
    <property name="java.vendor.url.bug" value="http://bugreport.sun.com/bugreport/" />
    <property name="os.arch" value="amd64" />
    <property name="java.awt.graphicsenv" value="sun.awt.X11GraphicsEnvironment" />
    <property name="java.ext.dirs" value="/usr/lib/jvm/java-7-openjdk-amd64/jre/lib/ext:/usr/java/packages/lib/ext" />
    <property name="user.dir" value="/home/gsilveri/git/Green3" />
    <property name="ivy.jar.file" value="/home/gsilveri/git/Green3/ivy/ivy.jar" />
    <property name="ant.file.PNE" value="/home/gsilveri/git/Green3/build.xml" />
    <property name="line.separator" value="&#xa;" />
    <property name="java.vm.name" value="OpenJDK 64-Bit Server VM" />
    <property name="basedir" value="/home/gsilveri/git/Green3" />
    <property name="ant.java.version" value="1.7" />
    <property name="ant.core.lib" value="/home/gsilveri/Desktop/eclipse/plugins/org.apache.ant_1.9.4.v201504302020/lib/ant.jar" />
    <property name="file.encoding" value="UTF-8" />
    <property name="java.specification.version" value="1.7" />
    <property name="ant.project.invoked-targets" value="build" />
  </properties>
  <testcase classname="edu.odu.cs.cs350.namex.TestLibrarian" name="testSeparateNER" time="0.01" />
  <testcase classname="edu.odu.cs.cs350.namex.TestLibrarian" name="testPackage" time="0.0" />
  <testcase classname="edu.odu.cs.cs350.namex.TestLibrarian" name="testMain" time="9.141" />
  <testcase classname="edu.odu.cs.cs350.namex.TestLibrarian" name="testWeka" time="2.825" />
  <testcase classname="edu.odu.cs.cs350.namex.TestLibrarian" name="testMarkClassificationTag" time="0.43">
    <failure message="expected:&lt;This &lt;ADJ&gt;small&lt;/ADJ&gt; paper was &lt;VERB&gt;written&lt;/VERB&gt; by &lt;NOUN&gt;Pythagoras&lt;/NOUN&gt;.&gt; but was:&lt;null&gt;" type="junit.framework.AssertionFailedError">junit.framework.AssertionFailedError: expected:&lt;This &lt;ADJ&gt;small&lt;/ADJ&gt; paper was &lt;VERB&gt;written&lt;/VERB&gt; by &lt;NOUN&gt;Pythagoras&lt;/NOUN&gt;.&gt; but was:&lt;null&gt;
	at edu.odu.cs.cs350.namex.TestLibrarian.testMarkClassificationTag(TestLibrarian.java:334)
</failure>
  </testcase>
  <testcase classname="edu.odu.cs.cs350.namex.TestLibrarian" name="testGetLexicalFeature" time="0.604" />
  <testcase classname="edu.odu.cs.cs350.namex.TestLibrarian" name="testClassifyToken" time="0.745" />
  <testcase classname="edu.odu.cs.cs350.namex.TestLibrarian" name="testGetFeatures" time="0.566" />
  <system-out><![CDATA[*******************************
 Generating ARFF Training Data
*******************************

 Input FilePath: /home/gsilveri/git/Green3/data/training/trainingData.txt
Output FilePath: /home/gsilveri/git/Green3/data/arff/trainingData.arff

Classifying Tokens from 19956 TextBlocks...
Created: /home/gsilveri/git/Green3/data/arff/trainingData.arff
*******************************
 Saving Learning Machine to LearningMachine.model
*******************************


*******************************
      Evaluation Summary
*******************************

Correctly Classified Instances      214965               91.8022 %
Incorrectly Classified Instances     19196                8.1978 %
Kappa statistic                          0.5001
Mean absolute error                      0.057 
Root mean squared error                  0.1883
Relative absolute error                 63.6573 %
Root relative squared error             88.9614 %
Total Number of Instances           234161     

            lexeme:   Good
    classification:   continuing
         beginning:   30%
        continuing:   48%
             other:   22%
           lexical:   capitalized
    part of speech:   other
   dictionary word:   1
        city/state:   0
 country/territory:   0
             place:   0
        DTIC first:   0
         DTIC last:   1
      common first:   0
       common last:   1
         honorific:   0
            prefix:   0
            suffix:   0
         kill word:   0

            lexeme:   afternoon
    classification:   other
         beginning:   0%
        continuing:   0%
             other:   100%
           lexical:   other
    part of speech:   other
   dictionary word:   1
        city/state:   0
 country/territory:   0
             place:   0
        DTIC first:   0
         DTIC last:   0
      common first:   0
       common last:   0
         honorific:   0
            prefix:   0
            suffix:   0
         kill word:   0

            lexeme:   ,
    classification:   other
         beginning:   0%
        continuing:   0%
             other:   100%
           lexical:   punct
    part of speech:   comma
   dictionary word:   0
        city/state:   0
 country/territory:   0
             place:   0
        DTIC first:   0
         DTIC last:   0
      common first:   0
       common last:   0
         honorific:   0
            prefix:   0
            suffix:   0
         kill word:   0

            lexeme:   this
    classification:   other
         beginning:   0%
        continuing:   0%
             other:   100%
           lexical:   other
    part of speech:   other
   dictionary word:   1
        city/state:   0
 country/territory:   0
             place:   0
        DTIC first:   0
         DTIC last:   0
      common first:   0
       common last:   0
         honorific:   0
            prefix:   0
            suffix:   0
         kill word:   0

            lexeme:   is
    classification:   other
         beginning:   0%
        continuing:   0%
             other:   100%
           lexical:   other
    part of speech:   other
   dictionary word:   1
        city/state:   0
 country/territory:   0
             place:   0
        DTIC first:   1
         DTIC last:   0
      common first:   0
       common last:   0
         honorific:   0
            prefix:   0
            suffix:   0
         kill word:   0

            lexeme:   John
    classification:   beginning
         beginning:   84%
        continuing:   16%
             other:   0%
           lexical:   capitalized
    part of speech:   other
   dictionary word:   1
        city/state:   0
 country/territory:   0
             place:   1
        DTIC first:   1
         DTIC last:   1
      common first:   1
       common last:   1
         honorific:   0
            prefix:   0
            suffix:   0
         kill word:   0

            lexeme:   Smith
    classification:   beginning
         beginning:   62%
        continuing:   38%
             other:   0%
           lexical:   capitalized
    part of speech:   other
   dictionary word:   1
        city/state:   0
 country/territory:   0
             place:   1
        DTIC first:   1
         DTIC last:   1
      common first:   0
       common last:   1
         honorific:   0
            prefix:   0
            suffix:   0
         kill word:   0

            lexeme:   .
    classification:   other
         beginning:   0%
        continuing:   0%
             other:   100%
           lexical:   punct
    part of speech:   period
   dictionary word:   0
        city/state:   0
 country/territory:   0
             place:   0
        DTIC first:   0
         DTIC last:   0
      common first:   0
       common last:   0
         honorific:   0
            prefix:   0
            suffix:   0
         kill word:   0

            lexeme:   I
    classification:   continuing
         beginning:   3%
        continuing:   72%
             other:   25%
           lexical:   capLetter
    part of speech:   other
   dictionary word:   1
        city/state:   0
 country/territory:   0
             place:   0
        DTIC first:   1
         DTIC last:   0
      common first:   0
       common last:   0
         honorific:   0
            prefix:   0
            suffix:   0
         kill word:   0

            lexeme:   will
    classification:   other
         beginning:   5%
        continuing:   9%
             other:   86%
           lexical:   other
    part of speech:   other
   dictionary word:   1
        city/state:   0
 country/territory:   0
             place:   0
        DTIC first:   1
         DTIC last:   1
      common first:   1
       common last:   1
         honorific:   0
            prefix:   0
            suffix:   0
         kill word:   0

            lexeme:   be
    classification:   other
         beginning:   0%
        continuing:   1%
             other:   99%
           lexical:   other
    part of speech:   other
   dictionary word:   1
        city/state:   0
 country/territory:   0
             place:   0
        DTIC first:   1
         DTIC last:   1
      common first:   0
       common last:   1
         honorific:   0
            prefix:   0
            suffix:   0
         kill word:   0

            lexeme:   attending
    classification:   other
         beginning:   0%
        continuing:   0%
             other:   100%
           lexical:   other
    part of speech:   other
   dictionary word:   1
        city/state:   0
 country/territory:   0
             place:   0
        DTIC first:   0
         DTIC last:   0
      common first:   0
       common last:   0
         honorific:   0
            prefix:   0
            suffix:   0
         kill word:   0

            lexeme:   George
    classification:   beginning
         beginning:   84%
        continuing:   16%
             other:   0%
           lexical:   capitalized
    part of speech:   other
   dictionary word:   1
        city/state:   0
 country/territory:   0
             place:   1
        DTIC first:   1
         DTIC last:   1
      common first:   1
       common last:   1
         honorific:   0
            prefix:   0
            suffix:   0
         kill word:   0

            lexeme:   Washington
    classification:   beginning
         beginning:   62%
        continuing:   38%
             other:   0%
           lexical:   capitalized
    part of speech:   other
   dictionary word:   1
        city/state:   0
 country/territory:   0
             place:   1
        DTIC first:   1
         DTIC last:   1
      common first:   0
       common last:   1
         honorific:   0
            prefix:   0
            suffix:   0
         kill word:   0

            lexeme:   University
    classification:   other
         beginning:   0%
        continuing:   0%
             other:   100%
           lexical:   capitalized
    part of speech:   other
   dictionary word:   1
        city/state:   0
 country/territory:   0
             place:   1
        DTIC first:   0
         DTIC last:   0
      common first:   0
       common last:   0
         honorific:   0
            prefix:   0
            suffix:   0
         kill word:   1

            lexeme:   next
    classification:   other
         beginning:   0%
        continuing:   0%
             other:   100%
           lexical:   other
    part of speech:   other
   dictionary word:   1
        city/state:   0
 country/territory:   0
             place:   0
        DTIC first:   0
         DTIC last:   0
      common first:   0
       common last:   0
         honorific:   0
            prefix:   0
            suffix:   0
         kill word:   0

            lexeme:   year
    classification:   other
         beginning:   0%
        continuing:   0%
             other:   100%
           lexical:   other
    part of speech:   other
   dictionary word:   1
        city/state:   0
 country/territory:   0
             place:   0
        DTIC first:   0
         DTIC last:   0
      common first:   0
       common last:   0
         honorific:   0
            prefix:   0
            suffix:   0
         kill word:   0

            lexeme:   .
    classification:   other
         beginning:   0%
        continuing:   0%
             other:   100%
           lexical:   punct
    part of speech:   period
   dictionary word:   0
        city/state:   0
 country/territory:   0
             place:   0
        DTIC first:   0
         DTIC last:   0
      common first:   0
       common last:   0
         honorific:   0
            prefix:   0
            suffix:   0
         kill word:   0

            lexeme:   Say
    classification:   continuing
         beginning:   45%
        continuing:   54%
             other:   2%
           lexical:   capitalized
    part of speech:   other
   dictionary word:   1
        city/state:   0
 country/territory:   0
             place:   0
        DTIC first:   1
         DTIC last:   1
      common first:   0
       common last:   1
         honorific:   0
            prefix:   0
            suffix:   0
         kill word:   0

            lexeme:   hello
    classification:   other
         beginning:   0%
        continuing:   0%
             other:   100%
           lexical:   other
    part of speech:   other
   dictionary word:   1
        city/state:   0
 country/territory:   0
             place:   0
        DTIC first:   0
         DTIC last:   0
      common first:   0
       common last:   0
         honorific:   0
            prefix:   0
            suffix:   0
         kill word:   0

            lexeme:   to
    classification:   other
         beginning:   0%
        continuing:   1%
             other:   99%
           lexical:   other
    part of speech:   other
   dictionary word:   1
        city/state:   0
 country/territory:   0
             place:   0
        DTIC first:   1
         DTIC last:   1
      common first:   0
       common last:   1
         honorific:   0
            prefix:   0
            suffix:   0
         kill word:   0

            lexeme:   Mr
    classification:   beginning
         beginning:   77%
        continuing:   1%
             other:   22%
           lexical:   capitalized
    part of speech:   other
   dictionary word:   1
        city/state:   0
 country/territory:   0
             place:   0
        DTIC first:   1
         DTIC last:   0
      common first:   0
       common last:   0
         honorific:   1
            prefix:   0
            suffix:   0
         kill word:   0

            lexeme:   .
    classification:   other
         beginning:   0%
        continuing:   0%
             other:   100%
           lexical:   punct
    part of speech:   period
   dictionary word:   0
        city/state:   0
 country/territory:   0
             place:   0
        DTIC first:   0
         DTIC last:   0
      common first:   0
       common last:   0
         honorific:   0
            prefix:   0
            suffix:   0
         kill word:   0

            lexeme:   Samuel
    classification:   beginning
         beginning:   84%
        continuing:   16%
             other:   0%
           lexical:   capitalized
    part of speech:   other
   dictionary word:   1
        city/state:   0
 country/territory:   0
             place:   1
        DTIC first:   1
         DTIC last:   1
      common first:   1
       common last:   1
         honorific:   0
            prefix:   0
            suffix:   0
         kill word:   0

            lexeme:   L
    classification:   continuing
         beginning:   3%
        continuing:   72%
             other:   25%
           lexical:   capLetter
    part of speech:   other
   dictionary word:   1
        city/state:   0
 country/territory:   0
             place:   0
        DTIC first:   1
         DTIC last:   0
      common first:   0
       common last:   0
         honorific:   0
            prefix:   0
            suffix:   0
         kill word:   0

            lexeme:   .
    classification:   other
         beginning:   0%
        continuing:   0%
             other:   100%
           lexical:   punct
    part of speech:   period
   dictionary word:   0
        city/state:   0
 country/territory:   0
             place:   0
        DTIC first:   0
         DTIC last:   0
      common first:   0
       common last:   0
         honorific:   0
            prefix:   0
            suffix:   0
         kill word:   0

            lexeme:   Jackson
    classification:   beginning
         beginning:   84%
        continuing:   16%
             other:   0%
           lexical:   capitalized
    part of speech:   other
   dictionary word:   1
        city/state:   0
 country/territory:   0
             place:   1
        DTIC first:   1
         DTIC last:   1
      common first:   1
       common last:   1
         honorific:   0
            prefix:   0
            suffix:   0
         kill word:   0

            lexeme:   ,
    classification:   other
         beginning:   0%
        continuing:   0%
             other:   100%
           lexical:   punct
    part of speech:   comma
   dictionary word:   0
        city/state:   0
 country/territory:   0
             place:   0
        DTIC first:   0
         DTIC last:   0
      common first:   0
       common last:   0
         honorific:   0
            prefix:   0
            suffix:   0
         kill word:   0

            lexeme:   III
    classification:   other
         beginning:   1%
        continuing:   9%
             other:   90%
           lexical:   allCaps
    part of speech:   other
   dictionary word:   1
        city/state:   0
 country/territory:   0
             place:   0
        DTIC first:   1
         DTIC last:   0
      common first:   0
       common last:   0
         honorific:   0
            prefix:   0
            suffix:   0
         kill word:   0


*******************************
      Evaluation Summary
*******************************

Correctly Classified Instances          21               87.5    %
Incorrectly Classified Instances         3               12.5    %
Kappa statistic                          0.7283
Mean absolute error                      0.1163
Root mean squared error                  0.2514
Relative absolute error                 33.8363 %
Root relative squared error             61.6617 %
Total Number of Instances               24     

]]></system-out>
  <system-err><![CDATA[]]></system-err>
</testsuite>
