<?xml version="1.0" encoding="UTF-8" ?>
<testsuite errors="1" failures="0" hostname="Scarzee" name="edu.odu.cs.cs350.namex.TestTrainer" skipped="0" tests="8" time="53.945" timestamp="2016-04-14T21:57:03">
  <properties>
    <property name="java.vendor" value="Oracle Corporation" />
    <property name="sun.java.launcher" value="SUN_STANDARD" />
    <property name="sun.management.compiler" value="HotSpot 64-Bit Tiered Compilers" />
    <property name="dist" value="C:\Users\Scar\git\Green3\target" />
    <property name="lib" value="C:\Users\Scar\git\Green3\lib" />
    <property name="os.name" value="Windows 8" />
    <property name="sun.boot.class.path" value="C:\Program Files\Java\jdk\jre\lib\resources.jar;C:\Program Files\Java\jdk\jre\lib\rt.jar;C:\Program Files\Java\jdk\jre\lib\sunrsasign.jar;C:\Program Files\Java\jdk\jre\lib\jsse.jar;C:\Program Files\Java\jdk\jre\lib\jce.jar;C:\Program Files\Java\jdk\jre\lib\charsets.jar;C:\Program Files\Java\jdk\jre\lib\jfr.jar;C:\Program Files\Java\jdk\jre\classes" />
    <property name="TODAY" value="April 14 2016" />
    <property name="sun.desktop" value="windows" />
    <property name="java.vm.specification.vendor" value="Oracle Corporation" />
    <property name="ant.home" value="C:\Users\Scar\.p2\pool\plugins\org.apache.ant_1.9.6.v201510161327" />
    <property name="java.runtime.version" value="1.7.0_25-b17" />
    <property name="user.name" value="Scar" />
    <property name="ant.file.type.PNE" value="file" />
    <property name="user.language" value="en" />
    <property name="build" value="C:\Users\Scar\git\Green3\target\classes" />
    <property name="sun.boot.library.path" value="C:\Program Files\Java\jdk\jre\bin" />
    <property name="ivy.jar.dir" value="C:\Users\Scar\git\Green3/ivy" />
    <property name="ant.project.default-target" value="build" />
    <property name="ant.project.name" value="PNE" />
    <property name="DSTAMP" value="20160414" />
    <property name="java.version" value="1.7.0_25" />
    <property name="user.timezone" value="" />
    <property name="sun.arch.data.model" value="64" />
    <property name="java.endorsed.dirs" value="C:\Program Files\Java\jdk\jre\lib\endorsed" />
    <property name="src.main" value="C:\Users\Scar\git\Green3\src\main\java\edu\odu\cs\cs350\namex" />
    <property name="sun.cpu.isalist" value="amd64" />
    <property name="sun.jnu.encoding" value="Cp1252" />
    <property name="file.encoding.pkg" value="sun.io" />
    <property name="file.separator" value="\" />
    <property name="java.specification.name" value="Java Platform API Specification" />
    <property name="java.class.version" value="51.0" />
    <property name="user.country" value="US" />
    <property name="java.home" value="C:\Program Files\Java\jdk\jre" />
    <property name="java.vm.info" value="mixed mode" />
    <property name="ant.file" value="C:\Users\Scar\git\Green3\build.xml" />
    <property name="os.version" value="6.2" />
    <property name="path.separator" value=";" />
    <property name="java.vm.version" value="23.25-b01" />
    <property name="user.variant" value="" />
    <property name="ant.library.dir" value="C:\Users\Scar\.p2\pool\plugins\org.apache.ant_1.9.6.v201510161327\lib" />
    <property name="java.awt.printerjob" value="sun.awt.windows.WPrinterJob" />
    <property name="sun.io.unicode.encoding" value="UnicodeLittle" />
    <property name="awt.toolkit" value="sun.awt.windows.WToolkit" />
    <property name="user.script" value="" />
    <property name="user.home" value="C:\Users\Scar" />
    <property name="java.specification.vendor" value="Oracle Corporation" />
    <property name="java.library.path" value="C:\Program Files\Java\jdk\jre\bin;C:\WINDOWS\Sun\Java\bin;C:\WINDOWS\system32;C:\WINDOWS;C:/Program Files/Java/jdk/jre/bin/server;C:/Program Files/Java/jdk/jre/bin;C:/Program Files/Java/jdk/jre/lib/amd64;C:\ProgramData\Oracle\Java\javapath;C:\Program Files (x86)\Intel\iCLS Client\;C:\Program Files\Intel\iCLS Client\;C:\WINDOWS\system32;C:\WINDOWS;C:\WINDOWS\System32\Wbem;C:\WINDOWS\System32\WindowsPowerShell\v1.0\;C:\Program Files\Intel\Intel(R) Management Engine Components\DAL;C:\Program Files\Intel\Intel(R) Management Engine Components\IPT;C:\Program Files (x86)\Intel\Intel(R) Management Engine Components\DAL;C:\Program Files (x86)\Intel\Intel(R) Management Engine Components\IPT;C:\Program Files (x86)\Intel\OpenCL SDK\2.0\bin\x86;C:\Program Files (x86)\Intel\OpenCL SDK\2.0\bin\x64;C:\Program Files\Lenovo\Bluetooth Software\;C:\Program Files\Lenovo\Bluetooth Software\syswow64;C:\Program Files\Java\jdk1.7.0_15\bin;C:\Program Files (x86)\Calibre2\;C:\Program Files\Java\jdk\bin;C:\Users\Scar\.dnx\bin;C:\Program Files\Microsoft DNX\Dnvm\;C:\Program Files\Microsoft SQL Server\120\Tools\Binn\;C:\Users\Scar\Downloads\apache-ant-1.9.6\bin;C:\Users\Scar\Downloads\apache-ant-1.9.6\bin;C:\Users\Scar\Desktop;;." />
    <property name="java.vendor.url" value="http://java.oracle.com/" />
    <property name="java.vm.vendor" value="Oracle Corporation" />
    <property name="java.runtime.name" value="Java(TM) SE Runtime Environment" />
    <property name="sun.java.command" value="org.apache.tools.ant.taskdefs.optional.junit.JUnitTestRunner edu.odu.cs.cs350.namex.TestTrainer skipNonTests=false filtertrace=true haltOnError=false haltOnFailure=false showoutput=false outputtoformatters=true logfailedtests=true threadid=0 logtestlistenerevents=false formatter=org.apache.tools.ant.taskdefs.optional.junit.PlainJUnitResultFormatter formatter=org.apache.tools.ant.taskdefs.optional.junit.XMLJUnitResultFormatter,C:\Users\Scar\git\Green3\target\test-results\TEST-edu.odu.cs.cs350.namex.TestTrainer.xml crashfile=C:\Users\Scar\git\Green3\junitvmwatcher6532004200776026067.properties propsfile=C:\Users\Scar\git\Green3\junit3156101135861816832.properties" />
    <property name="java.class.path" value="C:\Users\Scar\git\Green3\target\test-classes;C:\Users\Scar\git\Green3\target\classes;C:\Users\Scar\git\Green3\lib\ant-launcher.jar;C:\Users\Scar\git\Green3\lib\ant.jar;C:\Users\Scar\git\Green3\lib\asm-debug-all.jar;C:\Users\Scar\git\Green3\lib\extract-wordlists.jar;C:\Users\Scar\git\Green3\lib\hamcrest-core.jar;C:\Users\Scar\git\Green3\lib\java-cup.jar;C:\Users\Scar\git\Green3\lib\junit-javadoc.jar;C:\Users\Scar\git\Green3\lib\junit-sources.jar;C:\Users\Scar\git\Green3\lib\junit.jar;C:\Users\Scar\git\Green3\lib\org.jacoco.agent.jar;C:\Users\Scar\git\Green3\lib\org.jacoco.ant-javadoc.jar;C:\Users\Scar\git\Green3\lib\org.jacoco.ant-sources.jar;C:\Users\Scar\git\Green3\lib\org.jacoco.ant.jar;C:\Users\Scar\git\Green3\lib\org.jacoco.core.jar;C:\Users\Scar\git\Green3\lib\org.jacoco.report.jar;C:\Users\Scar\git\Green3\lib\weka-stable-javadoc.jar;C:\Users\Scar\git\Green3\lib\weka-stable-sources.jar;C:\Users\Scar\git\Green3\lib\weka-stable.jar;C:\Users\Scar\.p2\pool\plugins\org.apache.ant_1.9.6.v201510161327\lib\ant-launcher.jar;C:\Users\Scar\.p2\pool\plugins\org.apache.ant_1.9.6.v201510161327\lib\ant.jar;C:\Users\Scar\.p2\pool\plugins\org.apache.ant_1.9.6.v201510161327\lib\ant-junit.jar;C:\Users\Scar\.p2\pool\plugins\org.apache.ant_1.9.6.v201510161327\lib\ant-junit4.jar" />
    <property name="ant.version" value="Apache Ant(TM) version 1.9.6 compiled on June 29 2015" />
    <property name="TSTAMP" value="1756" />
    <property name="ivy.install.version" value="2.3.0" />
    <property name="java.vm.specification.name" value="Java Virtual Machine Specification" />
    <property name="java.vm.specification.version" value="1.7" />
    <property name="sun.cpu.endian" value="little" />
    <property name="sun.os.patch.level" value="" />
    <property name="src.test" value="C:\Users\Scar\git\Green3\src\test\java\edu\odu\cs\cs350\namex" />
    <property name="java.io.tmpdir" value="C:\Users\Scar\AppData\Local\Temp\" />
    <property name="java.vendor.url.bug" value="http://bugreport.sun.com/bugreport/" />
    <property name="os.arch" value="amd64" />
    <property name="java.awt.graphicsenv" value="sun.awt.Win32GraphicsEnvironment" />
    <property name="java.ext.dirs" value="C:\Program Files\Java\jdk\jre\lib\ext;C:\WINDOWS\Sun\Java\lib\ext" />
    <property name="user.dir" value="C:\Users\Scar\git\Green3" />
    <property name="ivy.jar.file" value="C:\Users\Scar\git\Green3/ivy/ivy.jar" />
    <property name="ant.file.PNE" value="C:\Users\Scar\git\Green3\build.xml" />
    <property name="line.separator" value="
" />
    <property name="java.vm.name" value="Java HotSpot(TM) 64-Bit Server VM" />
    <property name="basedir" value="C:\Users\Scar\git\Green3" />
    <property name="ant.java.version" value="1.7" />
    <property name="ant.core.lib" value="C:\Users\Scar\.p2\pool\plugins\org.apache.ant_1.9.6.v201510161327\lib\ant.jar" />
    <property name="file.encoding" value="Cp1252" />
    <property name="java.specification.version" value="1.7" />
    <property name="ant.project.invoked-targets" value="build,resolve-ivy,install-ivy,download-ivy,init,compile" />
  </properties>
  <testcase classname="edu.odu.cs.cs350.namex.TestTrainer" name="testPrepareData" time="14.856" />
  <testcase classname="edu.odu.cs.cs350.namex.TestTrainer" name="testPrepareShingleData" time="25.951" />
  <testcase classname="edu.odu.cs.cs350.namex.TestTrainer" name="testTrainLM" time="0.008">
    <error type="java.lang.NullPointerException">java.lang.NullPointerException
	at edu.odu.cs.cs350.namex.TestTrainer.testTrainLM(TestTrainer.java:219)
</error>
  </testcase>
  <testcase classname="edu.odu.cs.cs350.namex.TestTrainer" name="testTrainer" time="0.002" />
  <testcase classname="edu.odu.cs.cs350.namex.TestTrainer" name="testTokenize" time="0.0" />
  <testcase classname="edu.odu.cs.cs350.namex.TestTrainer" name="testSaveLoadLM" time="7.635" />
  <testcase classname="edu.odu.cs.cs350.namex.TestTrainer" name="testShingle" time="5.41" />
  <testcase classname="edu.odu.cs.cs350.namex.TestTrainer" name="testGetTokenCount" time="0.001" />
  <system-out><![CDATA[*******************************
 Generating ARFF Training Data
*******************************

 Input FilePath: C:\Users\Scar\git\Green3/src/main/data/trainingMaterial002.txt
Output FilePath: C:\Users\Scar\git\Green3/src/main/data/trainingMaterial002.arff
true

Classifying Tokens from 60587 TextBlocks...

*******************************
      Evaluation Summary
*******************************

Correctly Classified Instances      659837               92.6724 %
Incorrectly Classified Instances     52173                7.3276 %
Kappa statistic                          0.5284
Mean absolute error                      0.0554
Root mean squared error                  0.1854
Relative absolute error                 62.4023 %
Root relative squared error             87.9855 %
Total Number of Instances           712010     

Wrote to: C:\Users\Scar\git\Green3/src/main/data/trainingMaterial002.arff

Shingling 60587 TextBlocks...

*******************************
      Evaluation Summary
*******************************

Correctly Classified Instances      111403               93.4142 %
Incorrectly Classified Instances      7854                6.5858 %
Kappa statistic                          0.6238
Mean absolute error                      0.0705
Root mean squared error                  0.236 
Relative absolute error                 53.21   %
Root relative squared error             91.695  %
Total Number of Instances           119257     

Wrote to: C:\Users\Scar\git\Green3/src/main/data/shingling_training_k3_2.arff
Elapsed Time: 25 seconds.

*******************************
      Evaluation Summary
*******************************

Correctly Classified Instances      659837               92.6724 %
Incorrectly Classified Instances     52173                7.3276 %
Kappa statistic                          0.5284
Mean absolute error                      0.0554
Root mean squared error                  0.1854
Relative absolute error                 62.4023 %
Root relative squared error             87.9855 %
Total Number of Instances           712010     

Loaded LearningMachine: C:\Users\Scar\git\Green3/learning_machines/lm_1.ser

*******************************
      Evaluation Summary
*******************************

Correctly Classified Instances      111403               93.4142 %
Incorrectly Classified Instances      7854                6.5858 %
Kappa statistic                          0.6238
Mean absolute error                      0.0705
Root mean squared error                  0.236 
Relative absolute error                 53.21   %
Root relative squared error             91.695  %
Total Number of Instances           119257     

         Lexemes:   null null null null null The George Washington University is where 
 Classifications:   other other other other other continuing beginning beginning other other other 
   Contains Name:   no
             Yes:   1%
              No:   99%

         Lexemes:   null null null null The George Washington University is where I 
 Classifications:   other other other other continuing beginning beginning other other other continuing 
   Contains Name:   yes
             Yes:   98%
              No:   2%

         Lexemes:   null null null The George Washington University is where I will 
 Classifications:   other other other continuing beginning beginning other other other continuing other 
   Contains Name:   yes
             Yes:   100%
              No:   0%

         Lexemes:   null null The George Washington University is where I will be 
 Classifications:   other other continuing beginning beginning other other other continuing other other 
   Contains Name:   yes
             Yes:   100%
              No:   0%

         Lexemes:   null The George Washington University is where I will be attending 
 Classifications:   other continuing beginning beginning other other other continuing other other other 
   Contains Name:   yes
             Yes:   100%
              No:   0%

         Lexemes:   The George Washington University is where I will be attending in 
 Classifications:   continuing beginning beginning other other other continuing other other other other 
   Contains Name:   yes
             Yes:   100%
              No:   0%

         Lexemes:   George Washington University is where I will be attending in the 
 Classifications:   beginning beginning other other other continuing other other other other other 
   Contains Name:   yes
             Yes:   100%
              No:   0%

         Lexemes:   Washington University is where I will be attending in the fall 
 Classifications:   beginning other other other continuing other other other other other other 
   Contains Name:   no
             Yes:   36%
              No:   64%

         Lexemes:   University is where I will be attending in the fall . 
 Classifications:   other other other continuing other other other other other other other 
   Contains Name:   no
             Yes:   0%
              No:   100%

         Lexemes:   is where I will be attending in the fall . null 
 Classifications:   other other continuing other other other other other other other other 
   Contains Name:   no
             Yes:   1%
              No:   99%

         Lexemes:   where I will be attending in the fall . null null 
 Classifications:   other continuing other other other other other other other other other 
   Contains Name:   no
             Yes:   0%
              No:   100%

         Lexemes:   I will be attending in the fall . null null null 
 Classifications:   continuing other other other other other other other other other other 
   Contains Name:   no
             Yes:   0%
              No:   100%

         Lexemes:   will be attending in the fall . null null null null 
 Classifications:   other other other other other other other other other other other 
   Contains Name:   no
             Yes:   0%
              No:   100%

         Lexemes:   be attending in the fall . null null null null null 
 Classifications:   other other other other other other other other other other other 
   Contains Name:   no
             Yes:   0%
              No:   100%

Elapsed Time: 5 seconds.
]]></system-out>
  <system-err><![CDATA[java.lang.NullPointerException
	at weka.core.Capabilities.test(Capabilities.java:1023)
	at weka.core.Capabilities.testWithFail(Capabilities.java:1302)
	at weka.classifiers.bayes.NaiveBayes.buildClassifier(NaiveBayes.java:213)
	at edu.odu.cs.cs350.namex.LearningMachine.train(LearningMachine.java:216)
	at edu.odu.cs.cs350.namex.TestTrainer.testSaveLoadLM(TestTrainer.java:285)
	at sun.reflect.NativeMethodAccessorImpl.invoke0(Native Method)
	at sun.reflect.NativeMethodAccessorImpl.invoke(NativeMethodAccessorImpl.java:57)
	at sun.reflect.DelegatingMethodAccessorImpl.invoke(DelegatingMethodAccessorImpl.java:43)
	at java.lang.reflect.Method.invoke(Method.java:606)
	at org.junit.runners.model.FrameworkMethod$1.runReflectiveCall(FrameworkMethod.java:47)
	at org.junit.internal.runners.model.ReflectiveCallable.run(ReflectiveCallable.java:12)
	at org.junit.runners.model.FrameworkMethod.invokeExplosively(FrameworkMethod.java:44)
	at org.junit.internal.runners.statements.InvokeMethod.evaluate(InvokeMethod.java:17)
	at org.junit.runners.ParentRunner.runLeaf(ParentRunner.java:271)
	at org.junit.runners.BlockJUnit4ClassRunner.runChild(BlockJUnit4ClassRunner.java:70)
	at org.junit.runners.BlockJUnit4ClassRunner.runChild(BlockJUnit4ClassRunner.java:50)
	at org.junit.runners.ParentRunner$3.run(ParentRunner.java:238)
	at org.junit.runners.ParentRunner$1.schedule(ParentRunner.java:63)
	at org.junit.runners.ParentRunner.runChildren(ParentRunner.java:236)
	at org.junit.runners.ParentRunner.access$000(ParentRunner.java:53)
	at org.junit.runners.ParentRunner$2.evaluate(ParentRunner.java:229)
	at org.junit.runners.ParentRunner.run(ParentRunner.java:309)
	at junit.framework.JUnit4TestAdapter.run(JUnit4TestAdapter.java:38)
	at org.apache.tools.ant.taskdefs.optional.junit.JUnitTestRunner.run(JUnitTestRunner.java:535)
	at org.apache.tools.ant.taskdefs.optional.junit.JUnitTestRunner.launch(JUnitTestRunner.java:1182)
	at org.apache.tools.ant.taskdefs.optional.junit.JUnitTestRunner.main(JUnitTestRunner.java:1033)
]]></system-err>
</testsuite>
