<?xml version="1.0" encoding="UTF-8" ?>
<testsuite errors="0" failures="0" hostname="TristanPC" name="edu.odu.cs.cs350.namex.TestLibrarian" skipped="0" tests="8" time="7.768" timestamp="2016-04-12T18:51:52">
  <properties>
    <property name="java.vendor" value="Oracle Corporation" />
    <property name="sun.java.launcher" value="SUN_STANDARD" />
    <property name="eclipse.pdebuild.templates" value="/C:/Users/Tristan/Documents/eclipse/plugins/org.eclipse.pde.build_3.9.100.v20150521-1524/templates/" />
    <property name="sun.management.compiler" value="HotSpot 64-Bit Tiered Compilers" />
    <property name="dist" value="C:\Users\Tristan\git\Green3\target" />
    <property name="lib" value="C:\Users\Tristan\git\Green3\lib" />
    <property name="os.name" value="Windows 10" />
    <property name="sun.boot.class.path" value="C:\Program Files\Java\jre1.8.0_73\lib\resources.jar;C:\Program Files\Java\jre1.8.0_73\lib\rt.jar;C:\Program Files\Java\jre1.8.0_73\lib\sunrsasign.jar;C:\Program Files\Java\jre1.8.0_73\lib\jsse.jar;C:\Program Files\Java\jre1.8.0_73\lib\jce.jar;C:\Program Files\Java\jre1.8.0_73\lib\charsets.jar;C:\Program Files\Java\jre1.8.0_73\lib\jfr.jar;C:\Program Files\Java\jre1.8.0_73\classes" />
    <property name="TODAY" value="April 12 2016" />
    <property name="sun.desktop" value="windows" />
    <property name="java.vm.specification.vendor" value="Oracle Corporation" />
    <property name="ant.home" value="C:\Users\Tristan\Documents\eclipse\plugins\org.apache.ant_1.9.4.v201504302020" />
    <property name="java.runtime.version" value="1.8.0_73-b02" />
    <property name="user.name" value="Tristan" />
    <property name="ant.file.type.PNE" value="file" />
    <property name="user.language" value="en" />
    <property name="build" value="C:\Users\Tristan\git\Green3\target\classes" />
    <property name="sun.boot.library.path" value="C:\Program Files\Java\jre1.8.0_73\bin" />
    <property name="ivy.jar.dir" value="C:\Users\Tristan\git\Green3/ivy" />
    <property name="ant.project.default-target" value="build" />
    <property name="ant.project.name" value="PNE" />
    <property name="DSTAMP" value="20160412" />
    <property name="java.version" value="1.8.0_73" />
    <property name="user.timezone" value="" />
    <property name="sun.arch.data.model" value="64" />
    <property name="java.endorsed.dirs" value="C:\Program Files\Java\jre1.8.0_73\lib\endorsed" />
    <property name="src.main" value="C:\Users\Tristan\git\Green3\src\main\java\edu\odu\cs\cs350\namex" />
    <property name="sun.cpu.isalist" value="amd64" />
    <property name="sun.jnu.encoding" value="Cp1252" />
    <property name="file.encoding.pkg" value="sun.io" />
    <property name="file.separator" value="\" />
    <property name="java.specification.name" value="Java Platform API Specification" />
    <property name="java.class.version" value="52.0" />
    <property name="user.country" value="US" />
    <property name="java.home" value="C:\Program Files\Java\jre1.8.0_73" />
    <property name="java.vm.info" value="mixed mode" />
    <property name="ant.file" value="C:\Users\Tristan\git\Green3\build.xml" />
    <property name="os.version" value="10.0" />
    <property name="path.separator" value=";" />
    <property name="java.vm.version" value="25.73-b02" />
    <property name="user.variant" value="" />
    <property name="ant.library.dir" value="C:\Users\Tristan\Documents\eclipse\plugins\org.apache.ant_1.9.4.v201504302020\lib" />
    <property name="java.awt.printerjob" value="sun.awt.windows.WPrinterJob" />
    <property name="sun.io.unicode.encoding" value="UnicodeLittle" />
    <property name="awt.toolkit" value="sun.awt.windows.WToolkit" />
    <property name="user.script" value="" />
    <property name="eclipse.pdebuild.scripts" value="/C:/Users/Tristan/Documents/eclipse/plugins/org.eclipse.pde.build_3.9.100.v20150521-1524/scripts/" />
    <property name="user.home" value="C:\Users\Tristan" />
    <property name="java.specification.vendor" value="Oracle Corporation" />
    <property name="java.library.path" value="C:\Program Files\Java\jre1.8.0_73\bin;C:\WINDOWS\Sun\Java\bin;C:\WINDOWS\system32;C:\WINDOWS;C:/Program Files/Java/jre1.8.0_73/bin/server;C:/Program Files/Java/jre1.8.0_73/bin;C:/Program Files/Java/jre1.8.0_73/lib/amd64;C:\ProgramData\Oracle\Java\javapath;C:\Program Files (x86)\Intel\iCLS Client\;C:\Program Files\Intel\iCLS Client\;C:\WINDOWS\system32;C:\WINDOWS;C:\WINDOWS\System32\Wbem;C:\WINDOWS\System32\WindowsPowerShell\v1.0\;C:\Program Files (x86)\Windows Live\Shared;C:\Program Files\Intel\Intel(R) Management Engine Components\DAL;C:\Program Files\Intel\Intel(R) Management Engine Components\IPT;C:\Program Files (x86)\Intel\Intel(R) Management Engine Components\DAL;C:\Program Files (x86)\Intel\Intel(R) Management Engine Components\IPT;C:\Program Files\Intel\WiFi\bin\;C:\Program Files\Common Files\Intel\WirelessCommon\;C:\Users\Tristan\.dnx\bin;C:\Program Files\Microsoft DNX\Dnvm\;C:\python27;C:\Program Files (x86)\GtkSharp\2.12\bin;C:\Program Files\TortoiseSVN\bin;C:\Program Files (x86)\Windows Kits\8.1\Windows Performance Toolkit\;C:\Program Files (x86)\NVIDIA Corporation\PhysX\Common;C:\Program Files (x86)\Skype\Phone\;C:\WINDOWS\system32;C:\WINDOWS;C:\WINDOWS\System32\Wbem;C:\WINDOWS\System32\WindowsPowerShell\v1.0\;C:\MinGW\bin;C:\Program Files (x86)\Java\jdk1.7.0_71\bin;C:\Program Files\Common Files\Autodesk Shared\;C:\Program Files (x86)\Autodesk\Backburner\;C:\Python27\Scripts;C:\Program Files\Git\cmd;C:\Program Files\Java\jdk1.8.0_73\\bin;C:\Program Files\apache-ant-1.9.6\bin;C:\Users\Tristan\Documents\eclipse;;." />
    <property name="java.vendor.url" value="http://java.oracle.com/" />
    <property name="java.vm.vendor" value="Oracle Corporation" />
    <property name="java.runtime.name" value="Java(TM) SE Runtime Environment" />
    <property name="sun.java.command" value="org.apache.tools.ant.taskdefs.optional.junit.JUnitTestRunner edu.odu.cs.cs350.namex.TestLibrarian skipNonTests=false filtertrace=true haltOnError=false haltOnFailure=false showoutput=false outputtoformatters=true logfailedtests=true threadid=0 logtestlistenerevents=false formatter=org.apache.tools.ant.taskdefs.optional.junit.PlainJUnitResultFormatter formatter=org.apache.tools.ant.taskdefs.optional.junit.XMLJUnitResultFormatter,C:\Users\Tristan\git\Green3\target\test-results\TEST-edu.odu.cs.cs350.namex.TestLibrarian.xml crashfile=C:\Users\Tristan\git\Green3\junitvmwatcher5361714885840190619.properties propsfile=C:\Users\Tristan\git\Green3\junit8047221965261815533.properties" />
    <property name="java.class.path" value="C:\Users\Tristan\git\Green3\target\test-classes;C:\Users\Tristan\git\Green3\target\classes;C:\Users\Tristan\git\Green3\lib\extract-wordlists.jar;C:\Users\Tristan\git\Green3\lib\hamcrest-core.jar;C:\Users\Tristan\git\Green3\lib\hamcrest.jar;C:\Users\Tristan\git\Green3\lib\java-cup.jar;C:\Users\Tristan\git\Green3\lib\junit-javadoc.jar;C:\Users\Tristan\git\Green3\lib\junit-sources.jar;C:\Users\Tristan\git\Green3\lib\junit.jar;C:\Users\Tristan\git\Green3\lib\weka-stable-javadoc.jar;C:\Users\Tristan\git\Green3\lib\weka-stable-sources.jar;C:\Users\Tristan\git\Green3\lib\weka-stable.jar;C:\Users\Tristan\git\Green3\lib\weka.jar;C:\Users\Tristan\Documents\eclipse\plugins\org.apache.ant_1.9.4.v201504302020\lib\ant-launcher.jar;C:\Users\Tristan\Documents\eclipse\plugins\org.apache.ant_1.9.4.v201504302020\lib\ant.jar;C:\Users\Tristan\Documents\eclipse\plugins\org.apache.ant_1.9.4.v201504302020\lib\ant-junit.jar;C:\Users\Tristan\Documents\eclipse\plugins\org.apache.ant_1.9.4.v201504302020\lib\ant-junit4.jar" />
    <property name="ant.version" value="Apache Ant(TM) version 1.9.4 compiled on April 29 2014" />
    <property name="TSTAMP" value="1451" />
    <property name="ivy.install.version" value="2.3.0" />
    <property name="java.vm.specification.name" value="Java Virtual Machine Specification" />
    <property name="java.vm.specification.version" value="1.8" />
    <property name="sun.cpu.endian" value="little" />
    <property name="sun.os.patch.level" value="" />
    <property name="src.test" value="C:\Users\Tristan\git\Green3\src\test\java\edu\odu\cs\cs350\namex" />
    <property name="eclipse.pdebuild.home" value="/C:/Users/Tristan/Documents/eclipse/plugins/org.eclipse.pde.build_3.9.100.v20150521-1524/./" />
    <property name="java.io.tmpdir" value="C:\Users\Tristan\AppData\Local\Temp\" />
    <property name="java.vendor.url.bug" value="http://bugreport.sun.com/bugreport/" />
    <property name="os.arch" value="amd64" />
    <property name="java.awt.graphicsenv" value="sun.awt.Win32GraphicsEnvironment" />
    <property name="java.ext.dirs" value="C:\Program Files\Java\jre1.8.0_73\lib\ext;C:\WINDOWS\Sun\Java\lib\ext" />
    <property name="user.dir" value="C:\Users\Tristan\git\Green3" />
    <property name="ivy.jar.file" value="C:\Users\Tristan\git\Green3/ivy/ivy.jar" />
    <property name="ant.file.PNE" value="C:\Users\Tristan\git\Green3\build.xml" />
    <property name="line.separator" value="&#xd;&#xa;" />
    <property name="java.vm.name" value="Java HotSpot(TM) 64-Bit Server VM" />
    <property name="basedir" value="C:\Users\Tristan\git\Green3" />
    <property name="ant.java.version" value="1.8" />
    <property name="ant.core.lib" value="C:\Users\Tristan\Documents\eclipse\plugins\org.apache.ant_1.9.4.v201504302020\lib\ant.jar" />
    <property name="file.encoding" value="Cp1252" />
    <property name="java.specification.version" value="1.8" />
    <property name="ant.project.invoked-targets" value="init,compile,compile-tests,test,build" />
  </properties>
  <testcase classname="edu.odu.cs.cs350.namex.TestLibrarian" name="testSeparateNER" time="0.004" />
  <testcase classname="edu.odu.cs.cs350.namex.TestLibrarian" name="testPackage" time="0.0" />
  <testcase classname="edu.odu.cs.cs350.namex.TestLibrarian" name="testMain" time="5.027" />
  <testcase classname="edu.odu.cs.cs350.namex.TestLibrarian" name="testWeka" time="1.694" />
  <testcase classname="edu.odu.cs.cs350.namex.TestLibrarian" name="testGetLexicalFeature" time="0.358" />
  <testcase classname="edu.odu.cs.cs350.namex.TestLibrarian" name="testClassifyToken" time="0.306" />
  <testcase classname="edu.odu.cs.cs350.namex.TestLibrarian" name="identifyPlace" time="0.0" />
  <testcase classname="edu.odu.cs.cs350.namex.TestLibrarian" name="testGetFeatures" time="0.323" />
  <system-out><![CDATA[*******************************
 Generating ARFF Training Data
*******************************

 Input FilePath: C:\Users\Tristan\git\Green3/data/training/trainingData.txt
Output FilePath: C:\Users\Tristan\git\Green3/data/arff/trainingData.arff

Classifying Tokens from 19956 TextBlocks...
Created: C:\Users\Tristan\git\Green3/data/arff/trainingData.arff
*******************************
 Saving Learning Machine to LearningMachine.model
*******************************


*******************************
      Evaluation Summary
*******************************

Correctly Classified Instances      207442               91.5301 %
Incorrectly Classified Instances     19196                8.4699 %
Kappa statistic                          0.499 
Mean absolute error                      0.059 
Root mean squared error                  0.1913
Relative absolute error                 63.9147 %
Root relative squared error             89.0105 %
Total Number of Instances           226638     

            lexeme:   Good
    classification:   continuing
         beginning:   31%
        continuing:   49%
             other:   20%
           lexical:   capitalized
    part of speech:   other
   dictionary word:   1
        city/state:   0
 country/territory:   0
             place:   0
        DTIC first:   0
         DTIC last:   1
      common first:   0
       common last:   1
         honorific:   0
            prefix:   0
            suffix:   0
         kill word:   0

            lexeme:   afternoon
    classification:   other
         beginning:   0%
        continuing:   0%
             other:   100%
           lexical:   other
    part of speech:   other
   dictionary word:   1
        city/state:   0
 country/territory:   0
             place:   0
        DTIC first:   0
         DTIC last:   0
      common first:   0
       common last:   0
         honorific:   0
            prefix:   0
            suffix:   0
         kill word:   0

            lexeme:   ,
    classification:   other
         beginning:   0%
        continuing:   0%
             other:   100%
           lexical:   punct
    part of speech:   comma
   dictionary word:   0
        city/state:   0
 country/territory:   0
             place:   0
        DTIC first:   0
         DTIC last:   0
      common first:   0
       common last:   0
         honorific:   0
            prefix:   0
            suffix:   0
         kill word:   0

            lexeme:   this
    classification:   other
         beginning:   0%
        continuing:   0%
             other:   100%
           lexical:   other
    part of speech:   other
   dictionary word:   1
        city/state:   0
 country/territory:   0
             place:   0
        DTIC first:   0
         DTIC last:   0
      common first:   0
       common last:   0
         honorific:   0
            prefix:   0
            suffix:   0
         kill word:   0

            lexeme:   is
    classification:   other
         beginning:   0%
        continuing:   0%
             other:   100%
           lexical:   other
    part of speech:   other
   dictionary word:   1
        city/state:   0
 country/territory:   0
             place:   0
        DTIC first:   1
         DTIC last:   0
      common first:   0
       common last:   0
         honorific:   0
            prefix:   0
            suffix:   0
         kill word:   0

            lexeme:   John
    classification:   beginning
         beginning:   84%
        continuing:   16%
             other:   0%
           lexical:   capitalized
    part of speech:   other
   dictionary word:   1
        city/state:   0
 country/territory:   0
             place:   1
        DTIC first:   1
         DTIC last:   1
      common first:   1
       common last:   1
         honorific:   0
            prefix:   0
            suffix:   0
         kill word:   0

            lexeme:   Smith
    classification:   beginning
         beginning:   62%
        continuing:   38%
             other:   0%
           lexical:   capitalized
    part of speech:   other
   dictionary word:   1
        city/state:   0
 country/territory:   0
             place:   1
        DTIC first:   1
         DTIC last:   1
      common first:   0
       common last:   1
         honorific:   0
            prefix:   0
            suffix:   0
         kill word:   0

            lexeme:   .
    classification:   other
         beginning:   0%
        continuing:   0%
             other:   100%
           lexical:   punct
    part of speech:   period
   dictionary word:   0
        city/state:   0
 country/territory:   0
             place:   0
        DTIC first:   0
         DTIC last:   0
      common first:   0
       common last:   0
         honorific:   0
            prefix:   0
            suffix:   0
         kill word:   0

            lexeme:   I
    classification:   continuing
         beginning:   3%
        continuing:   70%
             other:   27%
           lexical:   capLetter
    part of speech:   other
   dictionary word:   1
        city/state:   0
 country/territory:   0
             place:   0
        DTIC first:   1
         DTIC last:   0
      common first:   0
       common last:   0
         honorific:   0
            prefix:   0
            suffix:   0
         kill word:   0

            lexeme:   will
    classification:   other
         beginning:   6%
        continuing:   10%
             other:   85%
           lexical:   other
    part of speech:   other
   dictionary word:   1
        city/state:   0
 country/territory:   0
             place:   0
        DTIC first:   1
         DTIC last:   1
      common first:   1
       common last:   1
         honorific:   0
            prefix:   0
            suffix:   0
         kill word:   0

            lexeme:   be
    classification:   other
         beginning:   0%
        continuing:   1%
             other:   99%
           lexical:   other
    part of speech:   other
   dictionary word:   1
        city/state:   0
 country/territory:   0
             place:   0
        DTIC first:   1
         DTIC last:   1
      common first:   0
       common last:   1
         honorific:   0
            prefix:   0
            suffix:   0
         kill word:   0

            lexeme:   attending
    classification:   other
         beginning:   0%
        continuing:   0%
             other:   100%
           lexical:   other
    part of speech:   other
   dictionary word:   1
        city/state:   0
 country/territory:   0
             place:   0
        DTIC first:   0
         DTIC last:   0
      common first:   0
       common last:   0
         honorific:   0
            prefix:   0
            suffix:   0
         kill word:   0

            lexeme:   George
    classification:   beginning
         beginning:   84%
        continuing:   16%
             other:   0%
           lexical:   capitalized
    part of speech:   other
   dictionary word:   1
        city/state:   0
 country/territory:   0
             place:   1
        DTIC first:   1
         DTIC last:   1
      common first:   1
       common last:   1
         honorific:   0
            prefix:   0
            suffix:   0
         kill word:   0

            lexeme:   Washington
    classification:   beginning
         beginning:   62%
        continuing:   38%
             other:   0%
           lexical:   capitalized
    part of speech:   other
   dictionary word:   1
        city/state:   0
 country/territory:   0
             place:   1
        DTIC first:   1
         DTIC last:   1
      common first:   0
       common last:   1
         honorific:   0
            prefix:   0
            suffix:   0
         kill word:   0

            lexeme:   University
    classification:   other
         beginning:   0%
        continuing:   0%
             other:   100%
           lexical:   capitalized
    part of speech:   other
   dictionary word:   1
        city/state:   0
 country/territory:   0
             place:   1
        DTIC first:   0
         DTIC last:   0
      common first:   0
       common last:   0
         honorific:   0
            prefix:   0
            suffix:   0
         kill word:   1

            lexeme:   next
    classification:   other
         beginning:   0%
        continuing:   0%
             other:   100%
           lexical:   other
    part of speech:   other
   dictionary word:   1
        city/state:   0
 country/territory:   0
             place:   0
        DTIC first:   0
         DTIC last:   0
      common first:   0
       common last:   0
         honorific:   0
            prefix:   0
            suffix:   0
         kill word:   0

            lexeme:   year
    classification:   other
         beginning:   0%
        continuing:   0%
             other:   100%
           lexical:   other
    part of speech:   other
   dictionary word:   1
        city/state:   0
 country/territory:   0
             place:   0
        DTIC first:   0
         DTIC last:   0
      common first:   0
       common last:   0
         honorific:   0
            prefix:   0
            suffix:   0
         kill word:   0

            lexeme:   .
    classification:   other
         beginning:   0%
        continuing:   0%
             other:   100%
           lexical:   punct
    part of speech:   period
   dictionary word:   0
        city/state:   0
 country/territory:   0
             place:   0
        DTIC first:   0
         DTIC last:   0
      common first:   0
       common last:   0
         honorific:   0
            prefix:   0
            suffix:   0
         kill word:   0

            lexeme:   Say
    classification:   continuing
         beginning:   45%
        continuing:   54%
             other:   2%
           lexical:   capitalized
    part of speech:   other
   dictionary word:   1
        city/state:   0
 country/territory:   0
             place:   0
        DTIC first:   1
         DTIC last:   1
      common first:   0
       common last:   1
         honorific:   0
            prefix:   0
            suffix:   0
         kill word:   0

            lexeme:   hello
    classification:   other
         beginning:   0%
        continuing:   0%
             other:   100%
           lexical:   other
    part of speech:   other
   dictionary word:   1
        city/state:   0
 country/territory:   0
             place:   0
        DTIC first:   0
         DTIC last:   0
      common first:   0
       common last:   0
         honorific:   0
            prefix:   0
            suffix:   0
         kill word:   0

            lexeme:   to
    classification:   other
         beginning:   0%
        continuing:   1%
             other:   99%
           lexical:   other
    part of speech:   other
   dictionary word:   1
        city/state:   0
 country/territory:   0
             place:   0
        DTIC first:   1
         DTIC last:   1
      common first:   0
       common last:   1
         honorific:   0
            prefix:   0
            suffix:   0
         kill word:   0

            lexeme:   Mr
    classification:   beginning
         beginning:   75%
        continuing:   1%
             other:   24%
           lexical:   capitalized
    part of speech:   other
   dictionary word:   1
        city/state:   0
 country/territory:   0
             place:   0
        DTIC first:   1
         DTIC last:   0
      common first:   0
       common last:   0
         honorific:   1
            prefix:   0
            suffix:   0
         kill word:   0

            lexeme:   .
    classification:   other
         beginning:   0%
        continuing:   0%
             other:   100%
           lexical:   punct
    part of speech:   period
   dictionary word:   0
        city/state:   0
 country/territory:   0
             place:   0
        DTIC first:   0
         DTIC last:   0
      common first:   0
       common last:   0
         honorific:   0
            prefix:   0
            suffix:   0
         kill word:   0

            lexeme:   Samuel
    classification:   beginning
         beginning:   84%
        continuing:   16%
             other:   0%
           lexical:   capitalized
    part of speech:   other
   dictionary word:   1
        city/state:   0
 country/territory:   0
             place:   1
        DTIC first:   1
         DTIC last:   1
      common first:   1
       common last:   1
         honorific:   0
            prefix:   0
            suffix:   0
         kill word:   0

            lexeme:   L
    classification:   continuing
         beginning:   3%
        continuing:   70%
             other:   27%
           lexical:   capLetter
    part of speech:   other
   dictionary word:   1
        city/state:   0
 country/territory:   0
             place:   0
        DTIC first:   1
         DTIC last:   0
      common first:   0
       common last:   0
         honorific:   0
            prefix:   0
            suffix:   0
         kill word:   0

            lexeme:   .
    classification:   other
         beginning:   0%
        continuing:   0%
             other:   100%
           lexical:   punct
    part of speech:   period
   dictionary word:   0
        city/state:   0
 country/territory:   0
             place:   0
        DTIC first:   0
         DTIC last:   0
      common first:   0
       common last:   0
         honorific:   0
            prefix:   0
            suffix:   0
         kill word:   0

            lexeme:   Jackson
    classification:   beginning
         beginning:   84%
        continuing:   16%
             other:   0%
           lexical:   capitalized
    part of speech:   other
   dictionary word:   1
        city/state:   0
 country/territory:   0
             place:   1
        DTIC first:   1
         DTIC last:   1
      common first:   1
       common last:   1
         honorific:   0
            prefix:   0
            suffix:   0
         kill word:   0

            lexeme:   ,
    classification:   other
         beginning:   0%
        continuing:   0%
             other:   100%
           lexical:   punct
    part of speech:   comma
   dictionary word:   0
        city/state:   0
 country/territory:   0
             place:   0
        DTIC first:   0
         DTIC last:   0
      common first:   0
       common last:   0
         honorific:   0
            prefix:   0
            suffix:   0
         kill word:   0

            lexeme:   III
    classification:   other
         beginning:   1%
        continuing:   8%
             other:   91%
           lexical:   allCaps
    part of speech:   other
   dictionary word:   1
        city/state:   0
 country/territory:   0
             place:   0
        DTIC first:   1
         DTIC last:   0
      common first:   0
       common last:   0
         honorific:   0
            prefix:   0
            suffix:   0
         kill word:   0


*******************************
      Evaluation Summary
*******************************

Correctly Classified Instances          21               87.5    %
Incorrectly Classified Instances         3               12.5    %
Kappa statistic                          0.7283
Mean absolute error                      0.1163
Root mean squared error                  0.2514
Relative absolute error                 33.8363 %
Root relative squared error             61.6617 %
Total Number of Instances               24     

]]></system-out>
  <system-err><![CDATA[]]></system-err>
</testsuite>
