<?xml version="1.0" encoding="UTF-8" ?>
<testsuite errors="0" failures="0" hostname="joehl-laptop" name="edu.odu.cs.cs350.namex.TestToken" skipped="0" tests="18" time="1.793" timestamp="2016-04-15T19:48:27">
  <properties>
    <property name="file.encoding.pkg" value="sun.io" />
    <property name="ivy.retrieve.pattern.ivy.instance" value="/home/joel/git/Green3/lib/[artifact]-[revision](-[classifier]).[ext]" />
    <property name="java.vendor.url.ivy.instance" value="http://java.oracle.com/" />
    <property name="ivy.project.dir.ivy.instance" value="/home/joel/git/Green3" />
    <property name="ivy.resolve.default.type.filter" value="*" />
    <property name="java.home" value="/usr/lib/jvm/java-7-openjdk-amd64/jre" />
    <property name="ivy.configurations.ivy.instance" value="*" />
    <property name="src.main" value="/home/joel/git/Green3/src/main/java/edu/odu/cs/cs350/namex" />
    <property name="ivy.basedir.ivy.instance" value="/home/joel/git/Green3" />
    <property name="ivy.dep.file.ivy.instance" value="ivy.xml" />
    <property name="java.endorsed.dirs" value="/usr/lib/jvm/java-7-openjdk-amd64/jre/lib/endorsed" />
    <property name="java.class.path.ivy.instance" value="/home/joel/.p2/pool/plugins/org.apache.ant_1.9.4.v201504302020/lib/ant-antlr.jar:/home/joel/.p2/pool/plugins/org.apache.ant_1.9.4.v201504302020/lib/ant-apache-bcel.jar:/home/joel/.p2/pool/plugins/org.apache.ant_1.9.4.v201504302020/lib/ant-apache-bsf.jar:/home/joel/.p2/pool/plugins/org.apache.ant_1.9.4.v201504302020/lib/ant-apache-log4j.jar:/home/joel/.p2/pool/plugins/org.apache.ant_1.9.4.v201504302020/lib/ant-apache-oro.jar:/home/joel/.p2/pool/plugins/org.apache.ant_1.9.4.v201504302020/lib/ant-apache-regexp.jar:/home/joel/.p2/pool/plugins/org.apache.ant_1.9.4.v201504302020/lib/ant-apache-resolver.jar:/home/joel/.p2/pool/plugins/org.apache.ant_1.9.4.v201504302020/lib/ant-apache-xalan2.jar:/home/joel/.p2/pool/plugins/org.apache.ant_1.9.4.v201504302020/lib/ant-commons-logging.jar:/home/joel/.p2/pool/plugins/org.apache.ant_1.9.4.v201504302020/lib/ant-commons-net.jar:/home/joel/.p2/pool/plugins/org.apache.ant_1.9.4.v201504302020/lib/ant-jai.jar:/home/joel/.p2/pool/plugins/org.apache.ant_1.9.4.v201504302020/lib/ant-javamail.jar:/home/joel/.p2/pool/plugins/org.apache.ant_1.9.4.v201504302020/lib/ant-jdepend.jar:/home/joel/.p2/pool/plugins/org.apache.ant_1.9.4.v201504302020/lib/ant-jmf.jar:/home/joel/.p2/pool/plugins/org.apache.ant_1.9.4.v201504302020/lib/ant-jsch.jar:/home/joel/.p2/pool/plugins/org.apache.ant_1.9.4.v201504302020/lib/ant-junit.jar:/home/joel/.p2/pool/plugins/org.apache.ant_1.9.4.v201504302020/lib/ant-junit4.jar:/home/joel/.p2/pool/plugins/org.apache.ant_1.9.4.v201504302020/lib/ant-launcher.jar:/home/joel/.p2/pool/plugins/org.apache.ant_1.9.4.v201504302020/lib/ant-netrexx.jar:/home/joel/.p2/pool/plugins/org.apache.ant_1.9.4.v201504302020/lib/ant-swing.jar:/home/joel/.p2/pool/plugins/org.apache.ant_1.9.4.v201504302020/lib/ant-testutil.jar:/home/joel/.p2/pool/plugins/org.apache.ant_1.9.4.v201504302020/lib/ant.jar:/home/joel/.p2/pool/plugins/org.apache.ivy.eclipse.ant_2.4.0.final_20141213170938/ivy.jar:/home/joel/eclipse/java-mars/eclipse/configuration/org.eclipse.osgi/61/0/.cp/lib/antdebug.jar:/home/joel/eclipse/java-mars/eclipse/configuration/org.eclipse.osgi/61/0/.cp/lib/remote.jar:/home/joel/eclipse/java-mars/eclipse/configuration/org.eclipse.osgi/62/0/.cp/lib/remoteAnt.jar:/usr/lib/jvm/java-7-openjdk-amd64/lib/tools.jar:/home/joel/.p2/pool/plugins/org.eclipse.swt.gtk.linux.x86_64_3.104.1.v20150825-0743.jar" />
    <property name="ivy.home" value="/home/joel/.ivy2" />
    <property name="java.vm.specification.vendor.ivy.instance" value="Oracle Corporation" />
    <property name="sun.os.patch.level" value="unknown" />
    <property name="ivy.dep.file" value="ivy.xml" />
    <property name="java.vendor.url" value="http://java.oracle.com/" />
    <property name="ivy.lib.dir.ivy.instance" value="/home/joel/git/Green3/lib" />
    <property name="java.version" value="1.7.0_95" />
    <property name="ivy.conf.dir.ivy.instance" value="/home/joel/git/Green3" />
    <property name="sun.boot.library.path.ivy.instance" value="/usr/lib/jvm/java-7-openjdk-amd64/jre/lib/amd64" />
    <property name="ivy.report.output.pattern.ivy.instance" value="[organisation]-[module]-[conf].[ext]" />
    <property name="ivy.module" value="PNE" />
    <property name="ivy.publish.src.artifacts.pattern.ivy.instance" value="/home/joel/git/Green3/distrib/[type]s/[artifact]-[revision](-[classifier]).[ext]" />
    <property name="java.vendor.url.bug" value="http://bugreport.sun.com/bugreport/" />
    <property name="sun.management.compiler.ivy.instance" value="HotSpot 64-Bit Tiered Compilers" />
    <property name="ant.project.invoked-targets" value="install-ivy,resolve-ivy,init,download-ivy,compile,compile-tests,test" />
    <property name="os.name.ivy.instance" value="Linux" />
    <property name="ivy.default.ivy.user.dir.ivy.instance" value="/home/joel/.ivy2" />
    <property name="ivy.default.always.check.exact.revision" value="false" />
    <property name="ivy.default.settings.dir.ivy.instance" value="jar:file:/home/joel/.p2/pool/plugins/org.apache.ivy.eclipse.ant_2.4.0.final_20141213170938/ivy.jar!/org/apache/ivy/core/settings" />
    <property name="user.name" value="joel" />
    <property name="sun.io.unicode.encoding" value="UnicodeLittle" />
    <property name="sun.jnu.encoding" value="UTF-8" />
    <property name="java.runtime.name" value="OpenJDK Runtime Environment" />
    <property name="ant.home.ivy.instance" value="/home/joel/.p2/pool/plugins/org.apache.ant_1.9.4.v201504302020" />
    <property name="file.encoding.ivy.instance" value="UTF-8" />
    <property name="ivy.cache.ttl.default.ivy.instance" value="10s" />
    <property name="ivy.conf.file.ivy.instance" value="/home/joel/git/Green3/ivysettings.xml" />
    <property name="java.specification.vendor.ivy.instance" value="Oracle Corporation" />
    <property name="java.vendor.ivy.instance" value="Oracle Corporation" />
    <property name="sun.cpu.isalist.ivy.instance" value="" />
    <property name="java.specification.name" value="Java Platform API Specification" />
    <property name="user.timezone" value="" />
    <property name="java.endorsed.dirs.ivy.instance" value="/usr/lib/jvm/java-7-openjdk-amd64/jre/lib/endorsed" />
    <property name="path.separator" value=":" />
    <property name="java.class.version.ivy.instance" value="51.0" />
    <property name="ivy.default.conf.dir" value="jar:file:/home/joel/.p2/pool/plugins/org.apache.ivy.eclipse.ant_2.4.0.final_20141213170938/ivy.jar!/org/apache/ivy/core/settings" />
    <property name="file.encoding" value="UTF-8" />
    <property name="java.runtime.name.ivy.instance" value="OpenJDK Runtime Environment" />
    <property name="ivy.resolve.default.type.filter.ivy.instance" value="*" />
    <property name="ant.project.default-target" value="build" />
    <property name="build" value="/home/joel/git/Green3/target/classes" />
    <property name="lib" value="/home/joel/git/Green3/lib" />
    <property name="ivy.targets.copied" value="false" />
    <property name="ivy.parents.count" value="0" />
    <property name="sun.java.command" value="org.apache.tools.ant.taskdefs.optional.junit.JUnitTestRunner edu.odu.cs.cs350.namex.TestToken skipNonTests=false filtertrace=true haltOnError=false haltOnFailure=false showoutput=false outputtoformatters=true logfailedtests=true threadid=0 logtestlistenerevents=false formatter=org.apache.tools.ant.taskdefs.optional.junit.PlainJUnitResultFormatter formatter=org.apache.tools.ant.taskdefs.optional.junit.XMLJUnitResultFormatter,/home/joel/git/Green3/target/test-results/TEST-edu.odu.cs.cs350.namex.TestToken.xml crashfile=/home/joel/git/Green3/junitvmwatcher7378753053147775113.properties propsfile=/home/joel/git/Green3/junit8976474502600398730.properties" />
    <property name="ant.file" value="/home/joel/git/Green3/build.xml" />
    <property name="ivy.distrib.dir.ivy.instance" value="/home/joel/git/Green3/distrib" />
    <property name="ivy.checksums.ivy.instance" value="sha1,md5" />
    <property name="sun.arch.data.model.ivy.instance" value="64" />
    <property name="ivy.build.artifacts.dir.ivy.instance" value="/home/joel/git/Green3/build/artifacts" />
    <property name="ivy.settings.file" value="ivysettings.xml" />
    <property name="java.io.tmpdir" value="/tmp" />
    <property name="ivy.buildlist.ivyfilepath.ivy.instance" value="ivy.xml" />
    <property name="TODAY" value="April 15 2016" />
    <property name="ivy.cache.ttl.default" value="10s" />
    <property name="user.language" value="en" />
    <property name="user.dir.ivy.instance" value="/home/joel/git/Green3" />
    <property name="ivy.home.ivy.instance" value="/home/joel/.ivy2" />
    <property name="line.separator" value="
" />
    <property name="java.specification.version.ivy.instance" value="1.7" />
    <property name="ivy.build.artifacts.dir" value="/home/joel/git/Green3/build/artifacts" />
    <property name="ivy.settings.dir.url" value="file:/home/joel/git/Green3/" />
    <property name="sun.io.unicode.encoding.ivy.instance" value="UnicodeLittle" />
    <property name="ivy.status" value="integration" />
    <property name="java.vm.info" value="mixed mode" />
    <property name="ivy.lib.dir" value="/home/joel/git/Green3/lib" />
    <property name="java.vm.specification.name" value="Java Virtual Machine Specification" />
    <property name="ivy.default.conf.dir.ivy.instance" value="jar:file:/home/joel/.p2/pool/plugins/org.apache.ivy.eclipse.ant_2.4.0.final_20141213170938/ivy.jar!/org/apache/ivy/core/settings" />
    <property name="java.vm.version.ivy.instance" value="24.95-b01" />
    <property name="ivy.install.version" value="2.3.0" />
    <property name="user.name.ivy.instance" value="joel" />
    <property name="ivy.cache.dir" value="/home/joel/.ivy2/cache" />
    <property name="java.awt.printerjob" value="sun.print.PSPrinterJob" />
    <property name="java.io.tmpdir.ivy.instance" value="/tmp" />
    <property name="ant.version" value="Apache Ant(TM) version 1.9.4 compiled on April 29 2014" />
    <property name="java.home.ivy.instance" value="/usr/lib/jvm/java-7-openjdk-amd64/jre" />
    <property name="java.vm.vendor.ivy.instance" value="Oracle Corporation" />
    <property name="ivy.default.settings.dir" value="jar:file:/home/joel/.p2/pool/plugins/org.apache.ivy.eclipse.ant_2.4.0.final_20141213170938/ivy.jar!/org/apache/ivy/core/settings" />
    <property name="ivy.configurations" value="*" />
    <property name="ivy.settings.url" value="file:/home/joel/git/Green3/ivysettings.xml" />
    <property name="os.name" value="Linux" />
    <property name="java.specification.vendor" value="Oracle Corporation" />
    <property name="sun.jnu.encoding.ivy.instance" value="UTF-8" />
    <property name="ivy.deliver.ivy.pattern.ivy.instance" value="/home/joel/git/Green3/distrib/[type]s/[artifact]-[revision](-[classifier]).[ext]" />
    <property name="ivy.checksums" value="sha1,md5" />
    <property name="java.vm.name" value="OpenJDK 64-Bit Server VM" />
    <property name="ivy.jar.file" value="/home/joel/git/Green3/ivy/ivy.jar" />
    <property name="ivy.log.modules.in.use" value="false" />
    <property name="java.runtime.version.ivy.instance" value="1.7.0_95-b00" />
    <property name="ivy.report.output.pattern" value="[organisation]-[module]-[conf].[ext]" />
    <property name="ivy.version" value="2.4.0" />
    <property name="java.library.path" value="/usr/java/packages/lib/amd64:/usr/lib/x86_64-linux-gnu/jni:/lib/x86_64-linux-gnu:/usr/lib/x86_64-linux-gnu:/usr/lib/jni:/lib:/usr/lib" />
    <property name="ivy.conf.url" value="file:/home/joel/git/Green3/ivysettings.xml" />
    <property name="java.vm.name.ivy.instance" value="OpenJDK 64-Bit Server VM" />
    <property name="os.version.ivy.instance" value="3.19.0-42-generic" />
    <property name="line.separator.ivy.instance" value="
" />
    <property name="ant.java.version" value="1.7" />
    <property name="sun.cpu.endian.ivy.instance" value="little" />
    <property name="java.vm.specification.name.ivy.instance" value="Java Virtual Machine Specification" />
    <property name="basedir" value="/home/joel/git/Green3" />
    <property name="java.class.version" value="51.0" />
    <property name="ivy.settings.url.ivy.instance" value="file:/home/joel/git/Green3/ivysettings.xml" />
    <property name="path.separator.ivy.instance" value=":" />
    <property name="sun.boot.class.path.ivy.instance" value="/usr/lib/jvm/java-7-openjdk-amd64/jre/lib/resources.jar:/usr/lib/jvm/java-7-openjdk-amd64/jre/lib/rt.jar:/usr/lib/jvm/java-7-openjdk-amd64/jre/lib/sunrsasign.jar:/usr/lib/jvm/java-7-openjdk-amd64/jre/lib/jsse.jar:/usr/lib/jvm/java-7-openjdk-amd64/jre/lib/jce.jar:/usr/lib/jvm/java-7-openjdk-amd64/jre/lib/charsets.jar:/usr/lib/jvm/java-7-openjdk-amd64/jre/lib/rhino.jar:/usr/lib/jvm/java-7-openjdk-amd64/jre/lib/jfr.jar:/usr/lib/jvm/java-7-openjdk-amd64/jre/classes" />
    <property name="ant.home" value="/home/joel/.p2/pool/plugins/org.apache.ant_1.9.4.v201504302020" />
    <property name="ant.file.type.PNE" value="file" />
    <property name="dist" value="/home/joel/git/Green3/target" />
    <property name="ivy.resolved.configurations" value="default" />
    <property name="ivy.deliver.ivy.pattern" value="/home/joel/git/Green3/distrib/[type]s/[artifact]-[revision](-[classifier]).[ext]" />
    <property name="sun.boot.library.path" value="/usr/lib/jvm/java-7-openjdk-amd64/jre/lib/amd64" />
    <property name="ivy.default.always.check.exact.revision.ivy.instance" value="false" />
    <property name="java.library.path.ivy.instance" value="/usr/java/packages/lib/amd64:/usr/lib/x86_64-linux-gnu/jni:/lib/x86_64-linux-gnu:/usr/lib/x86_64-linux-gnu:/usr/lib/jni:/lib:/usr/lib:/home/joel/eclipse/java-mars/eclipse/configuration/org.eclipse.osgi/385/0/.cp" />
    <property name="awt.toolkit.ivy.instance" value="sun.awt.X11.XToolkit" />
    <property name="ivy.basedir" value="/home/joel/git/Green3" />
    <property name="sun.management.compiler" value="HotSpot 64-Bit Tiered Compilers" />
    <property name="java.ext.dirs.ivy.instance" value="/usr/lib/jvm/java-7-openjdk-amd64/jre/lib/ext:/usr/java/packages/lib/ext" />
    <property name="java.awt.graphicsenv" value="sun.awt.X11GraphicsEnvironment" />
    <property name="ivy.log.modules.in.use.ivy.instance" value="false" />
    <property name="ivy.settings.dir.url.ivy.instance" value="file:/home/joel/git/Green3/" />
    <property name="sun.os.patch.level.ivy.instance" value="unknown" />
    <property name="file.encoding.pkg.ivy.instance" value="sun.io" />
    <property name="ivy.resolver.default.check.modified" value="false" />
    <property name="ivy.settings.file.ivy.instance" value="/home/joel/git/Green3/ivysettings.xml" />
    <property name="ivy.nb.targets.copied" value="0" />
    <property name="ant.project.name" value="PNE" />
    <property name="src.test" value="/home/joel/git/Green3/src/test/java/edu/odu/cs/cs350/namex" />
    <property name="java.vm.specification.version" value="1.7" />
    <property name="ivy.cache.dir.ivy.instance" value="/home/joel/.ivy2/cache" />
    <property name="ivy.status.ivy.instance" value="integration" />
    <property name="awt.toolkit" value="sun.awt.X11.XToolkit" />
    <property name="sun.cpu.isalist" value="" />
    <property name="file.separator.ivy.instance" value="/" />
    <property name="java.ext.dirs" value="/usr/lib/jvm/java-7-openjdk-amd64/jre/lib/ext:/usr/java/packages/lib/ext" />
    <property name="ivy.deps.changed" value="false" />
    <property name="os.version" value="3.19.0-42-generic" />
    <property name="user.home" value="/home/joel" />
    <property name="sun.java.launcher.ivy.instance" value="SUN_STANDARD" />
    <property name="java.vm.vendor" value="Oracle Corporation" />
    <property name="ivy.organisation" value="edu.odu.cs" />
    <property name="user.dir" value="/home/joel/git/Green3" />
    <property name="ant.library.dir.ivy.instance" value="/home/joel/.p2/pool/plugins/org.apache.ant_1.9.4.v201504302020/lib" />
    <property name="java.vm.info.ivy.instance" value="mixed mode" />
    <property name="ivy.publish.src.artifacts.pattern" value="/home/joel/git/Green3/distrib/[type]s/[artifact]-[revision](-[classifier]).[ext]" />
    <property name="sun.java.command.ivy.instance" value="org.eclipse.ant.internal.launching.remote.InternalAntRunner -Dorg.eclipse.ant.core.ANT_PROCESS_ID=1460749696218 -Declipse.connect.port=58656 -Dant.home=/home/joel/.p2/pool/plugins/org.apache.ant_1.9.4.v201504302020 -logger org.eclipse.ant.internal.launching.remote.logger.RemoteAntBuildLogger -inputhandler org.eclipse.ant.internal.ui.antsupport.inputhandler.ProxyInputHandler -eclipseTask antlib:org.apache.ivy.ant:configure,org.apache.ivy.ant.IvyConfigure -eclipseTask antlib:org.apache.ivy.ant:resolve,org.apache.ivy.ant.IvyResolve -eclipseTask antlib:org.apache.ivy.ant:retrieve,org.apache.ivy.ant.IvyRetrieve -eclipseTask antlib:org.apache.ivy.ant:deliver,org.apache.ivy.ant.IvyDeliver -eclipseTask antlib:org.apache.ivy.ant:publish,org.apache.ivy.ant.IvyPublish -eclipseTask antlib:org.apache.ivy.ant:extract,org.apache.ivy.ant.IvyExtractFromSources -eclipseTask antlib:org.apache.ivy.ant:cachepath,org.apache.ivy.ant.IvyCachePath -eclipseTask antlib:org.apache.ivy.ant:cachefileset,org.apache.ivy.ant.IvyCacheFileset -eclipseTask antlib:org.apache.ivy.ant:report,org.apache.ivy.ant.IvyReport -eclipseTask antlib:org.apache.ivy.ant:repreport,org.apache.ivy.ant.IvyRepositoryReport -eclipseTask antlib:org.apache.ivy.ant:var,org.apache.ivy.ant.IvyVar -eclipseTask antlib:org.apache.ivy.ant:check,org.apache.ivy.ant.IvyCheck -eclipseTask antlib:org.apache.ivy.ant:artifactproperty,org.apache.ivy.ant.IvyArtifactProperty -eclipseTask antlib:org.apache.ivy.ant:buildlist,org.apache.ivy.ant.IvyBuildList -eclipseTask antlib:org.apache.ivy.ant:install,org.apache.ivy.ant.IvyInstall -eclipseTask antlib:org.apache.ivy.ant:convertpom,org.apache.ivy.ant.IvyConvertPom -eclipseTask antlib:org.apache.ivy.ant:makepom,org.apache.ivy.ant.IvyMakePom -eclipseTask antlib:org.apache.ivy.ant:artifactreport,org.apache.ivy.ant.IvyArtifactReport -eclipseTask antlib:org.apache.ivy.ant:info,org.apache.ivy.ant.IvyInfo -eclipseTask antlib:org.apache.ivy.ant:addpath,org.apache.ivy.ant.AddPathTask -eclipseTask antlib:org.apache.ivy.ant:listmodules,org.apache.ivy.ant.IvyListModules -eclipseTask antlib:org.apache.ivy.ant:findrevision,org.apache.ivy.ant.IvyFindRevision -eclipseTask antlib:org.apache.ivy.ant:buildnumber,org.apache.ivy.ant.IvyBuildNumber -eclipseTask antlib:org.apache.ivy.ant:cleancache,org.apache.ivy.ant.IvyCleanCache -eclipseTask antlib:org.apache.ivy.ant:buildobr,org.apache.ivy.ant.BuildOBRTask -eclipseTask antlib:org.apache.ivy.ant:convertmanifest,org.apache.ivy.ant.ConvertManifestTask -eclipseTask antlib:org.apache.ivy.ant:fixdeps,org.apache.ivy.ant.FixDepsTask -eclipseTask antlib:org.apache.ivy.ant:dependencytree,org.apache.ivy.ant.IvyDependencyTree -eclipseTask antlib:org.apache.ivy.ant:checkdepsupdate,org.apache.ivy.ant.IvyDependencyUpdateChecker -eclipseType antlib:org.apache.ivy.ant:settings,org.apache.ivy.ant.IvyAntSettings -eclipseType antlib:org.apache.ivy.ant:resources,org.apache.ivy.ant.IvyResources -buildfile /home/joel/git/Green3/build.xml install-ivy resolve-ivy init download-ivy compile compile-tests test" />
    <property name="ivy.distrib.dir" value="/home/joel/git/Green3/distrib" />
    <property name="sun.cpu.endian" value="little" />
    <property name="ivy.revision" value="working@joehl-laptop" />
    <property name="user.timezone.ivy.instance" value="America/New_York" />
    <property name="java.vm.version" value="24.95-b01" />
    <property name="java.class.path" value="/home/joel/git/Green3/target/test-classes:/home/joel/git/Green3/target/classes:/home/joel/git/Green3/lib/ant-1.7.1.jar:/home/joel/git/Green3/lib/ant-launcher-1.7.1.jar:/home/joel/git/Green3/lib/ant-launcher.jar:/home/joel/git/Green3/lib/ant.jar:/home/joel/git/Green3/lib/asm-debug-all-5.0.4.jar:/home/joel/git/Green3/lib/asm-debug-all.jar:/home/joel/git/Green3/lib/extract-wordlists-4.2.jar:/home/joel/git/Green3/lib/extract-wordlists.jar:/home/joel/git/Green3/lib/hamcrest-core-1.3.jar:/home/joel/git/Green3/lib/hamcrest-core.jar:/home/joel/git/Green3/lib/java-cup-0.11a.jar:/home/joel/git/Green3/lib/java-cup.jar:/home/joel/git/Green3/lib/junit-4.11.jar:/home/joel/git/Green3/lib/junit-javadoc.jar:/home/joel/git/Green3/lib/junit-sources.jar:/home/joel/git/Green3/lib/junit.jar:/home/joel/git/Green3/lib/org.jacoco.agent-0.7.6.201602180812.jar:/home/joel/git/Green3/lib/org.jacoco.agent.jar:/home/joel/git/Green3/lib/org.jacoco.ant-0.7.6.201602180812.jar:/home/joel/git/Green3/lib/org.jacoco.ant-javadoc.jar:/home/joel/git/Green3/lib/org.jacoco.ant-sources.jar:/home/joel/git/Green3/lib/org.jacoco.ant.jar:/home/joel/git/Green3/lib/org.jacoco.core-0.7.6.201602180812.jar:/home/joel/git/Green3/lib/org.jacoco.core.jar:/home/joel/git/Green3/lib/org.jacoco.report-0.7.6.201602180812.jar:/home/joel/git/Green3/lib/org.jacoco.report.jar:/home/joel/git/Green3/lib/weka-stable-3.6.13.jar:/home/joel/git/Green3/lib/weka-stable-javadoc.jar:/home/joel/git/Green3/lib/weka-stable-sources.jar:/home/joel/git/Green3/lib/weka-stable.jar:/home/joel/.p2/pool/plugins/org.apache.ant_1.9.4.v201504302020/lib/ant-launcher.jar:/home/joel/.p2/pool/plugins/org.apache.ant_1.9.4.v201504302020/lib/ant.jar:/home/joel/.p2/pool/plugins/org.apache.ant_1.9.4.v201504302020/lib/ant-junit.jar:/home/joel/.p2/pool/plugins/org.apache.ant_1.9.4.v201504302020/lib/ant-junit4.jar" />
    <property name="ivy.default.ivy.user.dir" value="/home/joel/.ivy2" />
    <property name="DSTAMP" value="20160415" />
    <property name="user.home.ivy.instance" value="/home/joel" />
    <property name="basedir.ivy.instance" value="/home/joel/git/Green3" />
    <property name="ant.library.dir" value="/home/joel/.p2/pool/plugins/org.apache.ant_1.9.4.v201504302020/lib" />
    <property name="os.arch" value="amd64" />
    <property name="ivy.jar.dir" value="/home/joel/git/Green3/ivy" />
    <property name="ivy.conf.file" value="/home/joel/git/Green3/ivysettings.xml" />
    <property name="java.awt.graphicsenv.ivy.instance" value="sun.awt.X11GraphicsEnvironment" />
    <property name="java.vendor.url.bug.ivy.instance" value="http://bugreport.sun.com/bugreport/" />
    <property name="java.vm.specification.version.ivy.instance" value="1.7" />
    <property name="sun.java.launcher" value="SUN_STANDARD" />
    <property name="java.awt.printerjob.ivy.instance" value="sun.print.PSPrinterJob" />
    <property name="ivy.settings.dir.ivy.instance" value="/home/joel/git/Green3" />
    <property name="ivy.resolver.default.check.modified.ivy.instance" value="false" />
    <property name="ant.file.PNE" value="/home/joel/git/Green3/build.xml" />
    <property name="ant.core.lib" value="/home/joel/.p2/pool/plugins/org.apache.ant_1.9.4.v201504302020/lib/ant.jar" />
    <property name="java.vm.specification.vendor" value="Oracle Corporation" />
    <property name="ivy.settings.dir" value="/home/joel/git/Green3" />
    <property name="TSTAMP" value="1548" />
    <property name="file.separator" value="/" />
    <property name="user.language.ivy.instance" value="en" />
    <property name="user.country.ivy.instance" value="US" />
    <property name="ivy.conf.url.ivy.instance" value="file:/home/joel/git/Green3/ivysettings.xml" />
    <property name="java.runtime.version" value="1.7.0_95-b00" />
    <property name="java.specification.name.ivy.instance" value="Java Platform API Specification" />
    <property name="sun.boot.class.path" value="/usr/lib/jvm/java-7-openjdk-amd64/jre/lib/resources.jar:/usr/lib/jvm/java-7-openjdk-amd64/jre/lib/rt.jar:/usr/lib/jvm/java-7-openjdk-amd64/jre/lib/sunrsasign.jar:/usr/lib/jvm/java-7-openjdk-amd64/jre/lib/jsse.jar:/usr/lib/jvm/java-7-openjdk-amd64/jre/lib/jce.jar:/usr/lib/jvm/java-7-openjdk-amd64/jre/lib/charsets.jar:/usr/lib/jvm/java-7-openjdk-amd64/jre/lib/rhino.jar:/usr/lib/jvm/java-7-openjdk-amd64/jre/lib/jfr.jar:/usr/lib/jvm/java-7-openjdk-amd64/jre/classes" />
    <property name="ivy.conf.dir" value="/home/joel/git/Green3" />
    <property name="ivy.retrieve.pattern" value="/home/joel/git/Green3/lib/[artifact]-[revision](-[classifier]).[ext]" />
    <property name="user.country" value="US" />
    <property name="java.version.ivy.instance" value="1.7.0_95" />
    <property name="ivy.resolved.file" value="/home/joel/git/Green3/ivy.xml" />
    <property name="os.arch.ivy.instance" value="amd64" />
    <property name="java.vendor" value="Oracle Corporation" />
    <property name="ivy.project.dir" value="/home/joel/git/Green3" />
    <property name="java.specification.version" value="1.7" />
    <property name="sun.arch.data.model" value="64" />
    <property name="ivy.buildlist.ivyfilepath" value="ivy.xml" />
  </properties>
  <testcase classname="edu.odu.cs.cs350.namex.TestToken" name="testDTICLast" time="0.005" />
  <testcase classname="edu.odu.cs.cs350.namex.TestToken" name="testPartOfSpeech" time="0.001" />
  <testcase classname="edu.odu.cs.cs350.namex.TestToken" name="testDTICFirst" time="0.0" />
  <testcase classname="edu.odu.cs.cs350.namex.TestToken" name="testPlace" time="0.0" />
  <testcase classname="edu.odu.cs.cs350.namex.TestToken" name="testToken" time="0.001" />
  <testcase classname="edu.odu.cs.cs350.namex.TestToken" name="testName" time="0.0" />
  <testcase classname="edu.odu.cs.cs350.namex.TestToken" name="testToString" time="1.616" />
  <testcase classname="edu.odu.cs.cs350.namex.TestToken" name="testCountryTerritory" time="0.0" />
  <testcase classname="edu.odu.cs.cs350.namex.TestToken" name="testCityState" time="0.001" />
  <testcase classname="edu.odu.cs.cs350.namex.TestToken" name="testLexical" time="0.0" />
  <testcase classname="edu.odu.cs.cs350.namex.TestToken" name="testHonorific" time="0.0" />
  <testcase classname="edu.odu.cs.cs350.namex.TestToken" name="testKillWord" time="0.001" />
  <testcase classname="edu.odu.cs.cs350.namex.TestToken" name="testCommonLast" time="0.0" />
  <testcase classname="edu.odu.cs.cs350.namex.TestToken" name="testDictionaryWord" time="0.0" />
  <testcase classname="edu.odu.cs.cs350.namex.TestToken" name="testLexeme" time="0.001" />
  <testcase classname="edu.odu.cs.cs350.namex.TestToken" name="testPrefix" time="0.0" />
  <testcase classname="edu.odu.cs.cs350.namex.TestToken" name="testCommonFirst" time="0.0" />
  <testcase classname="edu.odu.cs.cs350.namex.TestToken" name="testSuffix" time="0.0" />
  <system-out><![CDATA[]]></system-out>
  <system-err><![CDATA[]]></system-err>
</testsuite>
