<?xml version="1.0" encoding="UTF-8" ?>
<testsuite errors="0" failures="1" hostname="TristanPC" name="edu.odu.cs.cs350.namex.TestTrainer" skipped="0" tests="8" time="28.486" timestamp="2016-04-12T18:52:01">
  <properties>
    <property name="java.vendor" value="Oracle Corporation" />
    <property name="sun.java.launcher" value="SUN_STANDARD" />
    <property name="eclipse.pdebuild.templates" value="/C:/Users/Tristan/Documents/eclipse/plugins/org.eclipse.pde.build_3.9.100.v20150521-1524/templates/" />
    <property name="sun.management.compiler" value="HotSpot 64-Bit Tiered Compilers" />
    <property name="dist" value="C:\Users\Tristan\git\Green3\target" />
    <property name="lib" value="C:\Users\Tristan\git\Green3\lib" />
    <property name="os.name" value="Windows 10" />
    <property name="sun.boot.class.path" value="C:\Program Files\Java\jre1.8.0_73\lib\resources.jar;C:\Program Files\Java\jre1.8.0_73\lib\rt.jar;C:\Program Files\Java\jre1.8.0_73\lib\sunrsasign.jar;C:\Program Files\Java\jre1.8.0_73\lib\jsse.jar;C:\Program Files\Java\jre1.8.0_73\lib\jce.jar;C:\Program Files\Java\jre1.8.0_73\lib\charsets.jar;C:\Program Files\Java\jre1.8.0_73\lib\jfr.jar;C:\Program Files\Java\jre1.8.0_73\classes" />
    <property name="TODAY" value="April 12 2016" />
    <property name="sun.desktop" value="windows" />
    <property name="java.vm.specification.vendor" value="Oracle Corporation" />
    <property name="ant.home" value="C:\Users\Tristan\Documents\eclipse\plugins\org.apache.ant_1.9.4.v201504302020" />
    <property name="java.runtime.version" value="1.8.0_73-b02" />
    <property name="user.name" value="Tristan" />
    <property name="ant.file.type.PNE" value="file" />
    <property name="user.language" value="en" />
    <property name="build" value="C:\Users\Tristan\git\Green3\target\classes" />
    <property name="sun.boot.library.path" value="C:\Program Files\Java\jre1.8.0_73\bin" />
    <property name="ivy.jar.dir" value="C:\Users\Tristan\git\Green3/ivy" />
    <property name="ant.project.default-target" value="build" />
    <property name="ant.project.name" value="PNE" />
    <property name="DSTAMP" value="20160412" />
    <property name="java.version" value="1.8.0_73" />
    <property name="user.timezone" value="" />
    <property name="sun.arch.data.model" value="64" />
    <property name="java.endorsed.dirs" value="C:\Program Files\Java\jre1.8.0_73\lib\endorsed" />
    <property name="src.main" value="C:\Users\Tristan\git\Green3\src\main\java\edu\odu\cs\cs350\namex" />
    <property name="sun.cpu.isalist" value="amd64" />
    <property name="sun.jnu.encoding" value="Cp1252" />
    <property name="file.encoding.pkg" value="sun.io" />
    <property name="file.separator" value="\" />
    <property name="java.specification.name" value="Java Platform API Specification" />
    <property name="java.class.version" value="52.0" />
    <property name="user.country" value="US" />
    <property name="java.home" value="C:\Program Files\Java\jre1.8.0_73" />
    <property name="java.vm.info" value="mixed mode" />
    <property name="ant.file" value="C:\Users\Tristan\git\Green3\build.xml" />
    <property name="os.version" value="10.0" />
    <property name="path.separator" value=";" />
    <property name="java.vm.version" value="25.73-b02" />
    <property name="user.variant" value="" />
    <property name="ant.library.dir" value="C:\Users\Tristan\Documents\eclipse\plugins\org.apache.ant_1.9.4.v201504302020\lib" />
    <property name="java.awt.printerjob" value="sun.awt.windows.WPrinterJob" />
    <property name="sun.io.unicode.encoding" value="UnicodeLittle" />
    <property name="awt.toolkit" value="sun.awt.windows.WToolkit" />
    <property name="user.script" value="" />
    <property name="eclipse.pdebuild.scripts" value="/C:/Users/Tristan/Documents/eclipse/plugins/org.eclipse.pde.build_3.9.100.v20150521-1524/scripts/" />
    <property name="user.home" value="C:\Users\Tristan" />
    <property name="java.specification.vendor" value="Oracle Corporation" />
    <property name="java.library.path" value="C:\Program Files\Java\jre1.8.0_73\bin;C:\WINDOWS\Sun\Java\bin;C:\WINDOWS\system32;C:\WINDOWS;C:/Program Files/Java/jre1.8.0_73/bin/server;C:/Program Files/Java/jre1.8.0_73/bin;C:/Program Files/Java/jre1.8.0_73/lib/amd64;C:\ProgramData\Oracle\Java\javapath;C:\Program Files (x86)\Intel\iCLS Client\;C:\Program Files\Intel\iCLS Client\;C:\WINDOWS\system32;C:\WINDOWS;C:\WINDOWS\System32\Wbem;C:\WINDOWS\System32\WindowsPowerShell\v1.0\;C:\Program Files (x86)\Windows Live\Shared;C:\Program Files\Intel\Intel(R) Management Engine Components\DAL;C:\Program Files\Intel\Intel(R) Management Engine Components\IPT;C:\Program Files (x86)\Intel\Intel(R) Management Engine Components\DAL;C:\Program Files (x86)\Intel\Intel(R) Management Engine Components\IPT;C:\Program Files\Intel\WiFi\bin\;C:\Program Files\Common Files\Intel\WirelessCommon\;C:\Users\Tristan\.dnx\bin;C:\Program Files\Microsoft DNX\Dnvm\;C:\python27;C:\Program Files (x86)\GtkSharp\2.12\bin;C:\Program Files\TortoiseSVN\bin;C:\Program Files (x86)\Windows Kits\8.1\Windows Performance Toolkit\;C:\Program Files (x86)\NVIDIA Corporation\PhysX\Common;C:\Program Files (x86)\Skype\Phone\;C:\WINDOWS\system32;C:\WINDOWS;C:\WINDOWS\System32\Wbem;C:\WINDOWS\System32\WindowsPowerShell\v1.0\;C:\MinGW\bin;C:\Program Files (x86)\Java\jdk1.7.0_71\bin;C:\Program Files\Common Files\Autodesk Shared\;C:\Program Files (x86)\Autodesk\Backburner\;C:\Python27\Scripts;C:\Program Files\Git\cmd;C:\Program Files\Java\jdk1.8.0_73\\bin;C:\Program Files\apache-ant-1.9.6\bin;C:\Users\Tristan\Documents\eclipse;;." />
    <property name="java.vendor.url" value="http://java.oracle.com/" />
    <property name="java.vm.vendor" value="Oracle Corporation" />
    <property name="java.runtime.name" value="Java(TM) SE Runtime Environment" />
    <property name="sun.java.command" value="org.apache.tools.ant.taskdefs.optional.junit.JUnitTestRunner edu.odu.cs.cs350.namex.TestTrainer skipNonTests=false filtertrace=true haltOnError=false haltOnFailure=false showoutput=false outputtoformatters=true logfailedtests=true threadid=0 logtestlistenerevents=false formatter=org.apache.tools.ant.taskdefs.optional.junit.PlainJUnitResultFormatter formatter=org.apache.tools.ant.taskdefs.optional.junit.XMLJUnitResultFormatter,C:\Users\Tristan\git\Green3\target\test-results\TEST-edu.odu.cs.cs350.namex.TestTrainer.xml crashfile=C:\Users\Tristan\git\Green3\junitvmwatcher3756113861485939013.properties propsfile=C:\Users\Tristan\git\Green3\junit5947337295962903692.properties" />
    <property name="java.class.path" value="C:\Users\Tristan\git\Green3\target\test-classes;C:\Users\Tristan\git\Green3\target\classes;C:\Users\Tristan\git\Green3\lib\extract-wordlists.jar;C:\Users\Tristan\git\Green3\lib\hamcrest-core.jar;C:\Users\Tristan\git\Green3\lib\hamcrest.jar;C:\Users\Tristan\git\Green3\lib\java-cup.jar;C:\Users\Tristan\git\Green3\lib\junit-javadoc.jar;C:\Users\Tristan\git\Green3\lib\junit-sources.jar;C:\Users\Tristan\git\Green3\lib\junit.jar;C:\Users\Tristan\git\Green3\lib\weka-stable-javadoc.jar;C:\Users\Tristan\git\Green3\lib\weka-stable-sources.jar;C:\Users\Tristan\git\Green3\lib\weka-stable.jar;C:\Users\Tristan\git\Green3\lib\weka.jar;C:\Users\Tristan\Documents\eclipse\plugins\org.apache.ant_1.9.4.v201504302020\lib\ant-launcher.jar;C:\Users\Tristan\Documents\eclipse\plugins\org.apache.ant_1.9.4.v201504302020\lib\ant.jar;C:\Users\Tristan\Documents\eclipse\plugins\org.apache.ant_1.9.4.v201504302020\lib\ant-junit.jar;C:\Users\Tristan\Documents\eclipse\plugins\org.apache.ant_1.9.4.v201504302020\lib\ant-junit4.jar" />
    <property name="ant.version" value="Apache Ant(TM) version 1.9.4 compiled on April 29 2014" />
    <property name="TSTAMP" value="1451" />
    <property name="ivy.install.version" value="2.3.0" />
    <property name="java.vm.specification.name" value="Java Virtual Machine Specification" />
    <property name="java.vm.specification.version" value="1.8" />
    <property name="sun.cpu.endian" value="little" />
    <property name="sun.os.patch.level" value="" />
    <property name="src.test" value="C:\Users\Tristan\git\Green3\src\test\java\edu\odu\cs\cs350\namex" />
    <property name="eclipse.pdebuild.home" value="/C:/Users/Tristan/Documents/eclipse/plugins/org.eclipse.pde.build_3.9.100.v20150521-1524/./" />
    <property name="java.io.tmpdir" value="C:\Users\Tristan\AppData\Local\Temp\" />
    <property name="java.vendor.url.bug" value="http://bugreport.sun.com/bugreport/" />
    <property name="os.arch" value="amd64" />
    <property name="java.awt.graphicsenv" value="sun.awt.Win32GraphicsEnvironment" />
    <property name="java.ext.dirs" value="C:\Program Files\Java\jre1.8.0_73\lib\ext;C:\WINDOWS\Sun\Java\lib\ext" />
    <property name="user.dir" value="C:\Users\Tristan\git\Green3" />
    <property name="ivy.jar.file" value="C:\Users\Tristan\git\Green3/ivy/ivy.jar" />
    <property name="ant.file.PNE" value="C:\Users\Tristan\git\Green3\build.xml" />
    <property name="line.separator" value="&#xd;&#xa;" />
    <property name="java.vm.name" value="Java HotSpot(TM) 64-Bit Server VM" />
    <property name="basedir" value="C:\Users\Tristan\git\Green3" />
    <property name="ant.java.version" value="1.8" />
    <property name="ant.core.lib" value="C:\Users\Tristan\Documents\eclipse\plugins\org.apache.ant_1.9.4.v201504302020\lib\ant.jar" />
    <property name="file.encoding" value="Cp1252" />
    <property name="java.specification.version" value="1.8" />
    <property name="ant.project.invoked-targets" value="init,compile,compile-tests,test,build" />
  </properties>
  <testcase classname="edu.odu.cs.cs350.namex.TestTrainer" name="testPrepareData" time="5.187" />
  <testcase classname="edu.odu.cs.cs350.namex.TestTrainer" name="testPrepareShingleData" time="12.469" />
  <testcase classname="edu.odu.cs.cs350.namex.TestTrainer" name="testTrainLM" time="0.026" />
  <testcase classname="edu.odu.cs.cs350.namex.TestTrainer" name="testTrainer" time="0.0" />
  <testcase classname="edu.odu.cs.cs350.namex.TestTrainer" name="testTokenize" time="0.0" />
  <testcase classname="edu.odu.cs.cs350.namex.TestTrainer" name="testSaveLoadLM" time="6.144" />
  <testcase classname="edu.odu.cs.cs350.namex.TestTrainer" name="testShingle" time="4.598" />
  <testcase classname="edu.odu.cs.cs350.namex.TestTrainer" name="testGetTokenCount" time="0.005">
    <failure message="expected:&lt;3&gt; but was:&lt;1&gt;" type="junit.framework.AssertionFailedError">junit.framework.AssertionFailedError: expected:&lt;3&gt; but was:&lt;1&gt;
	at edu.odu.cs.cs350.namex.TestTrainer.testGetTokenCount(TestTrainer.java:144)
</failure>
  </testcase>
  <system-out><![CDATA[*******************************
 Generating ARFF Training Data
*******************************

 Input FilePath: C:\Users\Tristan\git\Green3/data/training/trainingData.txt
Output FilePath: C:\Users\Tristan\git\Green3/data/arff/trainingData.arff

Classifying Tokens from 19956 TextBlocks...

*******************************
      Evaluation Summary
*******************************

Correctly Classified Instances      207442               91.5301 %
Incorrectly Classified Instances     19196                8.4699 %
Kappa statistic                          0.499 
Mean absolute error                      0.059 
Root mean squared error                  0.1913
Relative absolute error                 63.9147 %
Root relative squared error             89.0105 %
Total Number of Instances           226638     

Created: C:\Users\Tristan\git\Green3/data/arff/trainingData.arff
true

Shingling 19956 TextBlocks...

*******************************
      Evaluation Summary
*******************************

Correctly Classified Instances       99577               92.6306 %
Incorrectly Classified Instances      7922                7.3694 %
Kappa statistic                          0.6162
Mean absolute error                      0.0793
Root mean squared error                  0.2473
Relative absolute error                 51.4462 %
Root relative squared error             89.11   %
Total Number of Instances           107499     

Created: C:\Users\Tristan\git\Green3/data/arff/shingling_training_k3_2.arff
Elapsed Time: 12 seconds.

*******************************
      Evaluation Summary
*******************************

Correctly Classified Instances      207442               91.5301 %
Incorrectly Classified Instances     19196                8.4699 %
Kappa statistic                          0.499 
Mean absolute error                      0.059 
Root mean squared error                  0.1913
Relative absolute error                 63.9147 %
Root relative squared error             89.0105 %
Total Number of Instances           226638     

Loaded LearningMachine: C:\Users\Tristan\git\Green3/learning_machines/lm_1.ser

*******************************
      Evaluation Summary
*******************************

Correctly Classified Instances       99577               92.6306 %
Incorrectly Classified Instances      7922                7.3694 %
Kappa statistic                          0.6162
Mean absolute error                      0.0793
Root mean squared error                  0.2473
Relative absolute error                 51.4462 %
Root relative squared error             89.11   %
Total Number of Instances           107499     

         Lexemes:   null null null null null The George Washington University is where 
 Classifications:   other other other other other continuing beginning beginning other other other 
   Contains Name:   no
             Yes:   3%
              No:   97%

         Lexemes:   null null null null The George Washington University is where I 
 Classifications:   other other other other continuing beginning beginning other other other continuing 
   Contains Name:   yes
             Yes:   98%
              No:   2%

         Lexemes:   null null null The George Washington University is where I will 
 Classifications:   other other other continuing beginning beginning other other other continuing other 
   Contains Name:   yes
             Yes:   100%
              No:   0%

         Lexemes:   null null The George Washington University is where I will be 
 Classifications:   other other continuing beginning beginning other other other continuing other other 
   Contains Name:   yes
             Yes:   100%
              No:   0%

         Lexemes:   null The George Washington University is where I will be attending 
 Classifications:   other continuing beginning beginning other other other continuing other other other 
   Contains Name:   yes
             Yes:   100%
              No:   0%

         Lexemes:   The George Washington University is where I will be attending in 
 Classifications:   continuing beginning beginning other other other continuing other other other beginning 
   Contains Name:   yes
             Yes:   100%
              No:   0%

         Lexemes:   George Washington University is where I will be attending in the 
 Classifications:   beginning beginning other other other continuing other other other beginning other 
   Contains Name:   yes
             Yes:   100%
              No:   0%

         Lexemes:   Washington University is where I will be attending in the fall 
 Classifications:   beginning other other other continuing other other other beginning other other 
   Contains Name:   yes
             Yes:   76%
              No:   24%

         Lexemes:   University is where I will be attending in the fall . 
 Classifications:   other other other continuing other other other beginning other other other 
   Contains Name:   no
             Yes:   1%
              No:   99%

         Lexemes:   is where I will be attending in the fall . null 
 Classifications:   other other continuing other other other beginning other other other other 
   Contains Name:   yes
             Yes:   55%
              No:   45%

         Lexemes:   where I will be attending in the fall . null null 
 Classifications:   other continuing other other other beginning other other other other other 
   Contains Name:   no
             Yes:   35%
              No:   65%

         Lexemes:   I will be attending in the fall . null null null 
 Classifications:   continuing other other other beginning other other other other other other 
   Contains Name:   no
             Yes:   49%
              No:   51%

         Lexemes:   will be attending in the fall . null null null null 
 Classifications:   other other other beginning other other other other other other other 
   Contains Name:   no
             Yes:   8%
              No:   92%

         Lexemes:   be attending in the fall . null null null null null 
 Classifications:   other other beginning other other other other other other other other 
   Contains Name:   no
             Yes:   1%
              No:   99%

Elapsed Time: 4 seconds.
]]></system-out>
  <system-err><![CDATA[]]></system-err>
</testsuite>
